1511540066.808		306753	222872	24	83774	83	151718	120	794	0	301
1511540066.893		292684	211188	22	81423	51	150570	90	812	0	200
1511540066.992		293502	210039	21	83402	40	152251	140	620	0	200
1511540067.093		290969	211031	22	79883	33	149060	90	812	0	200
1511540067.193		289635	207321	23	82253	38	150210	140	627	0	200
1511540067.293		287621	207585	31	79974	31	147966	90	991	0	200
1511540067.393		291927	208728	22	83137	40	151415	158	621	0	200
1511540067.492		290024	207424	22	82538	40	150477	120	794	0	301
1511540067.592		291054	211395	22	79601	36	148761	90	812	0	200
1511540067.693		295084	211609	20	83423	32	152563	140	620	0	200
1511540067.793		286176	208859	23	77263	31	145594	90	812	0	200
1511540067.892		291075	209512	20	81509	34	150167	140	627	0	200
1511540067.993		288710	209730	22	78933	25	147740	90	991	0	200
1511540068.093		292816	210986	18	81774	38	150904	158	621	0	200
1511540068.193		289919	209355	21	80506	37	149259	120	794	0	301
1511540068.292		287821	209568	24	78188	41	146950	90	812	0	200
1511540068.392		291916	209860	23	81995	38	150738	140	620	0	200
1511540068.492		286714	208619	22	78042	31	146430	90	812	0	200
1511540068.592		291785	210122	22	81595	46	149971	140	627	0	200
1511540068.693		286075	207862	20	78152	41	146130	90	991	0	200
1511540068.792		296009	211253	29	84682	45	153829	158	621	0	200
1511540068.892		288749	207853	25	80809	62	148784	120	794	0	301
1511540068.992		287390	208815	23	78521	31	146849	90	812	0	200
1511540069.093		285744	207646	30	78031	37	145964	140	620	0	200
1511540069.192		290258	211140	22	79055	41	148239	90	812	0	200
1511540069.292		294888	211980	27	82842	39	151990	140	627	0	200
1511540069.393		292448	211520	24	80874	30	149991	90	991	0	200
1511540069.493		292362	209882	23	82415	42	151152	158	621	0	200
1511540069.592		289925	208541	20	81330	34	149724	120	794	0	301
1511540069.693		288796	210066	21	78658	51	147416	90	812	0	200
1511540069.793		288507	207471	16	80981	39	149045	140	620	0	200
1511540069.892		288492	210129	22	78310	31	147125	90	812	0	200
1511540069.993		289738	208518	22	81161	37	149436	140	627	0	200
1511540070.092		283884	207524	20	76309	31	144218	90	991	0	200
1511540070.193		290947	208673	21	82221	32	150649	158	621	0	200
1511540070.292		289970	208629	28	81273	40	149670	120	794	0	301
1511540070.393		287203	210704	23	76443	33	145819	90	812	0	200
1511540070.492		292646	210343	21	82243	39	151029	140	620	0	200
1511540070.593		289362	209979	21	79328	34	148021	90	812	0	200
1511540070.692		292363	211110	22	81184	47	150260	140	627	0	200
1511540070.793		288111	209619	26	78434	32	147133	90	991	0	200
1511540070.892		294681	211140	23	83478	40	152639	158	621	0	200
1511540070.992		296824	209901	21	86860	42	155500	120	794	0	301
1511540071.093		288152	209143	22	78947	40	147511	90	812	0	200
1511540071.193		289233	208522	22	80657	32	148909	140	620	0	200
1511540071.292		286708	208443	19	78214	32	146611	90	812	0	200
1511540071.393		287351	206363	18	80932	38	148786	140	627	0	200
1511540071.493		287687	208599	23	79027	38	147381	90	991	0	200
1511540071.592		290878	209405	23	81407	43	150033	158	621	0	200
1511540071.692		294254	211332	23	82856	43	152050	120	794	0	301
1511540071.792		290486	211422	20	79016	28	147884	90	812	0	200
1511540071.893		302269	207858	24	94338	49	162266	140	620	0	200
1511540071.993		288218	209844	27	78316	31	146945	90	812	0	200
1511540072.093		292541	210012	23	82468	38	151264	140	627	0	200
1511540072.192		288175	210143	22	77982	28	146746	90	991	0	200
1511540072.292		292486	210061	23	82361	41	151152	158	621	0	200
1511540072.393		287799	208803	21	78937	38	147306	120	794	0	301
1511540072.492		284081	206713	21	77306	41	145209	90	812	0	200
1511540072.592		290188	207986	24	82142	36	150414	140	620	0	200
1511540072.693		286932	208383	23	78492	34	146714	90	812	0	200
1511540072.793		294484	210919	23	83504	38	152602	140	627	0	200
1511540072.893		287016	208513	23	78448	32	146852	90	991	0	200
1511540072.993		290449	208446	23	81937	43	150324	158	621	0	200
1511540073.093		288502	207607	26	80828	41	148774	120	794	0	301
1511540073.193		289822	210767	21	79006	28	148189	90	812	0	200
1511540073.293		289365	208970	23	80334	38	148916	140	620	0	200
1511540073.392		288673	210161	22	78457	33	147328	90	812	0	200
1511540073.492		292008	209936	23	82010	39	150813	140	627	0	200
1511540073.592		286586	208554	21	77982	29	146337	90	991	0	200
1511540073.693		292945	211284	17	81580	64	150223	158	621	0	200
1511540073.792		287909	207185	24	80652	48	148476	120	794	0	301
1511540073.893		288510	209908	21	78553	28	147270	90	812	0	200
1511540073.993		291641	208636	23	82940	42	151178	140	620	0	200
1511540074.092		286956	208643	22	78260	31	146692	90	812	0	200
1511540074.192		291026	209015	23	81951	37	150490	140	627	0	200
1511540074.293		286437	208610	22	77774	31	146097	90	991	0	200
1511540074.392		294254	211162	22	83024	46	152181	158	621	0	200
1511540074.492		287692	208696	25	78929	42	147278	120	794	0	301
1511540074.593		289933	210462	27	79410	34	148204	90	812	0	200
1511540074.692		294250	211483	21	82707	39	151940	140	620	0	200
1511540074.793		283138	207414	64	75624	36	143573	90	812	0	200
1511540074.892		290271	208923	23	81287	38	149693	140	627	0	200
1511540074.993		291293	212430	24	78808	31	147941	90	991	0	200
1511540075.093		290636	208667	21	81910	38	150211	158	621	0	200
1511540075.192		289821	208485	25	81272	39	149534	120	794	0	301
1511540075.293		289391	210990	23	78337	41	146534	90	812	0	200
1511540075.392		290216	208910	22	81246	38	149489	140	620	0	200
1511540075.492		286737	208324	22	78356	35	146538	90	812	0	200
1511540075.592		292755	211007	20	81696	32	150896	140	627	0	200
1511540075.692		288762	210220	22	78490	30	147246	90	991	0	200
1511540075.792		292429	210566	22	81726	115	150797	158	621	0	200
1511540075.893		289220	207691	26	81460	43	149829	120	794	0	301
1511540075.993		286699	208251	24	78393	31	146740	90	812	0	200
1511540076.092		293454	210159	20	83237	38	151931	140	620	0	200
1511540076.193		289826	209986	23	79787	30	148608	90	812	0	200
1511540076.293		294668	210774	23	83832	39	152973	140	627	0	200
1511540076.392		288350	208697	22	79600	31	147992	90	991	0	200
1511540076.493		291763	208869	24	82830	40	151150	158	621	0	200
1511540076.593		288743	208854	21	79824	44	148208	120	794	0	301
1511540076.693		286298	208518	31	77717	32	146007	90	812	0	200
1511540076.793		292411	210131	25	82218	37	151067	140	620	0	200
1511540076.893		286464	207188	20	79225	31	147177	90	812	0	200
1511540076.992		290869	208192	20	82608	49	150987	140	627	0	200
1511540077.092		286231	209060	21	77104	46	145827	90	991	0	200
1511540077.192		291044	208957	21	82029	37	150781	158	621	0	200
1511540077.293		290866	209195	21	81609	41	150231	120	794	0	301
1511540077.392		285274	207878	29	77334	33	145798	90	812	0	200
1511540077.492		293076	210049	22	82964	41	151628	140	620	0	200
1511540077.593		285461	208060	24	77349	28	145656	90	812	0	200
1511540077.693		291723	209510	20	82153	40	150728	140	627	0	200
1511540077.793		287054	208680	22	78321	31	146626	90	991	0	200
1511540077.892		296554	211950	21	84546	37	152979	158	621	0	200
1511540077.992		287795	207333	24	80398	40	148311	120	794	0	301
1511540078.093		287436	209394	21	77987	34	146644	90	812	0	200
1511540078.193		292444	210082	24	82300	38	150914	140	620	0	200
1511540078.292		290048	210931	23	79056	38	148200	90	812	0	200
1511540078.392		293489	211699	23	81730	37	150872	140	627	0	200
1511540078.492		286684	208836	29	77789	30	146142	90	991	0	200
1511540078.592		292053	209897	23	82093	40	150872	158	621	0	200
1511540078.692		288832	207784	23	80984	41	149301	120	794	0	301
1511540078.792		285655	207433	23	78169	30	146039	90	812	0	200
1511540078.893		292080	210014	23	82003	40	150921	140	620	0	200
1511540078.992		288526	210460	22	78013	31	146798	90	812	0	200
1511540079.092		289613	207505	22	82052	34	149987	140	627	0	200
1511540079.193		287370	208775	29	78536	30	146864	90	991	0	200
1511540079.293		290864	208857	22	81947	38	150215	158	621	0	200
1511540079.393		289566	208637	27	80863	39	149178	120	794	0	301
1511540079.492		289271	209947	21	79266	37	148078	90	812	0	200
1511540079.592		291296	208843	21	82388	44	150780	140	620	0	200
1511540079.692		287960	210350	18	77560	32	146349	90	812	0	200
1511540079.792		293945	210552	23	83328	42	152396	140	627	0	200
1511540079.892		286362	208568	22	77727	45	146067	90	991	0	200
1511540079.993		291306	209054	22	82194	36	150484	158	621	0	200
1511540080.093		292054	210074	21	81920	39	150783	120	794	0	301
1511540080.193		287340	208662	32	78615	31	146962	90	812	0	200
1511540080.293		290846	209694	23	81089	40	149802	140	620	0	200
1511540080.393		286912	208642	20	78218	32	146555	90	812	0	200
1511540080.492		290022	208392	21	81571	38	149840	140	627	0	200
1511540080.592		286289	208455	22	77780	32	146063	90	991	0	200
1511540080.693		290604	209781	33	80744	46	149383	158	621	0	200
1511540080.792		291438	210018	14	81359	47	150160	120	794	0	301
1511540080.892		288366	209697	24	78573	72	147284	90	812	0	200
1511540080.992		285769	207367	28	78342	32	146200	140	620	0	200
1511540081.093		294164	210857	23	83250	34	152327	90	812	0	200
1511540081.193		290947	208577	24	82308	38	150635	140	627	0	200
1511540081.292		286640	209116	15	77477	32	146292	90	991	0	200
1511540081.392		290958	208271	24	82625	38	150997	158	621	0	200
1511540081.492		291252	210016	20	81175	41	149904	120	794	0	301
1511540081.592		288538	209462	21	79022	33	147644	90	812	0	200
1511540081.692		293317	210739	59	82481	38	150829	140	620	0	200
1511540081.792		291884	209323	22	82505	34	151090	90	812	0	200
1511540081.892		293648	209695	25	83879	49	152508	140	627	0	200
1511540081.992		288783	208764	21	79967	31	148207	90	991	0	200
1511540082.093		292761	209999	24	82701	37	151438	158	621	0	200
1511540082.193		298788	218957	22	79775	34	148058	120	794	0	301
1511540082.293		288839	209855	22	78922	40	147654	90	812	0	200
1511540082.392		291678	209934	21	81679	44	150388	140	620	0	200
1511540082.493		287298	208887	22	78350	39	146688	90	812	0	200
1511540082.593		290593	208735	18	81799	41	150164	140	627	0	200
1511540082.693		286229	207962	24	78202	41	146127	90	991	0	200
1511540082.793		290709	207096	22	83556	35	151498	158	621	0	200
1511540082.892		292623	209966	62	82555	40	151282	120	794	0	301
1511540082.992		287895	209029	22	78814	30	147187	90	812	0	200
1511540083.092		291424	209081	22	82278	43	150690	140	620	0	200
1511540083.193		287399	208790	22	78553	34	146807	90	812	0	200
1511540083.292		291202	209233	23	81906	40	150258	140	627	0	200
1511540083.393		289120	210179	25	78885	31	147575	90	991	0	200
1511540083.492		291567	210067	23	81427	50	150209	158	621	0	200
1511540083.592		289852	209025	21	80774	32	149243	120	794	0	301
1511540083.693		291453	211357	24	80040	32	149157	90	812	0	200
1511540083.793		293466	208848	21	84559	38	152895	140	620	0	200
1511540083.892		287410	209132	23	78222	33	146621	90	812	0	200
1511540083.992		292363	210503	23	81786	51	150574	140	627	0	200
1511540084.093		303363	224207	31	79092	33	147832	90	991	0	200
1511540084.193		290695	208995	20	81639	41	150088	158	621	0	200
1511540084.292		291171	210103	21	81008	39	149708	120	794	0	301
1511540084.393		287573	208842	24	78676	31	146981	90	812	0	200
1511540084.492		290923	208760	22	82106	35	150045	140	620	0	200
1511540084.592		288361	209756	17	78558	30	147187	90	812	0	200
1511540084.693		291815	210020	24	81733	38	150479	140	627	0	200
1511540084.793		288369	209849	22	78464	34	147196	90	991	0	200
1511540084.893		292485	209597	23	82827	38	151460	158	621	0	200
1511540084.992		289719	208735	21	80924	39	149132	120	794	0	301
1511540085.092		289821	210663	21	79096	41	147932	90	812	0	200
1511540085.193		293172	210890	23	82221	38	151305	140	620	0	200
1511540085.293		289329	210190	19	79089	31	147890	90	812	0	200
1511540085.393		314092	231638	25	82379	50	151520	140	627	0	200
1511540085.493		285275	208499	20	76734	22	145330	90	991	0	200
1511540085.593		290403	209203	20	81147	33	149782	158	621	0	200
1511540085.693		289121	209103	23	79959	36	148331	120	794	0	301
1511540085.792		286603	208389	18	78167	29	146398	90	812	0	200
1511540085.892		287110	206795	21	80254	40	148126	140	620	0	200
1511540085.993		286737	208939	22	77745	31	146073	90	812	0	200
1511540086.093		290214	207861	95	82218	40	150163	140	627	0	200
1511540086.193		288517	209772	21	78683	41	147368	90	991	0	200
1511540086.292		289522	208848	24	80608	42	148927	158	621	0	200
1511540086.392		292395	211061	20	81262	52	150424	120	794	0	301
1511540086.492		286118	208849	20	77208	41	145661	90	812	0	200
1511540086.593		289078	208553	20	80467	38	148823	140	620	0	200
1511540086.692		290190	209025	22	81114	29	149373	90	812	0	200
1511540086.792		289968	208437	22	81466	43	149881	140	627	0	200
1511540086.892		286436	207635	28	78742	31	147174	90	991	0	200
1511540086.992		287755	208681	22	79012	40	147345	158	621	0	200
1511540087.092		289412	207469	24	81882	37	150198	120	794	0	301
1511540087.193		303155	224191	22	78911	31	147174	90	812	0	200
1511540087.293		288869	207760	20	81055	34	149079	140	620	0	200
1511540087.393		287603	209033	22	78506	42	146849	90	812	0	200
1511540087.492		291386	208668	26	82652	40	150985	140	627	0	200
1511540087.593		288895	210040	19	78805	31	147514	90	991	0	200
1511540087.692		293234	210709	23	82464	38	150865	158	621	0	200
1511540087.792		293052	210291	23	82699	39	151445	120	794	0	301
1511540087.893		290535	210924	21	79558	32	148636	90	812	0	200
1511540087.992		294686	210096	25	84524	41	153334	140	620	0	200
1511540088.092		289270	210051	21	79166	32	147947	90	812	0	200
1511540088.192		291044	208861	21	82125	37	150480	140	627	0	200
1511540088.292		287475	208762	19	78663	31	146969	90	991	0	200
1511540088.392		292097	209427	22	82610	38	151346	158	621	0	200
1511540088.492		291348	208899	22	82387	40	150742	120	794	0	301
1511540088.593		289372	210057	22	79257	36	148028	90	812	0	200
1511540088.692		291230	209073	21	82095	41	150438	140	620	0	200
1511540088.792		288564	210292	22	78220	30	147070	90	812	0	200
1511540088.892		289486	207601	20	81820	45	149772	140	627	0	200
1511540088.992		287652	208243	20	79360	29	147735	90	991	0	200
1511540089.093		291102	210434	23	80606	39	149393	158	621	0	200
1511540089.193		292948	211078	23	81808	39	151016	120	794	0	301
1511540089.293		285087	208328	22	76699	38	145017	90	812	0	200
1511540089.393		291663	208194	22	83416	31	151836	140	620	0	200
1511540089.492		284429	206671	15	77711	32	145606	90	812	0	200
1511540089.592		287004	206714	19	80234	37	148103	140	627	0	200
1511540089.692		288156	209596	23	78505	32	147190	90	991	0	200
1511540089.793		291168	209161	20	81948	39	150573	158	621	0	200
1511540089.892		290081	208716	22	81250	93	149565	120	794	0	301
1511540089.992		287837	208857	22	78924	34	147269	90	812	0	200
1511540090.093		284530	206088	21	78304	117	146222	140	620	0	200
1511540090.192		283362	206733	21	76579	29	144557	90	812	0	200
1511540090.292		291211	209099	23	82051	38	150830	140	627	0	200
1511540090.393		289199	209655	24	79488	32	148306	90	991	0	200
1511540090.492		289948	210144	23	79743	38	148490	158	621	0	200
1511540090.592		289233	208855	19	80325	34	148715	120	794	0	301
1511540090.693		289062	209967	21	79041	33	147636	90	812	0	200
1511540090.792		290501	208260	24	82182	35	150949	140	620	0	200
1511540090.893		290193	211224	24	78914	31	147696	90	812	0	200
1511540090.993		291141	208885	23	82194	39	150529	140	627	0	200
1511540091.093		296081	207465	21	88557	38	156572	90	991	0	200
1511540091.193		292118	209407	52	82620	39	151263	158	621	0	200
1511540091.293		289792	208199	22	81533	38	149928	120	794	0	301
1511540091.392		287230	208212	23	78953	42	147246	90	812	0	200
1511540091.493		289881	208035	22	81784	40	150187	140	620	0	200
1511540091.593		287388	208867	22	78467	32	146896	90	812	0	200
1511540091.692		294727	211536	20	83131	40	152254	140	627	0	200
1511540091.792		288406	209041	27	79307	31	147961	90	991	0	200
1511540091.893		296450	211285	22	85095	48	154226	158	621	0	200
1511540091.993		291200	210173	75	80913	39	149586	120	794	0	301
1511540092.093		284820	209868	23	74887	42	143628	90	812	0	200
1511540092.193		287970	207671	15	80234	50	148613	140	620	0	200
1511540092.293		285189	209016	20	76122	31	144697	90	812	0	200
1511540092.393		285287	206347	21	78870	49	146738	140	627	0	200
1511540092.493		285043	207213	23	77766	41	145721	90	991	0	200
1511540092.592		291130	209528	21	81534	47	150182	158	621	0	200
1511540092.692		288756	210174	22	78519	41	147309	120	794	0	301
1511540092.792		288223	209401	28	78763	31	147423	90	812	0	200
1511540092.892		289187	207716	24	81412	35	149749	140	620	0	200
1511540092.992		287211	208819	22	78338	32	146619	90	812	0	200
1511540093.092		292123	209947	22	82113	41	150846	140	627	0	200
1511540093.192		289058	209693	19	79313	33	148051	90	991	0	200
1511540093.293		292551	208261	23	84227	40	152562	158	621	0	200
1511540093.392		290596	208722	22	81796	56	150156	120	794	0	301
1511540093.492		286539	207807	27	78672	33	147063	90	812	0	200
1511540093.593		305961	226488	25	79407	41	147326	140	620	0	200
1511540093.693		286819	208907	14	77866	32	146159	90	812	0	200
1511540093.792		291935	209033	19	82846	37	151206	140	627	0	200
1511540093.892		289009	210512	24	78443	30	147578	90	991	0	200
1511540093.993		290410	208709	29	81635	37	150004	158	621	0	200
1511540094.093		294263	212167	25	82033	38	150754	120	794	0	301
1511540094.192		287036	208862	21	78072	81	146463	90	812	0	200
1511540094.293		287593	208626	22	78908	37	147240	140	620	0	200
1511540094.393		283752	207474	25	76221	32	144159	90	812	0	200
1511540094.493		289909	207855	24	81997	33	150245	140	627	0	200
1511540094.593		285611	208427	19	77136	29	145486	90	991	0	200
1511540094.693		289093	207723	20	81305	45	149558	158	621	0	200
1511540094.792		290795	208927	27	81806	35	150462	120	794	0	301
1511540094.893		287776	208652	22	79071	31	147287	90	812	0	200
1511540094.993		295179	211149	22	83958	50	153018	140	620	0	200
1511540095.093		287398	208712	19	78636	31	147030	90	812	0	200
1511540095.192		295493	209935	22	85496	40	154284	140	627	0	200
1511540095.292		288653	209856	25	78742	30	147497	90	991	0	200
1511540095.392		288527	207106	22	81355	44	149297	158	621	0	200
1511540095.492		289356	208135	24	81156	41	149395	120	794	0	301
1511540095.593		285836	207454	28	78314	40	146350	90	812	0	200
1511540095.693		289896	207920	22	81918	36	149871	140	620	0	200
1511540095.793		290625	211068	32	79471	54	148561	90	812	0	200
1511540095.892		289111	207525	24	81522	40	149428	140	627	0	200
1511540095.993		287713	208942	25	78714	32	146967	90	991	0	200
1511540096.093		289536	207792	25	81675	44	149668	158	621	0	200
1511540096.192		291494	209779	23	81653	39	150339	120	794	0	301
1511540096.292		291062	211260	24	79749	29	148887	90	812	0	200
1511540096.392		295703	210047	22	85593	41	154365	140	620	0	200
1511540096.492		286576	208669	21	77854	32	146146	90	812	0	200
1511540096.592		289112	207707	17	81342	46	149289	140	627	0	200
1511540096.693		286868	208829	31	77978	30	145865	90	991	0	200
1511540096.792		288481	207468	23	80949	41	148839	158	621	0	200
1511540096.892		289851	208263	21	81523	44	149751	120	794	0	301
1511540096.993		287955	208810	19	79087	39	147414	90	812	0	200
1511540097.093		293488	208755	23	84671	39	153018	140	620	0	200
1511540097.193		287337	209791	23	77486	37	146116	90	812	0	200
1511540097.293		292359	211255	21	81043	40	149820	140	627	0	200
1511540097.393		287885	209747	22	78086	30	146799	90	991	0	200
1511540097.492		294361	211029	22	83271	39	152380	158	621	0	200
1511540097.593		291486	209612	18	81820	36	150511	120	794	0	301
1511540097.693		285663	208210	21	77398	34	145448	90	812	0	200
1511540097.792		288388	207384	24	80938	42	148859	140	620	0	200
1511540097.893		288335	209698	21	78587	29	147290	90	812	0	200
1511540097.993		293894	211206	22	82558	108	151736	140	627	0	200
1511540098.093		284512	207579	22	76873	38	144796	90	991	0	200
1511540098.192		291864	209623	20	82182	39	150786	158	621	0	200
1511540098.292		288035	208451	22	79520	42	147744	120	794	0	301
1511540098.392		285454	208534	22	76866	32	145079	90	812	0	200
1511540098.493		290102	208132	21	81904	45	150191	140	620	0	200
1511540098.592		290537	210834	19	79648	36	148812	90	812	0	200
1511540098.692		292616	210321	14	82251	30	151014	140	627	0	200
1511540098.793		288156	208942	17	79169	28	147593	90	991	0	200
1511540098.892		293234	210085	21	83089	39	151762	158	621	0	200
1511540098.993		291303	210081	25	81158	39	149900	120	794	0	301
1511540099.093		292052	210465	20	81537	30	150447	90	812	0	200
1511540099.192		290624	209579	21	80987	37	149612	140	620	0	200
1511540099.293		287634	208746	22	78834	32	147111	90	812	0	200
1511540099.393		291585	208975	24	82548	38	150832	140	627	0	200
1511540099.493		285664	207589	23	78022	30	145945	90	991	0	200
1511540099.592		289699	207623	24	82011	41	149963	158	621	0	200
1511540099.692		294642	211589	20	82995	38	152128	120	794	0	301
1511540099.793		287518	208920	36	78523	39	147016	90	812	0	200
1511540099.893		289408	207647	23	81699	39	149648	140	620	0	200
1511540099.992		285386	207465	22	77869	30	145733	90	812	0	200
1511540100.093		293795	211156	22	82579	38	151809	140	627	0	200
1511540100.193		286374	209082	21	77239	32	145563	90	991	0	200
1511540100.293		290913	208974	21	81879	39	150318	158	621	0	200
1511540100.393		293984	209120	39	84784	41	153150	120	794	0	301
1511540100.493		286892	210345	24	76478	45	144823	90	812	0	200
1511540100.593		289805	207928	29	81805	43	149924	140	620	0	200
1511540100.692		286351	208436	22	77862	31	145903	90	812	0	200
1511540100.793		289519	208525	21	80935	38	149256	140	627	0	200
1511540100.892		287669	208984	22	78632	31	147006	90	991	0	200
1511540100.993		292003	208513	21	83429	40	151878	158	621	0	200
1511540101.092		289799	208488	22	81253	36	149609	120	794	0	301
1511540101.193		287705	208947	22	78703	33	147132	90	812	0	200
1511540101.293		288254	209126	21	79067	40	147517	140	620	0	200
1511540101.393		287987	209823	21	78111	32	146884	90	812	0	200
1511540101.493		293566	211582	23	81922	39	151098	140	627	0	200
1511540101.593		290593	210309	21	80237	26	149417	90	991	0	200
1511540101.693		288542	208164	20	80307	51	148243	158	621	0	200
1511540101.793		288899	208422	22	80417	38	148598	120	794	0	301
1511540101.892		287703	210097	23	77551	32	146681	90	812	0	200
1511540101.992		291785	210097	31	81617	40	150630	140	620	0	200
1511540102.092		288455	210104	28	78294	29	146974	90	812	0	200
1511540102.193		287161	209231	23	77869	38	146190	140	627	0	200
1511540102.293		283508	206345	21	77055	87	144927	90	991	0	200
1511540102.393		285397	207955	22	77380	40	145613	158	621	0	200
1511540102.492		288931	209015	24	79854	38	148256	120	794	0	301
1511540102.593		284745	208619	20	76065	41	144419	90	812	0	200
1511540102.692		292196	209232	23	82902	39	151601	140	620	0	200
1511540102.793		284733	208635	22	76039	37	144338	90	812	0	200
1511540102.893		290806	211124	24	79618	40	148746	140	627	0	200
1511540102.992		287494	209144	29	78289	32	147008	90	991	0	200
1511540103.093		289364	210211	21	79089	43	148311	158	621	0	200
1511540103.193		286531	208435	22	78034	40	146359	120	794	0	301
1511540103.293		287717	209540	20	78124	33	146809	90	812	0	200
1511540103.392		285821	207243	22	78518	38	146764	140	620	0	200
1511540103.492		283842	206525	19	77266	32	145146	90	812	0	200
1511540103.593		288962	208658	20	80252	32	148473	140	627	0	200
1511540103.693		290099	211561	21	78486	31	147205	90	991	0	200
1511540103.792		290766	209741	21	80958	46	149656	158	621	0	200
1511540103.892		288073	207426	23	80576	48	148816	120	794	0	301
1511540103.992		286170	208008	20	78111	31	146385	90	812	0	200
1511540104.093		289728	207984	21	81680	43	150101	140	620	0	200
1511540104.192		288364	210299	22	78001	42	147114	90	812	0	200
1511540104.293		291036	208890	15	82091	40	150498	140	627	0	200
1511540104.393		289343	210409	29	78862	43	147929	90	991	0	200
1511540104.493		289664	208765	15	80844	40	149439	158	621	0	200
1511540104.593		288534	207688	24	80782	40	149013	120	794	0	301
1511540104.693		286914	208871	21	77991	31	146302	90	812	0	200
1511540104.792		292236	210017	22	82158	39	150904	140	620	0	200
1511540104.892		286819	208969	23	77797	30	146144	90	812	0	200
1511540104.992		291323	208964	24	82292	43	150660	140	627	0	200
1511540105.092		287816	209313	20	78451	32	147224	90	991	0	200
1511540105.192		290304	208641	21	81595	47	149866	158	621	0	200
1511540105.292		294570	211302	23	83184	61	152304	120	794	0	301
1511540105.393		286938	208841	22	78044	31	146457	90	812	0	200
1511540105.492		295000	210751	22	84178	49	153365	140	620	0	200
1511540105.592		288808	209770	21	78991	26	147784	90	812	0	200
1511540105.692		292935	210317	17	82562	39	151312	140	627	0	200
1511540105.793		285378	207267	23	78036	52	145920	90	991	0	200
1511540105.893		294926	211292	22	83570	42	152767	158	621	0	200
1511540105.993		291951	210216	23	81673	39	150467	120	794	0	301
1511540106.092		286599	207949	25	78597	28	146729	90	812	0	200
1511540106.192		290057	207716	22	82268	51	150147	140	620	0	200
1511540106.292		289112	210021	25	79026	40	147723	90	812	0	200
1511540106.392		288028	207308	18	80647	55	148541	140	627	0	200
1511540106.492		287770	208808	20	78910	32	147252	90	991	0	200
1511540106.592		293310	208916	20	84332	42	152654	158	621	0	200
1511540106.692		289939	209326	23	80552	38	148906	120	794	0	301
1511540106.793		288061	209458	29	78523	51	147244	90	812	0	200
1511540106.892		292679	210328	22	82288	41	151010	140	620	0	200
1511540106.993		287157	208951	20	78155	31	146517	90	812	0	200
1511540107.093		293976	208920	20	85000	36	153385	140	627	0	200
1511540107.192		293982	208826	23	85097	36	153452	90	991	0	200
1511540107.292		291379	209649	20	81667	43	150311	158	621	0	200
1511540107.392		289973	208581	20	81334	38	149625	120	794	0	301
1511540107.493		289005	209711	24	79235	35	147797	90	812	0	200
1511540107.592		290934	209240	34	81611	49	149943	140	620	0	200
1511540107.692		288500	210244	18	78206	32	146983	90	812	0	200
1511540107.793		290754	209385	22	81306	41	149998	140	627	0	200
1511540107.893		286973	208825	21	78096	31	146540	90	991	0	200
1511540107.993		290713	208709	23	81941	40	150168	158	621	0	200
1511540108.092		290438	209123	16	81260	39	149856	120	794	0	301
1511540108.193		289231	210356	23	78820	32	147594	90	812	0	200
1511540108.292		292323	210170	23	82046	84	151018	140	620	0	200
1511540108.392		290667	211355	26	79254	32	148352	90	812	0	200
1511540108.492		295230	209746	22	85425	37	154028	140	627	0	200
1511540108.592		282816	207256	14	75515	31	143387	90	991	0	200
1511540108.693		289952	207945	20	81950	37	150226	158	621	0	200
1511540108.793		300694	219125	22	81511	36	149769	120	794	0	301
1511540108.893		288555	209827	22	78670	36	147316	90	812	0	200
1511540108.993		289437	208344	26	81028	39	149205	140	620	0	200
1511540109.092		288370	209763	24	78543	40	147180	90	812	0	200
1511540109.192		289169	207888	22	81217	42	149192	140	627	0	200
1511540109.292		287368	208824	21	78484	39	146912	90	991	0	200
1511540109.393		293837	210982	22	82772	61	151967	158	621	0	200
1511540109.493		291244	209561	22	81620	41	150383	120	794	0	301
1511540109.592		288161	210834	22	77278	27	146441	90	812	0	200
1511540109.693		291065	208881	22	82123	39	150357	140	620	0	200
1511540109.793		286535	208679	23	77787	46	146040	90	812	0	200
1511540109.892		291764	210210	23	81491	40	150207	140	627	0	200
1511540109.993		290573	211257	23	79259	34	148343	90	991	0	200
1511540110.093		290727	208757	22	81906	42	149855	158	621	0	200
1511540110.193		289311	209090	24	80158	39	148484	120	794	0	301
1511540110.292		285806	207440	20	78310	36	146242	90	812	0	200
1511540110.393		291921	209176	23	82683	39	151426	140	620	0	200
1511540110.492		289108	210327	24	78726	31	147477	90	812	0	200
1511540110.593		292256	210133	22	82062	39	150878	140	627	0	200
1511540110.692		289873	210340	22	79480	31	148229	90	991	0	200
1511540110.792		294970	211089	23	83812	46	152918	158	621	0	200
1511540110.893		292121	209853	22	82207	39	150920	120	794	0	301
1511540110.992		288164	211135	22	76973	34	146109	90	812	0	200
1511540111.093		291448	209295	22	82091	40	150530	140	620	0	200
1511540111.193		304424	226128	29	78236	31	146965	90	812	0	200
1511540111.292		289489	207973	24	81445	47	149414	140	627	0	200
1511540111.393		286877	208741	24	78080	32	146534	90	991	0	200
1511540111.492		291388	208594	29	82724	41	150985	158	621	0	200
1511540111.593		288825	207473	21	81293	38	149263	120	794	0	301
1511540111.693		289649	210557	21	79047	24	147521	90	812	0	200
1511540111.792		292372	210077	15	82236	44	151130	140	620	0	200
1511540111.892		292178	210214	23	81903	38	150611	90	812	0	200
1511540111.992		289626	207464	26	82093	43	149960	140	627	0	200
1511540112.092		290295	211290	20	78956	29	148038	90	991	0	200
1511540112.192		297777	210996	20	86726	35	155852	158	621	0	200
1511540112.293		291813	209927	23	81801	62	150476	120	794	0	301
1511540112.392		289703	209906	23	79745	29	148541	90	812	0	200
1511540112.492		291344	208611	22	82673	38	150909	140	620	0	200
1511540112.592		288314	209601	18	78666	29	146968	90	812	0	200
1511540112.692		288426	208060	21	80308	37	148250	140	627	0	200
1511540112.792		285070	207633	26	77383	28	145765	90	991	0	200
1511540112.893		290308	208954	22	81292	40	149671	158	621	0	200
1511540112.993		290547	208997	26	81482	42	149891	120	794	0	301
1511540113.092		286117	207724	21	78277	95	146170	90	812	0	200
1511540113.193		289588	208553	22	80964	49	149184	140	620	0	200
1511540113.293		288537	210333	23	78150	31	146734	90	812	0	200
1511540113.393		292339	208172	23	84104	40	152504	140	627	0	200
1511540113.492		288274	208823	21	79388	42	147719	90	991	0	200
1511540113.592		293999	211444	24	82498	33	151609	158	621	0	200
1511540113.693		290361	209355	23	80941	42	148804	120	794	0	301
1511540113.792		286715	207862	21	78801	31	147068	90	812	0	200
1511540113.893		293443	209887	21	83497	38	152146	140	620	0	200
1511540113.992		285116	207585	22	77478	31	145319	90	812	0	200
1511540114.092		289440	207258	17	82071	94	150011	140	627	0	200
1511540114.193		284956	207314	25	77584	33	145450	90	991	0	200
1511540114.293		289561	208345	15	81163	38	149577	158	621	0	200
1511540114.393		293517	211384	22	82072	39	151136	120	794	0	301
1511540114.493		288684	209039	21	79592	32	147873	90	812	0	200
1511540114.593		292401	209300	22	83038	41	151355	140	620	0	200
1511540114.693		288898	210284	20	78545	49	147295	90	812	0	200
1511540114.792		292243	209643	21	82530	49	151196	140	627	0	200
1511540114.893		287559	209542	21	77957	39	146638	90	991	0	200
1511540114.993		292392	209833	15	82504	40	151154	158	621	0	200
1511540115.092		289717	208691	19	80958	49	149303	120	794	0	301
1511540115.192		288240	208105	52	80051	32	148319	90	812	0	200
1511540115.293		293621	208995	21	84550	55	153106	140	620	0	200
1511540115.393		303948	225100	22	78789	37	147144	90	812	0	200
1511540115.493		292771	209853	23	82846	49	151515	140	627	0	200
1511540115.592		286619	208699	31	77854	35	146222	90	991	0	200
1511540115.692		294133	210385	21	83686	41	152426	158	621	0	200
1511540115.792		292109	210160	21	81884	44	150623	120	794	0	301
1511540115.893		289431	210018	22	79361	30	148101	90	812	0	200
1511540115.992		295309	210187	21	85059	42	153791	140	620	0	200
1511540116.093		291254	209769	24	81429	32	149845	90	812	0	200
1511540116.193		291962	208867	24	83029	42	151400	140	627	0	200
1511540116.293		288963	210160	21	78750	32	147483	90	991	0	200
1511540116.393		291670	208877	26	82724	43	151005	158	621	0	200
1511540116.493		293223	210001	22	83160	40	151486	120	794	0	301
1511540116.593		287116	208408	26	78650	32	146868	90	812	0	200
1511540116.692		297707	210079	23	87565	40	155915	140	620	0	200
1511540116.792		287189	208667	21	78458	43	146849	90	812	0	200
1511540116.892		292733	210230	29	82428	46	151213	140	627	0	200
1511540116.992		287378	208741	19	78589	29	146838	90	991	0	200
1511540117.092		292826	208883	21	83883	39	152263	158	621	0	200
1511540117.192		293759	210047	24	83648	40	152316	120	794	0	301
1511540117.293		289191	210731	23	78402	35	147271	90	812	0	200
1511540117.393		291174	209038	25	82073	38	150426	140	620	0	200
1511540117.493		290621	211105	22	79462	32	148494	90	812	0	200
1511540117.593		294450	208827	21	85560	42	153893	140	627	0	200
1511540117.693		285265	208627	15	76595	28	144908	90	991	0	200
1511540117.792		292165	209899	23	82207	36	150794	158	621	0	200
1511540117.893		293380	210030	28	83271	51	151976	120	794	0	301
1511540117.992		288648	209320	22	79273	33	147894	90	812	0	200
1511540118.092		291916	209850	21	82005	40	150724	140	620	0	200
1511540118.193		286179	207909	21	78216	33	146579	90	812	0	200
1511540118.293		290357	208603	23	81689	42	149941	140	627	0	200
1511540118.393		287860	208913	20	78892	35	147123	90	991	0	200
1511540118.492		293974	211366	21	82536	51	151657	158	621	0	200
1511540118.592		292364	211072	22	81228	42	150388	120	794	0	301
1511540118.693		290534	211181	17	79287	49	148441	90	812	0	200
1511540118.793		292251	209720	21	82474	36	151044	140	620	0	200
1511540118.892		287917	208557	29	79298	33	147613	90	812	0	200
1511540118.992		293997	211096	22	82840	39	151903	140	627	0	200
1511540119.092		290447	210454	26	79934	33	149091	90	991	0	200
1511540119.192		290031	207686	30	82277	38	150493	158	621	0	200
1511540119.293		289429	208814	23	80552	40	148857	120	794	0	301
1511540119.393		287940	209298	32	78574	36	147166	90	812	0	200
1511540119.492		286019	206253	20	79708	38	147624	140	620	0	200
1511540119.592		285579	207805	21	77724	29	146153	90	812	0	200
1511540119.693		295284	211757	16	83470	41	152274	140	627	0	200
1511540119.792		293135	211085	23	81982	45	151063	90	991	0	200
1511540119.893		294415	211347	30	82995	43	152162	158	621	0	200
1511540119.993		291208	209124	23	82021	40	150446	120	794	0	301
1511540120.092		290520	211513	21	78954	32	148138	90	812	0	200
1511540120.193		291959	208763	22	83064	110	151453	140	620	0	200
1511540120.293		294414	211150	22	83198	44	152340	90	812	0	200
1511540120.392		290479	208438	20	81982	39	150297	140	627	0	200
1511540120.493		287051	208663	23	78327	38	146571	90	991	0	200
1511540120.593		290131	208566	24	81501	40	149836	158	621	0	200
1511540120.693		292237	210920	55	81220	42	149524	120	794	0	301
1511540120.792		290625	210867	28	79698	32	148851	90	812	0	200
1511540120.893		290596	209323	21	81206	46	149983	140	620	0	200
1511540120.993		285328	207211	21	78051	45	145889	90	812	0	200
1511540121.093		291364	209921	21	81381	41	150049	140	627	0	200
1511540121.192		289315	211315	22	77945	33	147143	90	991	0	200
1511540121.293		292234	209501	29	82665	39	151418	158	621	0	200
1511540121.393		291193	209289	23	81846	35	150592	120	794	0	301
1511540121.493		288066	209747	23	78265	31	146975	90	812	0	200
1511540121.593		289957	208375	19	81515	48	149717	140	620	0	200
1511540121.693		288258	208940	20	79255	43	147564	90	812	0	200
1511540121.793		290029	208441	22	81527	39	149412	140	627	0	200
1511540121.892		286920	208645	21	78212	42	146568	90	991	0	200
1511540121.992		291862	208860	22	82940	40	151293	158	621	0	200
1511540122.092		288558	207572	22	80922	42	149264	120	794	0	301
1511540122.192		288423	209778	22	78590	33	147247	90	812	0	200
1511540122.293		291572	208909	24	82587	52	150910	140	620	0	200
1511540122.392		292082	211298	29	80712	43	149894	90	812	0	200
1511540122.493		291000	208822	20	82111	47	150577	140	627	0	200
1511540122.592		288132	209644	22	78433	33	147138	90	991	0	200
1511540122.693		292216	209477	23	82676	40	151480	158	621	0	200
1511540122.793		290241	207774	21	82411	35	150418	120	794	0	301
1511540122.892		288765	209807	28	78889	41	147122	90	812	0	200
1511540122.993		298104	210990	23	87050	41	156259	140	620	0	200
1511540123.093		290183	210986	20	79149	28	148309	90	812	0	200
1511540123.193		290024	208982	32	80971	39	149364	140	627	0	200
1511540123.292		284714	208030	24	76630	30	144782	90	991	0	200
1511540123.393		287548	207165	22	80321	40	148203	158	621	0	200
1511540123.493		288910	207439	22	81411	38	149321	120	794	0	301
1511540123.592		286956	208603	16	78309	28	146658	90	812	0	200
1511540123.693		292506	210176	36	82253	41	151054	140	620	0	200
1511540123.793		291175	211177	22	79947	29	149054	90	812	0	200
1511540123.892		293766	210194	24	83508	40	152425	140	627	0	200
1511540123.993		308609	229627	21	78933	28	147696	90	991	0	200
1511540124.092		294413	210986	24	83363	40	152445	158	621	0	200
1511540124.192		290173	209012	22	81102	37	149688	120	794	0	301
1511540124.293		286934	208758	19	78129	28	146598	90	812	0	200
1511540124.392		291131	208506	26	82551	48	150758	140	620	0	200
1511540124.493		288690	209928	21	78712	29	147404	90	812	0	200
1511540124.593		288942	207601	22	81285	34	149292	140	627	0	200
1511540124.692		288016	209006	23	78954	33	147385	90	991	0	200
1511540124.792		291174	208937	29	82172	36	150497	158	621	0	200
1511540124.893		292632	210042	26	82527	37	151322	120	794	0	301
1511540124.993		289290	210003	21	79235	31	147984	90	812	0	200
1511540125.093		288696	208645	21	79984	46	148324	140	620	0	200
1511540125.192		290585	208324	15	82216	30	150583	90	812	0	200
1511540125.293		290898	209720	22	81121	35	150150	140	627	0	200
1511540125.392		287546	209177	24	78315	30	147041	90	991	0	200
1511540125.493		289828	208304	15	81475	34	149854	158	621	0	200
1511540125.592		285463	206505	21	78894	43	146716	120	794	0	301
1511540125.692		288896	210567	37	78258	34	146190	90	812	0	200
1511540125.793		292118	210079	59	81942	38	150628	140	620	0	200
1511540125.893		287822	209607	24	78164	27	146901	90	812	0	200
1511540125.992		288479	207847	25	80570	37	148930	140	627	0	200
1511540126.093		291191	209743	21	81396	31	149639	90	991	0	200
1511540126.193		290446	208408	20	81978	40	150303	158	621	0	200
1511540126.293		294273	208720	26	85487	40	153897	120	794	0	301
1511540126.392		307136	228109	22	78972	33	147744	90	812	0	200
1511540126.493		290275	210702	28	79505	40	148471	140	620	0	200
1511540126.592		288043	208745	22	79245	31	147709	90	812	0	200
1511540126.692		294510	211000	22	83444	44	152546	140	627	0	200
