31 323 282029 137792 0
GET /test-alex-job HTTP/1.1


HTTP/1.1 400 Bad Request
Server: nginx/1.9.2
Date: Fri, 24 Nov 2017 14:07:32 GMT
Content-Type: text/html
Content-Length: 172
Connection: close

<html>
<head><title>400 Bad Request</title></head>
<body bgcolor="white">
<center><h1>400 Bad Request</h1></center>
<hr><center>nginx/1.9.2</center>
</body>
</html>

31 323 283906 136896 0
GET /sales-manager HTTP/1.1


HTTP/1.1 400 Bad Request
Server: nginx/1.9.2
Date: Fri, 24 Nov 2017 14:07:33 GMT
Content-Type: text/html
Content-Length: 172
Connection: close

<html>
<head><title>400 Bad Request</title></head>
<body bgcolor="white">
<center><h1>400 Bad Request</h1></center>
<hr><center>nginx/1.9.2</center>
</body>
</html>

31 323 284631 137738 0
GET /test-alex-job HTTP/1.1


HTTP/1.1 400 Bad Request
Server: nginx/1.9.2
Date: Fri, 24 Nov 2017 14:07:34 GMT
Content-Type: text/html
Content-Length: 172
Connection: close

<html>
<head><title>400 Bad Request</title></head>
<body bgcolor="white">
<center><h1>400 Bad Request</h1></center>
<hr><center>nginx/1.9.2</center>
</body>
</html>

31 323 290936 137886 0
GET /sales-manager HTTP/1.1


HTTP/1.1 400 Bad Request
Server: nginx/1.9.2
Date: Fri, 24 Nov 2017 14:07:35 GMT
Content-Type: text/html
Content-Length: 172
Connection: close

<html>
<head><title>400 Bad Request</title></head>
<body bgcolor="white">
<center><h1>400 Bad Request</h1></center>
<hr><center>nginx/1.9.2</center>
</body>
</html>

31 323 284030 137659 0
GET /test-alex-job HTTP/1.1


HTTP/1.1 400 Bad Request
Server: nginx/1.9.2
Date: Fri, 24 Nov 2017 14:07:36 GMT
Content-Type: text/html
Content-Length: 172
Connection: close

<html>
<head><title>400 Bad Request</title></head>
<body bgcolor="white">
<center><h1>400 Bad Request</h1></center>
<hr><center>nginx/1.9.2</center>
</body>
</html>

31 323 282212 136282 0
GET /sales-manager HTTP/1.1


HTTP/1.1 400 Bad Request
Server: nginx/1.9.2
Date: Fri, 24 Nov 2017 14:07:37 GMT
Content-Type: text/html
Content-Length: 172
Connection: close

<html>
<head><title>400 Bad Request</title></head>
<body bgcolor="white">
<center><h1>400 Bad Request</h1></center>
<hr><center>nginx/1.9.2</center>
</body>
</html>

31 323 282480 136985 0
GET /test-alex-job HTTP/1.1


HTTP/1.1 400 Bad Request
Server: nginx/1.9.2
Date: Fri, 24 Nov 2017 14:07:38 GMT
Content-Type: text/html
Content-Length: 172
Connection: close

<html>
<head><title>400 Bad Request</title></head>
<body bgcolor="white">
<center><h1>400 Bad Request</h1></center>
<hr><center>nginx/1.9.2</center>
</body>
</html>

31 323 284170 137899 0
GET /sales-manager HTTP/1.1


HTTP/1.1 400 Bad Request
Server: nginx/1.9.2
Date: Fri, 24 Nov 2017 14:07:39 GMT
Content-Type: text/html
Content-Length: 172
Connection: close

<html>
<head><title>400 Bad Request</title></head>
<body bgcolor="white">
<center><h1>400 Bad Request</h1></center>
<hr><center>nginx/1.9.2</center>
</body>
</html>

31 323 283795 137958 0
GET /test-alex-job HTTP/1.1


HTTP/1.1 400 Bad Request
Server: nginx/1.9.2
Date: Fri, 24 Nov 2017 14:07:40 GMT
Content-Type: text/html
Content-Length: 172
Connection: close

<html>
<head><title>400 Bad Request</title></head>
<body bgcolor="white">
<center><h1>400 Bad Request</h1></center>
<hr><center>nginx/1.9.2</center>
</body>
</html>

31 323 284243 137300 0
GET /sales-manager HTTP/1.1


HTTP/1.1 400 Bad Request
Server: nginx/1.9.2
Date: Fri, 24 Nov 2017 14:07:41 GMT
Content-Type: text/html
Content-Length: 172
Connection: close

<html>
<head><title>400 Bad Request</title></head>
<body bgcolor="white">
<center><h1>400 Bad Request</h1></center>
<hr><center>nginx/1.9.2</center>
</body>
</html>

31 323 288038 138569 0
GET /test-alex-job HTTP/1.1


HTTP/1.1 400 Bad Request
Server: nginx/1.9.2
Date: Fri, 24 Nov 2017 14:07:42 GMT
Content-Type: text/html
Content-Length: 172
Connection: close

<html>
<head><title>400 Bad Request</title></head>
<body bgcolor="white">
<center><h1>400 Bad Request</h1></center>
<hr><center>nginx/1.9.2</center>
</body>
</html>

31 323 284731 138823 0
GET /sales-manager HTTP/1.1


HTTP/1.1 400 Bad Request
Server: nginx/1.9.2
Date: Fri, 24 Nov 2017 14:07:43 GMT
Content-Type: text/html
Content-Length: 172
Connection: close

<html>
<head><title>400 Bad Request</title></head>
<body bgcolor="white">
<center><h1>400 Bad Request</h1></center>
<hr><center>nginx/1.9.2</center>
</body>
</html>

31 323 285693 137637 0
GET /test-alex-job HTTP/1.1


HTTP/1.1 400 Bad Request
Server: nginx/1.9.2
Date: Fri, 24 Nov 2017 14:07:44 GMT
Content-Type: text/html
Content-Length: 172
Connection: close

<html>
<head><title>400 Bad Request</title></head>
<body bgcolor="white">
<center><h1>400 Bad Request</h1></center>
<hr><center>nginx/1.9.2</center>
</body>
</html>

31 323 283353 136799 0
GET /sales-manager HTTP/1.1


HTTP/1.1 400 Bad Request
Server: nginx/1.9.2
Date: Fri, 24 Nov 2017 14:07:45 GMT
Content-Type: text/html
Content-Length: 172
Connection: close

<html>
<head><title>400 Bad Request</title></head>
<body bgcolor="white">
<center><h1>400 Bad Request</h1></center>
<hr><center>nginx/1.9.2</center>
</body>
</html>

31 323 283382 137122 0
GET /test-alex-job HTTP/1.1


HTTP/1.1 400 Bad Request
Server: nginx/1.9.2
Date: Fri, 24 Nov 2017 14:07:46 GMT
Content-Type: text/html
Content-Length: 172
Connection: close

<html>
<head><title>400 Bad Request</title></head>
<body bgcolor="white">
<center><h1>400 Bad Request</h1></center>
<hr><center>nginx/1.9.2</center>
</body>
</html>

31 323 285030 136964 0
GET /sales-manager HTTP/1.1


HTTP/1.1 400 Bad Request
Server: nginx/1.9.2
Date: Fri, 24 Nov 2017 14:07:47 GMT
Content-Type: text/html
Content-Length: 172
Connection: close

<html>
<head><title>400 Bad Request</title></head>
<body bgcolor="white">
<center><h1>400 Bad Request</h1></center>
<hr><center>nginx/1.9.2</center>
</body>
</html>

31 323 283766 136264 0
GET /test-alex-job HTTP/1.1


HTTP/1.1 400 Bad Request
Server: nginx/1.9.2
Date: Fri, 24 Nov 2017 14:07:48 GMT
Content-Type: text/html
Content-Length: 172
Connection: close

<html>
<head><title>400 Bad Request</title></head>
<body bgcolor="white">
<center><h1>400 Bad Request</h1></center>
<hr><center>nginx/1.9.2</center>
</body>
</html>

31 323 286200 137958 0
GET /sales-manager HTTP/1.1


HTTP/1.1 400 Bad Request
Server: nginx/1.9.2
Date: Fri, 24 Nov 2017 14:07:49 GMT
Content-Type: text/html
Content-Length: 172
Connection: close

<html>
<head><title>400 Bad Request</title></head>
<body bgcolor="white">
<center><h1>400 Bad Request</h1></center>
<hr><center>nginx/1.9.2</center>
</body>
</html>

31 323 290765 137879 0
GET /test-alex-job HTTP/1.1


HTTP/1.1 400 Bad Request
Server: nginx/1.9.2
Date: Fri, 24 Nov 2017 14:07:50 GMT
Content-Type: text/html
Content-Length: 172
Connection: close

<html>
<head><title>400 Bad Request</title></head>
<body bgcolor="white">
<center><h1>400 Bad Request</h1></center>
<hr><center>nginx/1.9.2</center>
</body>
</html>

31 323 287462 138484 0
GET /sales-manager HTTP/1.1


HTTP/1.1 400 Bad Request
Server: nginx/1.9.2
Date: Fri, 24 Nov 2017 14:07:51 GMT
Content-Type: text/html
Content-Length: 172
Connection: close

<html>
<head><title>400 Bad Request</title></head>
<body bgcolor="white">
<center><h1>400 Bad Request</h1></center>
<hr><center>nginx/1.9.2</center>
</body>
</html>

31 323 284877 137844 0
GET /test-alex-job HTTP/1.1


HTTP/1.1 400 Bad Request
Server: nginx/1.9.2
Date: Fri, 24 Nov 2017 14:07:52 GMT
Content-Type: text/html
Content-Length: 172
Connection: close

<html>
<head><title>400 Bad Request</title></head>
<body bgcolor="white">
<center><h1>400 Bad Request</h1></center>
<hr><center>nginx/1.9.2</center>
</body>
</html>

31 323 283363 137002 0
GET /sales-manager HTTP/1.1


HTTP/1.1 400 Bad Request
Server: nginx/1.9.2
Date: Fri, 24 Nov 2017 14:07:53 GMT
Content-Type: text/html
Content-Length: 172
Connection: close

<html>
<head><title>400 Bad Request</title></head>
<body bgcolor="white">
<center><h1>400 Bad Request</h1></center>
<hr><center>nginx/1.9.2</center>
</body>
</html>

31 323 286534 137037 0
GET /test-alex-job HTTP/1.1


HTTP/1.1 400 Bad Request
Server: nginx/1.9.2
Date: Fri, 24 Nov 2017 14:07:54 GMT
Content-Type: text/html
Content-Length: 172
Connection: close

<html>
<head><title>400 Bad Request</title></head>
<body bgcolor="white">
<center><h1>400 Bad Request</h1></center>
<hr><center>nginx/1.9.2</center>
</body>
</html>

31 323 283564 136976 0
GET /sales-manager HTTP/1.1


HTTP/1.1 400 Bad Request
Server: nginx/1.9.2
Date: Fri, 24 Nov 2017 14:07:55 GMT
Content-Type: text/html
Content-Length: 172
Connection: close

<html>
<head><title>400 Bad Request</title></head>
<body bgcolor="white">
<center><h1>400 Bad Request</h1></center>
<hr><center>nginx/1.9.2</center>
</body>
</html>

31 323 285146 137822 0
GET /test-alex-job HTTP/1.1


HTTP/1.1 400 Bad Request
Server: nginx/1.9.2
Date: Fri, 24 Nov 2017 14:07:56 GMT
Content-Type: text/html
Content-Length: 172
Connection: close

<html>
<head><title>400 Bad Request</title></head>
<body bgcolor="white">
<center><h1>400 Bad Request</h1></center>
<hr><center>nginx/1.9.2</center>
</body>
</html>

31 323 286834 138606 0
GET /sales-manager HTTP/1.1


HTTP/1.1 400 Bad Request
Server: nginx/1.9.2
Date: Fri, 24 Nov 2017 14:07:57 GMT
Content-Type: text/html
Content-Length: 172
Connection: close

<html>
<head><title>400 Bad Request</title></head>
<body bgcolor="white">
<center><h1>400 Bad Request</h1></center>
<hr><center>nginx/1.9.2</center>
</body>
</html>

31 323 284338 137272 0
GET /test-alex-job HTTP/1.1


HTTP/1.1 400 Bad Request
Server: nginx/1.9.2
Date: Fri, 24 Nov 2017 14:07:58 GMT
Content-Type: text/html
Content-Length: 172
Connection: close

<html>
<head><title>400 Bad Request</title></head>
<body bgcolor="white">
<center><h1>400 Bad Request</h1></center>
<hr><center>nginx/1.9.2</center>
</body>
</html>

31 323 285866 137860 0
GET /sales-manager HTTP/1.1


HTTP/1.1 400 Bad Request
Server: nginx/1.9.2
Date: Fri, 24 Nov 2017 14:07:59 GMT
Content-Type: text/html
Content-Length: 172
Connection: close

<html>
<head><title>400 Bad Request</title></head>
<body bgcolor="white">
<center><h1>400 Bad Request</h1></center>
<hr><center>nginx/1.9.2</center>
</body>
</html>

31 323 281282 137038 0
GET /test-alex-job HTTP/1.1


HTTP/1.1 400 Bad Request
Server: nginx/1.9.2
Date: Fri, 24 Nov 2017 14:08:00 GMT
Content-Type: text/html
Content-Length: 172
Connection: close

<html>
<head><title>400 Bad Request</title></head>
<body bgcolor="white">
<center><h1>400 Bad Request</h1></center>
<hr><center>nginx/1.9.2</center>
</body>
</html>

31 323 286678 136859 0
GET /sales-manager HTTP/1.1


HTTP/1.1 400 Bad Request
Server: nginx/1.9.2
Date: Fri, 24 Nov 2017 14:08:01 GMT
Content-Type: text/html
Content-Length: 172
Connection: close

<html>
<head><title>400 Bad Request</title></head>
<body bgcolor="white">
<center><h1>400 Bad Request</h1></center>
<hr><center>nginx/1.9.2</center>
</body>
</html>

31 323 282876 136839 0
GET /test-alex-job HTTP/1.1


HTTP/1.1 400 Bad Request
Server: nginx/1.9.2
Date: Fri, 24 Nov 2017 14:08:02 GMT
Content-Type: text/html
Content-Length: 172
Connection: close

<html>
<head><title>400 Bad Request</title></head>
<body bgcolor="white">
<center><h1>400 Bad Request</h1></center>
<hr><center>nginx/1.9.2</center>
</body>
</html>

31 323 283894 136813 0
GET /sales-manager HTTP/1.1


HTTP/1.1 400 Bad Request
Server: nginx/1.9.2
Date: Fri, 24 Nov 2017 14:08:03 GMT
Content-Type: text/html
Content-Length: 172
Connection: close

<html>
<head><title>400 Bad Request</title></head>
<body bgcolor="white">
<center><h1>400 Bad Request</h1></center>
<hr><center>nginx/1.9.2</center>
</body>
</html>

31 323 284539 137816 0
GET /test-alex-job HTTP/1.1


HTTP/1.1 400 Bad Request
Server: nginx/1.9.2
Date: Fri, 24 Nov 2017 14:08:04 GMT
Content-Type: text/html
Content-Length: 172
Connection: close

<html>
<head><title>400 Bad Request</title></head>
<body bgcolor="white">
<center><h1>400 Bad Request</h1></center>
<hr><center>nginx/1.9.2</center>
</body>
</html>

31 323 285746 137742 0
GET /sales-manager HTTP/1.1


HTTP/1.1 400 Bad Request
Server: nginx/1.9.2
Date: Fri, 24 Nov 2017 14:08:05 GMT
Content-Type: text/html
Content-Length: 172
Connection: close

<html>
<head><title>400 Bad Request</title></head>
<body bgcolor="white">
<center><h1>400 Bad Request</h1></center>
<hr><center>nginx/1.9.2</center>
</body>
</html>

31 323 284911 137611 0
GET /test-alex-job HTTP/1.1


HTTP/1.1 400 Bad Request
Server: nginx/1.9.2
Date: Fri, 24 Nov 2017 14:08:06 GMT
Content-Type: text/html
Content-Length: 172
Connection: close

<html>
<head><title>400 Bad Request</title></head>
<body bgcolor="white">
<center><h1>400 Bad Request</h1></center>
<hr><center>nginx/1.9.2</center>
</body>
</html>

31 323 283657 137174 0
GET /sales-manager HTTP/1.1


HTTP/1.1 400 Bad Request
Server: nginx/1.9.2
Date: Fri, 24 Nov 2017 14:08:07 GMT
Content-Type: text/html
Content-Length: 172
Connection: close

<html>
<head><title>400 Bad Request</title></head>
<body bgcolor="white">
<center><h1>400 Bad Request</h1></center>
<hr><center>nginx/1.9.2</center>
</body>
</html>

31 323 282701 136224 0
GET /test-alex-job HTTP/1.1


HTTP/1.1 400 Bad Request
Server: nginx/1.9.2
Date: Fri, 24 Nov 2017 14:08:08 GMT
Content-Type: text/html
Content-Length: 172
Connection: close

<html>
<head><title>400 Bad Request</title></head>
<body bgcolor="white">
<center><h1>400 Bad Request</h1></center>
<hr><center>nginx/1.9.2</center>
</body>
</html>

31 323 283422 136777 0
GET /sales-manager HTTP/1.1


HTTP/1.1 400 Bad Request
Server: nginx/1.9.2
Date: Fri, 24 Nov 2017 14:08:09 GMT
Content-Type: text/html
Content-Length: 172
Connection: close

<html>
<head><title>400 Bad Request</title></head>
<body bgcolor="white">
<center><h1>400 Bad Request</h1></center>
<hr><center>nginx/1.9.2</center>
</body>
</html>

31 323 285263 136909 0
GET /test-alex-job HTTP/1.1


HTTP/1.1 400 Bad Request
Server: nginx/1.9.2
Date: Fri, 24 Nov 2017 14:08:10 GMT
Content-Type: text/html
Content-Length: 172
Connection: close

<html>
<head><title>400 Bad Request</title></head>
<body bgcolor="white">
<center><h1>400 Bad Request</h1></center>
<hr><center>nginx/1.9.2</center>
</body>
</html>

31 323 288003 138136 0
GET /sales-manager HTTP/1.1


HTTP/1.1 400 Bad Request
Server: nginx/1.9.2
Date: Fri, 24 Nov 2017 14:08:11 GMT
Content-Type: text/html
Content-Length: 172
Connection: close

<html>
<head><title>400 Bad Request</title></head>
<body bgcolor="white">
<center><h1>400 Bad Request</h1></center>
<hr><center>nginx/1.9.2</center>
</body>
</html>

31 323 286071 138527 0
GET /test-alex-job HTTP/1.1


HTTP/1.1 400 Bad Request
Server: nginx/1.9.2
Date: Fri, 24 Nov 2017 14:08:12 GMT
Content-Type: text/html
Content-Length: 172
Connection: close

<html>
<head><title>400 Bad Request</title></head>
<body bgcolor="white">
<center><h1>400 Bad Request</h1></center>
<hr><center>nginx/1.9.2</center>
</body>
</html>

31 323 287550 137884 0
GET /sales-manager HTTP/1.1


HTTP/1.1 400 Bad Request
Server: nginx/1.9.2
Date: Fri, 24 Nov 2017 14:08:13 GMT
Content-Type: text/html
Content-Length: 172
Connection: close

<html>
<head><title>400 Bad Request</title></head>
<body bgcolor="white">
<center><h1>400 Bad Request</h1></center>
<hr><center>nginx/1.9.2</center>
</body>
</html>

31 323 287091 137731 0
GET /test-alex-job HTTP/1.1


HTTP/1.1 400 Bad Request
Server: nginx/1.9.2
Date: Fri, 24 Nov 2017 14:08:14 GMT
Content-Type: text/html
Content-Length: 172
Connection: close

<html>
<head><title>400 Bad Request</title></head>
<body bgcolor="white">
<center><h1>400 Bad Request</h1></center>
<hr><center>nginx/1.9.2</center>
</body>
</html>

31 323 282522 136232 0
GET /sales-manager HTTP/1.1


HTTP/1.1 400 Bad Request
Server: nginx/1.9.2
Date: Fri, 24 Nov 2017 14:08:15 GMT
Content-Type: text/html
Content-Length: 172
Connection: close

<html>
<head><title>400 Bad Request</title></head>
<body bgcolor="white">
<center><h1>400 Bad Request</h1></center>
<hr><center>nginx/1.9.2</center>
</body>
</html>

31 323 282888 136304 0
GET /test-alex-job HTTP/1.1


HTTP/1.1 400 Bad Request
Server: nginx/1.9.2
Date: Fri, 24 Nov 2017 14:08:16 GMT
Content-Type: text/html
Content-Length: 172
Connection: close

<html>
<head><title>400 Bad Request</title></head>
<body bgcolor="white">
<center><h1>400 Bad Request</h1></center>
<hr><center>nginx/1.9.2</center>
</body>
</html>

31 323 286009 136208 0
GET /sales-manager HTTP/1.1


HTTP/1.1 400 Bad Request
Server: nginx/1.9.2
Date: Fri, 24 Nov 2017 14:08:17 GMT
Content-Type: text/html
Content-Length: 172
Connection: close

<html>
<head><title>400 Bad Request</title></head>
<body bgcolor="white">
<center><h1>400 Bad Request</h1></center>
<hr><center>nginx/1.9.2</center>
</body>
</html>

31 323 285345 137012 0
GET /test-alex-job HTTP/1.1


HTTP/1.1 400 Bad Request
Server: nginx/1.9.2
Date: Fri, 24 Nov 2017 14:08:18 GMT
Content-Type: text/html
Content-Length: 172
Connection: close

<html>
<head><title>400 Bad Request</title></head>
<body bgcolor="white">
<center><h1>400 Bad Request</h1></center>
<hr><center>nginx/1.9.2</center>
</body>
</html>

31 323 285464 137742 0
GET /sales-manager HTTP/1.1


HTTP/1.1 400 Bad Request
Server: nginx/1.9.2
Date: Fri, 24 Nov 2017 14:08:19 GMT
Content-Type: text/html
Content-Length: 172
Connection: close

<html>
<head><title>400 Bad Request</title></head>
<body bgcolor="white">
<center><h1>400 Bad Request</h1></center>
<hr><center>nginx/1.9.2</center>
</body>
</html>

31 323 285058 137706 0
GET /test-alex-job HTTP/1.1


HTTP/1.1 400 Bad Request
Server: nginx/1.9.2
Date: Fri, 24 Nov 2017 14:08:20 GMT
Content-Type: text/html
Content-Length: 172
Connection: close

<html>
<head><title>400 Bad Request</title></head>
<body bgcolor="white">
<center><h1>400 Bad Request</h1></center>
<hr><center>nginx/1.9.2</center>
</body>
</html>

31 323 283103 136358 0
GET /sales-manager HTTP/1.1


HTTP/1.1 400 Bad Request
Server: nginx/1.9.2
Date: Fri, 24 Nov 2017 14:08:21 GMT
Content-Type: text/html
Content-Length: 172
Connection: close

<html>
<head><title>400 Bad Request</title></head>
<body bgcolor="white">
<center><h1>400 Bad Request</h1></center>
<hr><center>nginx/1.9.2</center>
</body>
</html>

31 323 281764 136657 0
GET /test-alex-job HTTP/1.1


HTTP/1.1 400 Bad Request
Server: nginx/1.9.2
Date: Fri, 24 Nov 2017 14:08:22 GMT
Content-Type: text/html
Content-Length: 172
Connection: close

<html>
<head><title>400 Bad Request</title></head>
<body bgcolor="white">
<center><h1>400 Bad Request</h1></center>
<hr><center>nginx/1.9.2</center>
</body>
</html>

31 323 283789 136974 0
GET /sales-manager HTTP/1.1


HTTP/1.1 400 Bad Request
Server: nginx/1.9.2
Date: Fri, 24 Nov 2017 14:08:23 GMT
Content-Type: text/html
Content-Length: 172
Connection: close

<html>
<head><title>400 Bad Request</title></head>
<body bgcolor="white">
<center><h1>400 Bad Request</h1></center>
<hr><center>nginx/1.9.2</center>
</body>
</html>

31 323 285303 136974 0
GET /test-alex-job HTTP/1.1


HTTP/1.1 400 Bad Request
Server: nginx/1.9.2
Date: Fri, 24 Nov 2017 14:08:24 GMT
Content-Type: text/html
Content-Length: 172
Connection: close

<html>
<head><title>400 Bad Request</title></head>
<body bgcolor="white">
<center><h1>400 Bad Request</h1></center>
<hr><center>nginx/1.9.2</center>
</body>
</html>

31 323 289078 137821 0
GET /sales-manager HTTP/1.1


HTTP/1.1 400 Bad Request
Server: nginx/1.9.2
Date: Fri, 24 Nov 2017 14:08:25 GMT
Content-Type: text/html
Content-Length: 172
Connection: close

<html>
<head><title>400 Bad Request</title></head>
<body bgcolor="white">
<center><h1>400 Bad Request</h1></center>
<hr><center>nginx/1.9.2</center>
</body>
</html>

31 323 287870 137071 0
GET /test-alex-job HTTP/1.1


HTTP/1.1 400 Bad Request
Server: nginx/1.9.2
Date: Fri, 24 Nov 2017 14:08:26 GMT
Content-Type: text/html
Content-Length: 172
Connection: close

<html>
<head><title>400 Bad Request</title></head>
<body bgcolor="white">
<center><h1>400 Bad Request</h1></center>
<hr><center>nginx/1.9.2</center>
</body>
</html>

31 323 285796 137955 0
GET /sales-manager HTTP/1.1


HTTP/1.1 400 Bad Request
Server: nginx/1.9.2
Date: Fri, 24 Nov 2017 14:08:27 GMT
Content-Type: text/html
Content-Length: 172
Connection: close

<html>
<head><title>400 Bad Request</title></head>
<body bgcolor="white">
<center><h1>400 Bad Request</h1></center>
<hr><center>nginx/1.9.2</center>
</body>
</html>

31 323 289528 138889 0
GET /test-alex-job HTTP/1.1


HTTP/1.1 400 Bad Request
Server: nginx/1.9.2
Date: Fri, 24 Nov 2017 14:08:28 GMT
Content-Type: text/html
Content-Length: 172
Connection: close

<html>
<head><title>400 Bad Request</title></head>
<body bgcolor="white">
<center><h1>400 Bad Request</h1></center>
<hr><center>nginx/1.9.2</center>
</body>
</html>

31 323 282145 137852 0
GET /sales-manager HTTP/1.1


HTTP/1.1 400 Bad Request
Server: nginx/1.9.2
Date: Fri, 24 Nov 2017 14:08:29 GMT
Content-Type: text/html
Content-Length: 172
Connection: close

<html>
<head><title>400 Bad Request</title></head>
<body bgcolor="white">
<center><h1>400 Bad Request</h1></center>
<hr><center>nginx/1.9.2</center>
</body>
</html>

31 323 282403 136685 0
GET /test-alex-job HTTP/1.1


HTTP/1.1 400 Bad Request
Server: nginx/1.9.2
Date: Fri, 24 Nov 2017 14:08:30 GMT
Content-Type: text/html
Content-Length: 172
Connection: close

<html>
<head><title>400 Bad Request</title></head>
<body bgcolor="white">
<center><h1>400 Bad Request</h1></center>
<hr><center>nginx/1.9.2</center>
</body>
</html>

31 323 281674 137039 0
GET /sales-manager HTTP/1.1


HTTP/1.1 400 Bad Request
Server: nginx/1.9.2
Date: Fri, 24 Nov 2017 14:08:31 GMT
Content-Type: text/html
Content-Length: 172
Connection: close

<html>
<head><title>400 Bad Request</title></head>
<body bgcolor="white">
<center><h1>400 Bad Request</h1></center>
<hr><center>nginx/1.9.2</center>
</body>
</html>

