"2017-11-24 14:02:53.479 +0000" : {
  "main_scheduler" : {
    "bqs" : {
      "00026" : {
        "mmconts" : [0, 122, 336],
        "acts" : [338, 333],
        "tstate" : { "idle" : 998917, "run" : 13811, "locked" : 3, "mmap" : 6 }
      },
      "00027" : {
        "mmconts" : [0, 329, 335],
        "acts" : [59, 58],
        "tstate" : { "idle" : 987885, "run" : 23221, "locked" : 0, "mmap" : 1592 }
      },
      "00028" : {
        "mmconts" : [0, 149, 335],
        "acts" : [337, 332],
        "tstate" : { "idle" : 1002882, "run" : 9655, "locked" : 125, "mmap" : 20 }
      }
    }
  },
  "benchmark_io" : {
    "simple_times" : {
      "mcount" : {
        "mcount" : { "265 -- 423" : 8 }
      }
    },
    "stream_method" : {
      "conns" : [8, 7],
      "in" : [2584, 2551],
      "out" : [248, 244],
      "mmtasks" : [0, 2, 3],
      "load" : 0.514,
      "mcount" : {
        "mcount" : { "Success" : 8 }
      },
      "http_proto0" : {
        "mcount" : {
          "mcount" : { "Bad Request" : 8 }
        }
      },
      "source_log" : {
        "delta" : [0, 0, 4222]
      },
      "loggers" : {
        "brief_logger" : {
          "records" : [8, 7],
          "out" : [501, 494]
        },
        "benchmark_logger" : {
          "records" : [8, 7],
          "out" : [3032, 2992]
        }
      }
    }
  }
},
"2017-11-24 14:02:54.480 +0000" : {
  "main_scheduler" : {
    "bqs" : {
      "00026" : {
        "mmconts" : [122, 122, 122],
        "acts" : [2, 1],
        "tstate" : { "idle" : 999554, "run" : 610, "locked" : 0, "mmap" : 0 }
      },
      "00027" : {
        "mmconts" : [317, 322, 327],
        "acts" : [64, 63],
        "tstate" : { "idle" : 980021, "run" : 20143, "locked" : 0, "mmap" : 0 }
      },
      "00028" : {
        "mmconts" : [149, 149, 149],
        "acts" : [0, 0],
        "tstate" : { "idle" : 999625, "run" : 539, "locked" : 0, "mmap" : 0 }
      }
    }
  },
  "benchmark_io" : {
    "simple_times" : {
      "mcount" : {
        "mcount" : { "265 -- 423" : 10 }
      }
    },
    "stream_method" : {
      "conns" : [10, 9],
      "in" : [3230, 3229],
      "out" : [310, 309],
      "mmtasks" : [2, 2, 3],
      "load" : 0.513,
      "mcount" : {
        "mcount" : { "Success" : 10 }
      },
      "http_proto0" : {
        "mcount" : {
          "mcount" : { "Bad Request" : 10 }
        }
      },
      "source_log" : {
        "delta" : [0, 0, 0]
      },
      "loggers" : {
        "brief_logger" : {
          "records" : [10, 9],
          "out" : [626, 625]
        },
        "benchmark_logger" : {
          "records" : [10, 9],
          "out" : [3790, 3789]
        }
      }
    }
  }
},
"2017-11-24 14:02:55.479 +0000" : {
  "main_scheduler" : {
    "bqs" : {
      "00026" : {
        "mmconts" : [122, 122, 122],
        "acts" : [2, 2],
        "tstate" : { "idle" : 998608, "run" : 685, "locked" : 0, "mmap" : 0 }
      },
      "00027" : {
        "mmconts" : [307, 312, 317],
        "acts" : [65, 65],
        "tstate" : { "idle" : 978991, "run" : 20302, "locked" : 0, "mmap" : 0 }
      },
      "00028" : {
        "mmconts" : [149, 149, 149],
        "acts" : [2, 2],
        "tstate" : { "idle" : 998714, "run" : 580, "locked" : 0, "mmap" : 0 }
      }
    }
  },
  "benchmark_io" : {
    "simple_times" : {
      "mcount" : {
        "mcount" : { "265 -- 423" : 10 }
      }
    },
    "stream_method" : {
      "conns" : [10, 10],
      "in" : [3230, 3232],
      "out" : [310, 310],
      "mmtasks" : [2, 2, 3],
      "load" : 0.516,
      "mcount" : {
        "mcount" : { "Success" : 10 }
      },
      "http_proto0" : {
        "mcount" : {
          "mcount" : { "Bad Request" : 10 }
        }
      },
      "source_log" : {
        "delta" : [0, 0, 0]
      },
      "loggers" : {
        "brief_logger" : {
          "records" : [10, 10],
          "out" : [624, 624]
        },
        "benchmark_logger" : {
          "records" : [10, 10],
          "out" : [3790, 3792]
        }
      }
    }
  }
},
"2017-11-24 14:02:56.480 +0000" : {
  "main_scheduler" : {
    "bqs" : {
      "00026" : {
        "mmconts" : [122, 122, 122],
        "acts" : [2, 1],
        "tstate" : { "idle" : 1000302, "run" : 647, "locked" : 0, "mmap" : 0 }
      },
      "00027" : {
        "mmconts" : [297, 302, 307],
        "acts" : [61, 60],
        "tstate" : { "idle" : 979811, "run" : 21137, "locked" : 0, "mmap" : 0 }
      },
      "00028" : {
        "mmconts" : [149, 149, 149],
        "acts" : [2, 1],
        "tstate" : { "idle" : 1000341, "run" : 607, "locked" : 0, "mmap" : 0 }
      }
    }
  },
  "benchmark_io" : {
    "simple_times" : {
      "mcount" : {
        "mcount" : { "265 -- 423" : 10 }
      }
    },
    "stream_method" : {
      "conns" : [10, 9],
      "in" : [3230, 3226],
      "out" : [310, 309],
      "mmtasks" : [2, 2, 3],
      "load" : 0.513,
      "mcount" : {
        "mcount" : { "Success" : 10 }
      },
      "http_proto0" : {
        "mcount" : {
          "mcount" : { "Bad Request" : 10 }
        }
      },
      "source_log" : {
        "delta" : [0, 0, 0]
      },
      "loggers" : {
        "brief_logger" : {
          "records" : [10, 9],
          "out" : [626, 625]
        },
        "benchmark_logger" : {
          "records" : [10, 9],
          "out" : [3790, 3786]
        }
      }
    }
  }
},
"2017-11-24 14:02:57.480 +0000" : {
  "main_scheduler" : {
    "bqs" : {
      "00026" : {
        "mmconts" : [122, 122, 122],
        "acts" : [2, 1],
        "tstate" : { "idle" : 999449, "run" : 621, "locked" : 0, "mmap" : 0 }
      },
      "00027" : {
        "mmconts" : [287, 292, 297],
        "acts" : [65, 64],
        "tstate" : { "idle" : 978011, "run" : 22059, "locked" : 0, "mmap" : 0 }
      },
      "00028" : {
        "mmconts" : [149, 149, 149],
        "acts" : [2, 1],
        "tstate" : { "idle" : 999410, "run" : 660, "locked" : 0, "mmap" : 0 }
      }
    }
  },
  "benchmark_io" : {
    "simple_times" : {
      "mcount" : {
        "mcount" : { "265 -- 423" : 10 }
      }
    },
    "stream_method" : {
      "conns" : [10, 9],
      "in" : [3230, 3229],
      "out" : [310, 309],
      "mmtasks" : [2, 2, 3],
      "load" : 0.513,
      "mcount" : {
        "mcount" : { "Success" : 10 }
      },
      "http_proto0" : {
        "mcount" : {
          "mcount" : { "Bad Request" : 10 }
        }
      },
      "source_log" : {
        "delta" : [0, 0, 0]
      },
      "loggers" : {
        "brief_logger" : {
          "records" : [10, 9],
          "out" : [626, 625]
        },
        "benchmark_logger" : {
          "records" : [10, 9],
          "out" : [3790, 3789]
        }
      }
    }
  }
},
"2017-11-24 14:02:58.479 +0000" : {
  "main_scheduler" : {
    "bqs" : {
      "00026" : {
        "mmconts" : [122, 122, 122],
        "acts" : [2, 2],
        "tstate" : { "idle" : 999121, "run" : 563, "locked" : 0, "mmap" : 0 }
      },
      "00027" : {
        "mmconts" : [277, 282, 287],
        "acts" : [66, 66],
        "tstate" : { "idle" : 979695, "run" : 19989, "locked" : 0, "mmap" : 0 }
      },
      "00028" : {
        "mmconts" : [149, 149, 149],
        "acts" : [2, 2],
        "tstate" : { "idle" : 999172, "run" : 511, "locked" : 0, "mmap" : 0 }
      }
    }
  },
  "benchmark_io" : {
    "simple_times" : {
      "mcount" : {
        "mcount" : { "265 -- 423" : 10 }
      }
    },
    "stream_method" : {
      "conns" : [10, 10],
      "in" : [3230, 3231],
      "out" : [310, 310],
      "mmtasks" : [2, 2, 3],
      "load" : 0.514,
      "mcount" : {
        "mcount" : { "Success" : 10 }
      },
      "http_proto0" : {
        "mcount" : {
          "mcount" : { "Bad Request" : 10 }
        }
      },
      "source_log" : {
        "delta" : [0, 0, 0]
      },
      "loggers" : {
        "brief_logger" : {
          "records" : [10, 10],
          "out" : [626, 626]
        },
        "benchmark_logger" : {
          "records" : [10, 10],
          "out" : [3790, 3791]
        }
      }
    }
  }
},
"2017-11-24 14:02:59.479 +0000" : {
  "main_scheduler" : {
    "bqs" : {
      "00026" : {
        "mmconts" : [122, 122, 122],
        "acts" : [2, 2],
        "tstate" : { "idle" : 998672, "run" : 659, "locked" : 0, "mmap" : 0 }
      },
      "00027" : {
        "mmconts" : [267, 272, 277],
        "acts" : [63, 63],
        "tstate" : { "idle" : 978205, "run" : 21127, "locked" : 0, "mmap" : 0 }
      },
      "00028" : {
        "mmconts" : [149, 149, 149],
        "acts" : [2, 2],
        "tstate" : { "idle" : 998659, "run" : 673, "locked" : 0, "mmap" : 0 }
      }
    }
  },
  "benchmark_io" : {
    "simple_times" : {
      "mcount" : {
        "mcount" : { "265 -- 423" : 10 }
      }
    },
    "stream_method" : {
      "conns" : [10, 10],
      "in" : [3230, 3232],
      "out" : [310, 310],
      "mmtasks" : [2, 2, 3],
      "load" : 0.516,
      "mcount" : {
        "mcount" : { "Success" : 10 }
      },
      "http_proto0" : {
        "mcount" : {
          "mcount" : { "Bad Request" : 10 }
        }
      },
      "source_log" : {
        "delta" : [0, 0, 0]
      },
      "loggers" : {
        "brief_logger" : {
          "records" : [10, 10],
          "out" : [629, 629]
        },
        "benchmark_logger" : {
          "records" : [10, 10],
          "out" : [3790, 3792]
        }
      }
    }
  }
},
"2017-11-24 14:03:00.480 +0000" : {
  "main_scheduler" : {
    "bqs" : {
      "00026" : {
        "mmconts" : [122, 122, 122],
        "acts" : [2, 1],
        "tstate" : { "idle" : 1000420, "run" : 581, "locked" : 0, "mmap" : 0 }
      },
      "00027" : {
        "mmconts" : [257, 262, 267],
        "acts" : [63, 62],
        "tstate" : { "idle" : 979714, "run" : 21286, "locked" : 0, "mmap" : 0 }
      },
      "00028" : {
        "mmconts" : [149, 149, 149],
        "acts" : [2, 1],
        "tstate" : { "idle" : 1000410, "run" : 590, "locked" : 0, "mmap" : 0 }
      }
    }
  },
  "benchmark_io" : {
    "simple_times" : {
      "mcount" : {
        "mcount" : { "265 -- 423" : 10 }
      }
    },
    "stream_method" : {
      "conns" : [10, 9],
      "in" : [3230, 3226],
      "out" : [310, 309],
      "mmtasks" : [2, 2, 3],
      "load" : 0.516,
      "mcount" : {
        "mcount" : { "Success" : 10 }
      },
      "http_proto0" : {
        "mcount" : {
          "mcount" : { "Bad Request" : 10 }
        }
      },
      "source_log" : {
        "delta" : [0, 0, 0]
      },
      "loggers" : {
        "brief_logger" : {
          "records" : [10, 9],
          "out" : [625, 624]
        },
        "benchmark_logger" : {
          "records" : [10, 9],
          "out" : [3790, 3786]
        }
      }
    }
  }
},
"2017-11-24 14:03:01.479 +0000" : {
  "main_scheduler" : {
    "bqs" : {
      "00026" : {
        "mmconts" : [122, 122, 122],
        "acts" : [2, 2],
        "tstate" : { "idle" : 998703, "run" : 652, "locked" : 0, "mmap" : 0 }
      },
      "00027" : {
        "mmconts" : [247, 252, 257],
        "acts" : [66, 66],
        "tstate" : { "idle" : 978014, "run" : 21348, "locked" : 0, "mmap" : 0 }
      },
      "00028" : {
        "mmconts" : [149, 149, 149],
        "acts" : [2, 2],
        "tstate" : { "idle" : 998763, "run" : 600, "locked" : 0, "mmap" : 0 }
      }
    }
  },
  "benchmark_io" : {
    "simple_times" : {
      "mcount" : {
        "mcount" : { "265 -- 423" : 10 }
      }
    },
    "stream_method" : {
      "conns" : [10, 10],
      "in" : [3230, 3232],
      "out" : [310, 310],
      "mmtasks" : [2, 2, 3],
      "load" : 0.515,
      "mcount" : {
        "mcount" : { "Success" : 10 }
      },
      "http_proto0" : {
        "mcount" : {
          "mcount" : { "Bad Request" : 10 }
        }
      },
      "source_log" : {
        "delta" : [0, 0, 0]
      },
      "loggers" : {
        "brief_logger" : {
          "records" : [10, 10],
          "out" : [627, 627]
        },
        "benchmark_logger" : {
          "records" : [10, 10],
          "out" : [3790, 3792]
        }
      }
    }
  }
},
"2017-11-24 14:03:02.480 +0000" : {
  "main_scheduler" : {
    "bqs" : {
      "00026" : {
        "mmconts" : [122, 122, 122],
        "acts" : [2, 1],
        "tstate" : { "idle" : 999693, "run" : 695, "locked" : 0, "mmap" : 0 }
      },
      "00027" : {
        "mmconts" : [237, 242, 247],
        "acts" : [66, 65],
        "tstate" : { "idle" : 979588, "run" : 20794, "locked" : 0, "mmap" : 0 }
      },
      "00028" : {
        "mmconts" : [149, 149, 149],
        "acts" : [2, 1],
        "tstate" : { "idle" : 999672, "run" : 709, "locked" : 0, "mmap" : 0 }
      }
    }
  },
  "benchmark_io" : {
    "simple_times" : {
      "mcount" : {
        "mcount" : { "265 -- 423" : 10 }
      }
    },
    "stream_method" : {
      "conns" : [10, 9],
      "in" : [3230, 3228],
      "out" : [310, 309],
      "mmtasks" : [2, 2, 3],
      "load" : 0.516,
      "mcount" : {
        "mcount" : { "Success" : 10 }
      },
      "http_proto0" : {
        "mcount" : {
          "mcount" : { "Bad Request" : 10 }
        }
      },
      "source_log" : {
        "delta" : [0, 0, 0]
      },
      "loggers" : {
        "brief_logger" : {
          "records" : [10, 9],
          "out" : [629, 628]
        },
        "benchmark_logger" : {
          "records" : [10, 9],
          "out" : [3790, 3788]
        }
      }
    }
  }
},
"2017-11-24 14:03:03.480 +0000" : {
  "main_scheduler" : {
    "bqs" : {
      "00026" : {
        "mmconts" : [122, 122, 122],
        "acts" : [2, 1],
        "tstate" : { "idle" : 999535, "run" : 601, "locked" : 0, "mmap" : 0 }
      },
      "00027" : {
        "mmconts" : [227, 232, 237],
        "acts" : [64, 63],
        "tstate" : { "idle" : 979234, "run" : 20847, "locked" : 0, "mmap" : 56 }
      },
      "00028" : {
        "mmconts" : [149, 149, 149],
        "acts" : [2, 1],
        "tstate" : { "idle" : 999513, "run" : 625, "locked" : 0, "mmap" : 0 }
      }
    }
  },
  "benchmark_io" : {
    "simple_times" : {
      "mcount" : {
        "mcount" : { "265 -- 423" : 10 }
      }
    },
    "stream_method" : {
      "conns" : [10, 9],
      "in" : [3230, 3229],
      "out" : [310, 309],
      "mmtasks" : [2, 2, 3],
      "load" : 0.515,
      "mcount" : {
        "mcount" : { "Success" : 10 }
      },
      "http_proto0" : {
        "mcount" : {
          "mcount" : { "Bad Request" : 10 }
        }
      },
      "source_log" : {
        "delta" : [0, 0, 0]
      },
      "loggers" : {
        "brief_logger" : {
          "records" : [10, 9],
          "out" : [626, 625]
        },
        "benchmark_logger" : {
          "records" : [10, 9],
          "out" : [3790, 3789]
        }
      }
    }
  }
},
"2017-11-24 14:03:04.479 +0000" : {
  "main_scheduler" : {
    "bqs" : {
      "00026" : {
        "mmconts" : [122, 122, 122],
        "acts" : [2, 2],
        "tstate" : { "idle" : 999052, "run" : 624, "locked" : 0, "mmap" : 0 }
      },
      "00027" : {
        "mmconts" : [217, 222, 227],
        "acts" : [62, 62],
        "tstate" : { "idle" : 978649, "run" : 20885, "locked" : 0, "mmap" : 141 }
      },
      "00028" : {
        "mmconts" : [149, 149, 149],
        "acts" : [2, 2],
        "tstate" : { "idle" : 999067, "run" : 607, "locked" : 0, "mmap" : 0 }
      }
    }
  },
  "benchmark_io" : {
    "simple_times" : {
      "mcount" : {
        "mcount" : { "265 -- 423" : 10 }
      }
    },
    "stream_method" : {
      "conns" : [10, 10],
      "in" : [3230, 3231],
      "out" : [310, 310],
      "mmtasks" : [2, 2, 3],
      "load" : 0.515,
      "mcount" : {
        "mcount" : { "Success" : 10 }
      },
      "http_proto0" : {
        "mcount" : {
          "mcount" : { "Bad Request" : 10 }
        }
      },
      "source_log" : {
        "delta" : [0, 0, 0]
      },
      "loggers" : {
        "brief_logger" : {
          "records" : [10, 10],
          "out" : [624, 624]
        },
        "benchmark_logger" : {
          "records" : [10, 10],
          "out" : [3790, 3791]
        }
      }
    }
  }
},
"2017-11-24 14:03:05.480 +0000" : {
  "main_scheduler" : {
    "bqs" : {
      "00026" : {
        "mmconts" : [122, 122, 122],
        "acts" : [2, 1],
        "tstate" : { "idle" : 999598, "run" : 627, "locked" : 0, "mmap" : 0 }
      },
      "00027" : {
        "mmconts" : [207, 212, 217],
        "acts" : [65, 64],
        "tstate" : { "idle" : 979815, "run" : 20275, "locked" : 0, "mmap" : 135 }
      },
      "00028" : {
        "mmconts" : [149, 149, 149],
        "acts" : [2, 1],
        "tstate" : { "idle" : 999615, "run" : 611, "locked" : 0, "mmap" : 0 }
      }
    }
  },
  "benchmark_io" : {
    "simple_times" : {
      "mcount" : {
        "mcount" : { "265 -- 423" : 10 }
      }
    },
    "stream_method" : {
      "conns" : [10, 9],
      "in" : [3230, 3229],
      "out" : [310, 309],
      "mmtasks" : [2, 2, 3],
      "load" : 0.515,
      "mcount" : {
        "mcount" : { "Success" : 10 }
      },
      "http_proto0" : {
        "mcount" : {
          "mcount" : { "Bad Request" : 10 }
        }
      },
      "source_log" : {
        "delta" : [0, 0, 0]
      },
      "loggers" : {
        "brief_logger" : {
          "records" : [10, 9],
          "out" : [626, 625]
        },
        "benchmark_logger" : {
          "records" : [10, 9],
          "out" : [3790, 3789]
        }
      }
    }
  }
},
"2017-11-24 14:03:06.479 +0000" : {
  "main_scheduler" : {
    "bqs" : {
      "00026" : {
        "mmconts" : [122, 122, 122],
        "acts" : [2, 2],
        "tstate" : { "idle" : 998575, "run" : 640, "locked" : 0, "mmap" : 0 }
      },
      "00027" : {
        "mmconts" : [197, 202, 207],
        "acts" : [62, 62],
        "tstate" : { "idle" : 977056, "run" : 22016, "locked" : 0, "mmap" : 143 }
      },
      "00028" : {
        "mmconts" : [149, 149, 149],
        "acts" : [2, 2],
        "tstate" : { "idle" : 998680, "run" : 534, "locked" : 0, "mmap" : 0 }
      }
    }
  },
  "benchmark_io" : {
    "simple_times" : {
      "mcount" : {
        "mcount" : { "265 -- 423" : 10 }
      }
    },
    "stream_method" : {
      "conns" : [10, 10],
      "in" : [3230, 3232],
      "out" : [310, 310],
      "mmtasks" : [2, 2, 3],
      "load" : 0.517,
      "mcount" : {
        "mcount" : { "Success" : 10 }
      },
      "http_proto0" : {
        "mcount" : {
          "mcount" : { "Bad Request" : 10 }
        }
      },
      "source_log" : {
        "delta" : [0, 0, 0]
      },
      "loggers" : {
        "brief_logger" : {
          "records" : [10, 10],
          "out" : [625, 625]
        },
        "benchmark_logger" : {
          "records" : [10, 10],
          "out" : [3790, 3793]
        }
      }
    }
  }
},
"2017-11-24 14:03:07.479 +0000" : {
  "main_scheduler" : {
    "bqs" : {
      "00026" : {
        "mmconts" : [122, 122, 122],
        "acts" : [2, 1],
        "tstate" : { "idle" : 999769, "run" : 617, "locked" : 0, "mmap" : 0 }
      },
      "00027" : {
        "mmconts" : [187, 192, 197],
        "acts" : [61, 60],
        "tstate" : { "idle" : 979209, "run" : 21041, "locked" : 0, "mmap" : 136 }
      },
      "00028" : {
        "mmconts" : [149, 149, 149],
        "acts" : [2, 1],
        "tstate" : { "idle" : 999788, "run" : 598, "locked" : 0, "mmap" : 0 }
      }
    }
  },
  "benchmark_io" : {
    "simple_times" : {
      "mcount" : {
        "mcount" : { "265 -- 423" : 10 }
      }
    },
    "stream_method" : {
      "conns" : [10, 9],
      "in" : [3230, 3228],
      "out" : [310, 309],
      "mmtasks" : [2, 2, 3],
      "load" : 0.515,
      "mcount" : {
        "mcount" : { "Success" : 10 }
      },
      "http_proto0" : {
        "mcount" : {
          "mcount" : { "Bad Request" : 10 }
        }
      },
      "source_log" : {
        "delta" : [0, 0, 0]
      },
      "loggers" : {
        "brief_logger" : {
          "records" : [10, 9],
          "out" : [625, 624]
        },
        "benchmark_logger" : {
          "records" : [10, 9],
          "out" : [3790, 3788]
        }
      }
    }
  }
},
"2017-11-24 14:03:08.479 +0000" : {
  "main_scheduler" : {
    "bqs" : {
      "00026" : {
        "mmconts" : [122, 122, 122],
        "acts" : [2, 1],
        "tstate" : { "idle" : 999569, "run" : 720, "locked" : 0, "mmap" : 0 }
      },
      "00027" : {
        "mmconts" : [177, 182, 187],
        "acts" : [64, 63],
        "tstate" : { "idle" : 977049, "run" : 23092, "locked" : 0, "mmap" : 147 }
      },
      "00028" : {
        "mmconts" : [149, 149, 149],
        "acts" : [2, 1],
        "tstate" : { "idle" : 999666, "run" : 622, "locked" : 0, "mmap" : 0 }
      }
    }
  },
  "benchmark_io" : {
    "simple_times" : {
      "mcount" : {
        "mcount" : { "265 -- 423" : 10 }
      }
    },
    "stream_method" : {
      "conns" : [10, 9],
      "in" : [3230, 3229],
      "out" : [310, 309],
      "mmtasks" : [2, 2, 3],
      "load" : 0.516,
      "mcount" : {
        "mcount" : { "Success" : 10 }
      },
      "http_proto0" : {
        "mcount" : {
          "mcount" : { "Bad Request" : 10 }
        }
      },
      "source_log" : {
        "delta" : [0, 0, 0]
      },
      "loggers" : {
        "brief_logger" : {
          "records" : [10, 9],
          "out" : [625, 624]
        },
        "benchmark_logger" : {
          "records" : [10, 9],
          "out" : [3790, 3788]
        }
      }
    }
  }
},
"2017-11-24 14:03:09.480 +0000" : {
  "main_scheduler" : {
    "bqs" : {
      "00026" : {
        "mmconts" : [122, 122, 122],
        "acts" : [2, 1],
        "tstate" : { "idle" : 999534, "run" : 596, "locked" : 0, "mmap" : 0 }
      },
      "00027" : {
        "mmconts" : [167, 172, 177],
        "acts" : [66, 65],
        "tstate" : { "idle" : 979172, "run" : 20809, "locked" : 0, "mmap" : 151 }
      },
      "00028" : {
        "mmconts" : [149, 149, 149],
        "acts" : [2, 1],
        "tstate" : { "idle" : 999553, "run" : 579, "locked" : 0, "mmap" : 0 }
      }
    }
  },
  "benchmark_io" : {
    "simple_times" : {
      "mcount" : {
        "mcount" : { "265 -- 423" : 10 }
      }
    },
    "stream_method" : {
      "conns" : [10, 9],
      "in" : [3230, 3229],
      "out" : [310, 309],
      "mmtasks" : [2, 2, 3],
      "load" : 0.517,
      "mcount" : {
        "mcount" : { "Success" : 10 }
      },
      "http_proto0" : {
        "mcount" : {
          "mcount" : { "Bad Request" : 10 }
        }
      },
      "source_log" : {
        "delta" : [0, 0, 0]
      },
      "loggers" : {
        "brief_logger" : {
          "records" : [10, 9],
          "out" : [626, 625]
        },
        "benchmark_logger" : {
          "records" : [10, 9],
          "out" : [3790, 3789]
        }
      }
    }
  }
},
"2017-11-24 14:03:10.480 +0000" : {
  "main_scheduler" : {
    "bqs" : {
      "00026" : {
        "mmconts" : [122, 122, 122],
        "acts" : [2, 2],
        "tstate" : { "idle" : 999337, "run" : 647, "locked" : 0, "mmap" : 0 }
      },
      "00027" : {
        "mmconts" : [157, 162, 167],
        "acts" : [64, 64],
        "tstate" : { "idle" : 978340, "run" : 21514, "locked" : 0, "mmap" : 128 }
      },
      "00028" : {
        "mmconts" : [149, 149, 149],
        "acts" : [2, 2],
        "tstate" : { "idle" : 999418, "run" : 564, "locked" : 0, "mmap" : 0 }
      }
    }
  },
  "benchmark_io" : {
    "simple_times" : {
      "mcount" : {
        "mcount" : { "265 -- 423" : 10 }
      }
    },
    "stream_method" : {
      "conns" : [10, 10],
      "in" : [3230, 3230],
      "out" : [310, 310],
      "mmtasks" : [2, 2, 3],
      "load" : 0.515,
      "mcount" : {
        "mcount" : { "Success" : 10 }
      },
      "http_proto0" : {
        "mcount" : {
          "mcount" : { "Bad Request" : 10 }
        }
      },
      "source_log" : {
        "delta" : [0, 0, 0]
      },
      "loggers" : {
        "brief_logger" : {
          "records" : [10, 10],
          "out" : [625, 625]
        },
        "benchmark_logger" : {
          "records" : [10, 10],
          "out" : [3790, 3790]
        }
      }
    }
  }
},
"2017-11-24 14:03:11.479 +0000" : {
  "main_scheduler" : {
    "bqs" : {
      "00026" : {
        "mmconts" : [122, 122, 122],
        "acts" : [2, 2],
        "tstate" : { "idle" : 999176, "run" : 647, "locked" : 0, "mmap" : 0 }
      },
      "00027" : {
        "mmconts" : [147, 152, 157],
        "acts" : [64, 64],
        "tstate" : { "idle" : 978684, "run" : 20998, "locked" : 0, "mmap" : 142 }
      },
      "00028" : {
        "mmconts" : [149, 149, 149],
        "acts" : [2, 2],
        "tstate" : { "idle" : 999132, "run" : 693, "locked" : 0, "mmap" : 0 }
      }
    }
  },
  "benchmark_io" : {
    "simple_times" : {
      "mcount" : {
        "mcount" : { "265 -- 423" : 10 }
      }
    },
    "stream_method" : {
      "conns" : [10, 10],
      "in" : [3230, 3230],
      "out" : [310, 310],
      "mmtasks" : [2, 2, 3],
      "load" : 0.516,
      "mcount" : {
        "mcount" : { "Success" : 10 }
      },
      "http_proto0" : {
        "mcount" : {
          "mcount" : { "Bad Request" : 10 }
        }
      },
      "source_log" : {
        "delta" : [0, 0, 0]
      },
      "loggers" : {
        "brief_logger" : {
          "records" : [10, 10],
          "out" : [626, 626]
        },
        "benchmark_logger" : {
          "records" : [10, 10],
          "out" : [3790, 3790]
        }
      }
    }
  }
},
"2017-11-24 14:03:12.479 +0000" : {
  "main_scheduler" : {
    "bqs" : {
      "00026" : {
        "mmconts" : [122, 122, 122],
        "acts" : [2, 2],
        "tstate" : { "idle" : 999014, "run" : 680, "locked" : 0, "mmap" : 0 }
      },
      "00027" : {
        "mmconts" : [137, 142, 147],
        "acts" : [64, 64],
        "tstate" : { "idle" : 979023, "run" : 20525, "locked" : 0, "mmap" : 146 }
      },
      "00028" : {
        "mmconts" : [149, 149, 149],
        "acts" : [2, 2],
        "tstate" : { "idle" : 999101, "run" : 592, "locked" : 0, "mmap" : 0 }
      }
    }
  },
  "benchmark_io" : {
    "simple_times" : {
      "mcount" : {
        "mcount" : { "265 -- 423" : 10 }
      }
    },
    "stream_method" : {
      "conns" : [10, 10],
      "in" : [3230, 3230],
      "out" : [310, 310],
      "mmtasks" : [2, 2, 3],
      "load" : 0.516,
      "mcount" : {
        "mcount" : { "Success" : 10 }
      },
      "http_proto0" : {
        "mcount" : {
          "mcount" : { "Bad Request" : 10 }
        }
      },
      "source_log" : {
        "delta" : [0, 0, 0]
      },
      "loggers" : {
        "brief_logger" : {
          "records" : [10, 10],
          "out" : [625, 625]
        },
        "benchmark_logger" : {
          "records" : [10, 10],
          "out" : [3790, 3791]
        }
      }
    }
  }
},
"2017-11-24 14:03:13.480 +0000" : {
  "main_scheduler" : {
    "bqs" : {
      "00026" : {
        "mmconts" : [122, 122, 122],
        "acts" : [1, 0],
        "tstate" : { "idle" : 1000039, "run" : 520, "locked" : 0, "mmap" : 0 }
      },
      "00027" : {
        "mmconts" : [127, 132, 137],
        "acts" : [62, 61],
        "tstate" : { "idle" : 979567, "run" : 20860, "locked" : 0, "mmap" : 133 }
      },
      "00028" : {
        "mmconts" : [149, 149, 149],
        "acts" : [2, 1],
        "tstate" : { "idle" : 999970, "run" : 590, "locked" : 0, "mmap" : 0 }
      }
    }
  },
  "benchmark_io" : {
    "simple_times" : {
      "mcount" : {
        "mcount" : { "265 -- 423" : 10 }
      }
    },
    "stream_method" : {
      "conns" : [10, 9],
      "in" : [3230, 3228],
      "out" : [310, 309],
      "mmtasks" : [2, 2, 3],
      "load" : 0.517,
      "mcount" : {
        "mcount" : { "Success" : 10 }
      },
      "http_proto0" : {
        "mcount" : {
          "mcount" : { "Bad Request" : 10 }
        }
      },
      "source_log" : {
        "delta" : [0, 0, 0]
      },
      "loggers" : {
        "brief_logger" : {
          "records" : [10, 9],
          "out" : [622, 621]
        },
        "benchmark_logger" : {
          "records" : [10, 9],
          "out" : [3790, 3787]
        }
      }
    }
  }
},
"2017-11-24 14:03:14.479 +0000" : {
  "main_scheduler" : {
    "bqs" : {
      "00026" : {
        "mmconts" : [122, 122, 122],
        "acts" : [2, 2],
        "tstate" : { "idle" : 998623, "run" : 610, "locked" : 0, "mmap" : 0 }
      },
      "00027" : {
        "mmconts" : [117, 122, 127],
        "acts" : [65, 65],
        "tstate" : { "idle" : 977515, "run" : 21584, "locked" : 0, "mmap" : 134 }
      },
      "00028" : {
        "mmconts" : [149, 149, 149],
        "acts" : [2, 2],
        "tstate" : { "idle" : 998626, "run" : 607, "locked" : 0, "mmap" : 0 }
      }
    }
  },
  "benchmark_io" : {
    "simple_times" : {
      "mcount" : {
        "mcount" : { "265 -- 423" : 10 }
      }
    },
    "stream_method" : {
      "conns" : [10, 10],
      "in" : [3230, 3232],
      "out" : [310, 310],
      "mmtasks" : [2, 2, 3],
      "load" : 0.516,
      "mcount" : {
        "mcount" : { "Success" : 10 }
      },
      "http_proto0" : {
        "mcount" : {
          "mcount" : { "Bad Request" : 10 }
        }
      },
      "source_log" : {
        "delta" : [0, 0, 0]
      },
      "loggers" : {
        "brief_logger" : {
          "records" : [10, 10],
          "out" : [627, 627]
        },
        "benchmark_logger" : {
          "records" : [10, 10],
          "out" : [3790, 3792]
        }
      }
    }
  }
},
"2017-11-24 14:03:15.480 +0000" : {
  "main_scheduler" : {
    "bqs" : {
      "00026" : {
        "mmconts" : [122, 122, 122],
        "acts" : [2, 1],
        "tstate" : { "idle" : 1000162, "run" : 625, "locked" : 0, "mmap" : 0 }
      },
      "00027" : {
        "mmconts" : [107, 112, 117],
        "acts" : [66, 65],
        "tstate" : { "idle" : 978717, "run" : 21936, "locked" : 0, "mmap" : 132 }
      },
      "00028" : {
        "mmconts" : [149, 149, 149],
        "acts" : [2, 1],
        "tstate" : { "idle" : 1000180, "run" : 606, "locked" : 0, "mmap" : 0 }
      }
    }
  },
  "benchmark_io" : {
    "simple_times" : {
      "mcount" : {
        "mcount" : { "265 -- 423" : 10 }
      }
    },
    "stream_method" : {
      "conns" : [10, 9],
      "in" : [3230, 3227],
      "out" : [310, 309],
      "mmtasks" : [2, 2, 3],
      "load" : 0.516,
      "mcount" : {
        "mcount" : { "Success" : 10 }
      },
      "http_proto0" : {
        "mcount" : {
          "mcount" : { "Bad Request" : 10 }
        }
      },
      "source_log" : {
        "delta" : [0, 0, 0]
      },
      "loggers" : {
        "brief_logger" : {
          "records" : [10, 9],
          "out" : [629, 628]
        },
        "benchmark_logger" : {
          "records" : [10, 9],
          "out" : [3790, 3787]
        }
      }
    }
  }
},
"2017-11-24 14:03:16.479 +0000" : {
  "main_scheduler" : {
    "bqs" : {
      "00026" : {
        "mmconts" : [122, 122, 122],
        "acts" : [2, 2],
        "tstate" : { "idle" : 998649, "run" : 642, "locked" : 0, "mmap" : 0 }
      },
      "00027" : {
        "mmconts" : [97, 102, 107],
        "acts" : [65, 65],
        "tstate" : { "idle" : 978587, "run" : 20566, "locked" : 0, "mmap" : 138 }
      },
      "00028" : {
        "mmconts" : [149, 149, 149],
        "acts" : [2, 2],
        "tstate" : { "idle" : 998753, "run" : 537, "locked" : 0, "mmap" : 0 }
      }
    }
  },
  "benchmark_io" : {
    "simple_times" : {
      "mcount" : {
        "mcount" : { "265 -- 423" : 10 }
      }
    },
    "stream_method" : {
      "conns" : [10, 10],
      "in" : [3230, 3232],
      "out" : [310, 310],
      "mmtasks" : [2, 2, 3],
      "load" : 0.517,
      "mcount" : {
        "mcount" : { "Success" : 10 }
      },
      "http_proto0" : {
        "mcount" : {
          "mcount" : { "Bad Request" : 10 }
        }
      },
      "source_log" : {
        "delta" : [0, 0, 0]
      },
      "loggers" : {
        "brief_logger" : {
          "records" : [10, 10],
          "out" : [627, 627]
        },
        "benchmark_logger" : {
          "records" : [10, 10],
          "out" : [3790, 3792]
        }
      }
    }
  }
},
"2017-11-24 14:03:17.479 +0000" : {
  "main_scheduler" : {
    "bqs" : {
      "00026" : {
        "mmconts" : [122, 122, 122],
        "acts" : [2, 1],
        "tstate" : { "idle" : 999864, "run" : 582, "locked" : 0, "mmap" : 0 }
      },
      "00027" : {
        "mmconts" : [87, 92, 97],
        "acts" : [65, 64],
        "tstate" : { "idle" : 979938, "run" : 20360, "locked" : 0, "mmap" : 149 }
      },
      "00028" : {
        "mmconts" : [149, 149, 149],
        "acts" : [2, 1],
        "tstate" : { "idle" : 999808, "run" : 639, "locked" : 0, "mmap" : 0 }
      }
    }
  },
  "benchmark_io" : {
    "simple_times" : {
      "mcount" : {
        "mcount" : { "265 -- 423" : 10 }
      }
    },
    "stream_method" : {
      "conns" : [10, 9],
      "in" : [3230, 3228],
      "out" : [310, 309],
      "mmtasks" : [2, 2, 3],
      "load" : 0.515,
      "mcount" : {
        "mcount" : { "Success" : 10 }
      },
      "http_proto0" : {
        "mcount" : {
          "mcount" : { "Bad Request" : 10 }
        }
      },
      "source_log" : {
        "delta" : [0, 0, 0]
      },
      "loggers" : {
        "brief_logger" : {
          "records" : [10, 9],
          "out" : [627, 626]
        },
        "benchmark_logger" : {
          "records" : [10, 9],
          "out" : [3790, 3788]
        }
      }
    }
  }
},
"2017-11-24 14:03:18.479 +0000" : {
  "main_scheduler" : {
    "bqs" : {
      "00026" : {
        "mmconts" : [122, 122, 122],
        "acts" : [2, 2],
        "tstate" : { "idle" : 999343, "run" : 592, "locked" : 0, "mmap" : 0 }
      },
      "00027" : {
        "mmconts" : [77, 82, 87],
        "acts" : [69, 69],
        "tstate" : { "idle" : 979406, "run" : 20390, "locked" : 0, "mmap" : 140 }
      },
      "00028" : {
        "mmconts" : [149, 149, 149],
        "acts" : [2, 2],
        "tstate" : { "idle" : 999349, "run" : 588, "locked" : 0, "mmap" : 0 }
      }
    }
  },
  "benchmark_io" : {
    "simple_times" : {
      "mcount" : {
        "mcount" : { "265 -- 423" : 10 }
      }
    },
    "stream_method" : {
      "conns" : [10, 10],
      "in" : [3230, 3230],
      "out" : [310, 310],
      "mmtasks" : [2, 2, 3],
      "load" : 0.515,
      "mcount" : {
        "mcount" : { "Success" : 10 }
      },
      "http_proto0" : {
        "mcount" : {
          "mcount" : { "Bad Request" : 10 }
        }
      },
      "source_log" : {
        "delta" : [0, 0, 0]
      },
      "loggers" : {
        "brief_logger" : {
          "records" : [10, 10],
          "out" : [628, 628]
        },
        "benchmark_logger" : {
          "records" : [10, 10],
          "out" : [3790, 3790]
        }
      }
    }
  }
},
"2017-11-24 14:03:19.479 +0000" : {
  "main_scheduler" : {
    "bqs" : {
      "00026" : {
        "mmconts" : [122, 122, 122],
        "acts" : [2, 2],
        "tstate" : { "idle" : 999311, "run" : 614, "locked" : 0, "mmap" : 0 }
      },
      "00027" : {
        "mmconts" : [67, 72, 77],
        "acts" : [64, 64],
        "tstate" : { "idle" : 979439, "run" : 20343, "locked" : 0, "mmap" : 142 }
      },
      "00028" : {
        "mmconts" : [149, 149, 149],
        "acts" : [2, 2],
        "tstate" : { "idle" : 999330, "run" : 593, "locked" : 0, "mmap" : 0 }
      }
    }
  },
  "benchmark_io" : {
    "simple_times" : {
      "mcount" : {
        "mcount" : { "265 -- 423" : 10 }
      }
    },
    "stream_method" : {
      "conns" : [10, 10],
      "in" : [3230, 3230],
      "out" : [310, 310],
      "mmtasks" : [2, 2, 3],
      "load" : 0.514,
      "mcount" : {
        "mcount" : { "Success" : 10 }
      },
      "http_proto0" : {
        "mcount" : {
          "mcount" : { "Bad Request" : 10 }
        }
      },
      "source_log" : {
        "delta" : [0, 0, 0]
      },
      "loggers" : {
        "brief_logger" : {
          "records" : [10, 10],
          "out" : [624, 624]
        },
        "benchmark_logger" : {
          "records" : [10, 10],
          "out" : [3790, 3790]
        }
      }
    }
  }
},
"2017-11-24 14:03:20.480 +0000" : {
  "main_scheduler" : {
    "bqs" : {
      "00026" : {
        "mmconts" : [122, 122, 122],
        "acts" : [2, 1],
        "tstate" : { "idle" : 999776, "run" : 701, "locked" : 0, "mmap" : 0 }
      },
      "00027" : {
        "mmconts" : [57, 62, 67],
        "acts" : [65, 64],
        "tstate" : { "idle" : 980182, "run" : 20166, "locked" : 0, "mmap" : 129 }
      },
      "00028" : {
        "mmconts" : [149, 149, 149],
        "acts" : [2, 1],
        "tstate" : { "idle" : 999831, "run" : 646, "locked" : 0, "mmap" : 0 }
      }
    }
  },
  "benchmark_io" : {
    "simple_times" : {
      "mcount" : {
        "mcount" : { "265 -- 423" : 10 }
      }
    },
    "stream_method" : {
      "conns" : [10, 9],
      "in" : [3230, 3228],
      "out" : [310, 309],
      "mmtasks" : [2, 2, 3],
      "load" : 0.515,
      "mcount" : {
        "mcount" : { "Success" : 10 }
      },
      "http_proto0" : {
        "mcount" : {
          "mcount" : { "Bad Request" : 10 }
        }
      },
      "source_log" : {
        "delta" : [0, 0, 0]
      },
      "loggers" : {
        "brief_logger" : {
          "records" : [10, 9],
          "out" : [627, 626]
        },
        "benchmark_logger" : {
          "records" : [10, 9],
          "out" : [3790, 3788]
        }
      }
    }
  }
},
"2017-11-24 14:03:21.480 +0000" : {
  "main_scheduler" : {
    "bqs" : {
      "00026" : {
        "mmconts" : [122, 122, 122],
        "acts" : [2, 2],
        "tstate" : { "idle" : 999134, "run" : 605, "locked" : 0, "mmap" : 0 }
      },
      "00027" : {
        "mmconts" : [47, 52, 57],
        "acts" : [63, 63],
        "tstate" : { "idle" : 978925, "run" : 20675, "locked" : 0, "mmap" : 139 }
      },
      "00028" : {
        "mmconts" : [149, 149, 149],
        "acts" : [2, 2],
        "tstate" : { "idle" : 999153, "run" : 586, "locked" : 0, "mmap" : 0 }
      }
    }
  },
  "benchmark_io" : {
    "simple_times" : {
      "mcount" : {
        "mcount" : { "265 -- 423" : 10 }
      }
    },
    "stream_method" : {
      "conns" : [10, 10],
      "in" : [3230, 3230],
      "out" : [310, 310],
      "mmtasks" : [2, 2, 3],
      "load" : 0.515,
      "mcount" : {
        "mcount" : { "Success" : 10 }
      },
      "http_proto0" : {
        "mcount" : {
          "mcount" : { "Bad Request" : 10 }
        }
      },
      "source_log" : {
        "delta" : [0, 0, 0]
      },
      "loggers" : {
        "brief_logger" : {
          "records" : [10, 10],
          "out" : [625, 625]
        },
        "benchmark_logger" : {
          "records" : [10, 10],
          "out" : [3790, 3791]
        }
      }
    }
  }
},
"2017-11-24 14:03:22.480 +0000" : {
  "main_scheduler" : {
    "bqs" : {
      "00026" : {
        "mmconts" : [122, 122, 122],
        "acts" : [2, 1],
        "tstate" : { "idle" : 999717, "run" : 584, "locked" : 0, "mmap" : 0 }
      },
      "00027" : {
        "mmconts" : [37, 42, 47],
        "acts" : [65, 64],
        "tstate" : { "idle" : 978332, "run" : 21835, "locked" : 0, "mmap" : 133 }
      },
      "00028" : {
        "mmconts" : [149, 149, 149],
        "acts" : [2, 1],
        "tstate" : { "idle" : 999697, "run" : 603, "locked" : 0, "mmap" : 0 }
      }
    }
  },
  "benchmark_io" : {
    "simple_times" : {
      "mcount" : {
        "mcount" : { "265 -- 423" : 10 }
      }
    },
    "stream_method" : {
      "conns" : [11, 10],
      "in" : [3230, 3229],
      "out" : [341, 340],
      "mmtasks" : [2, 2, 3],
      "load" : 0.515,
      "mcount" : {
        "mcount" : { "Success" : 10 }
      },
      "http_proto0" : {
        "mcount" : {
          "mcount" : { "Bad Request" : 10 }
        }
      },
      "source_log" : {
        "delta" : [0, 0, 0]
      },
      "loggers" : {
        "brief_logger" : {
          "records" : [10, 9],
          "out" : [628, 627]
        },
        "benchmark_logger" : {
          "records" : [10, 9],
          "out" : [3790, 3788]
        }
      }
    }
  }
},
"2017-11-24 14:03:23.479 +0000" : {
  "main_scheduler" : {
    "bqs" : {
      "00026" : {
        "mmconts" : [122, 122, 122],
        "acts" : [2, 2],
        "tstate" : { "idle" : 998645, "run" : 579, "locked" : 0, "mmap" : 0 }
      },
      "00027" : {
        "mmconts" : [27, 32, 37],
        "acts" : [63, 63],
        "tstate" : { "idle" : 978349, "run" : 20731, "locked" : 0, "mmap" : 144 }
      },
      "00028" : {
        "mmconts" : [149, 149, 149],
        "acts" : [2, 2],
        "tstate" : { "idle" : 998635, "run" : 589, "locked" : 0, "mmap" : 0 }
      }
    }
  },
  "benchmark_io" : {
    "simple_times" : {
      "mcount" : {
        "mcount" : { "265 -- 423" : 10 }
      }
    },
    "stream_method" : {
      "conns" : [9, 9],
      "in" : [3230, 3232],
      "out" : [279, 279],
      "mmtasks" : [2, 2, 3],
      "load" : 0.513,
      "mcount" : {
        "mcount" : { "Success" : 10 }
      },
      "http_proto0" : {
        "mcount" : {
          "mcount" : { "Bad Request" : 10 }
        }
      },
      "source_log" : {
        "delta" : [0, 0, 0]
      },
      "loggers" : {
        "brief_logger" : {
          "records" : [10, 10],
          "out" : [627, 627]
        },
        "benchmark_logger" : {
          "records" : [10, 10],
          "out" : [3790, 3792]
        }
      }
    }
  }
},
"2017-11-24 14:03:24.479 +0000" : {
  "main_scheduler" : {
    "bqs" : {
      "00026" : {
        "mmconts" : [122, 122, 122],
        "acts" : [2, 1],
        "tstate" : { "idle" : 999776, "run" : 647, "locked" : 0, "mmap" : 0 }
      },
      "00027" : {
        "mmconts" : [17, 22, 27],
        "acts" : [65, 64],
        "tstate" : { "idle" : 980029, "run" : 20248, "locked" : 0, "mmap" : 146 }
      },
      "00028" : {
        "mmconts" : [149, 149, 149],
        "acts" : [2, 1],
        "tstate" : { "idle" : 999792, "run" : 632, "locked" : 0, "mmap" : 0 }
      }
    }
  },
  "benchmark_io" : {
    "simple_times" : {
      "mcount" : {
        "mcount" : { "265 -- 423" : 10 }
      }
    },
    "stream_method" : {
      "conns" : [10, 9],
      "in" : [3230, 3228],
      "out" : [310, 309],
      "mmtasks" : [2, 2, 3],
      "load" : 0.516,
      "mcount" : {
        "mcount" : { "Success" : 10 }
      },
      "http_proto0" : {
        "mcount" : {
          "mcount" : { "Bad Request" : 10 }
        }
      },
      "source_log" : {
        "delta" : [0, 0, 0]
      },
      "loggers" : {
        "brief_logger" : {
          "records" : [10, 9],
          "out" : [626, 625]
        },
        "benchmark_logger" : {
          "records" : [10, 9],
          "out" : [3790, 3788]
        }
      }
    }
  }
},
"2017-11-24 14:03:25.479 +0000" : {
  "main_scheduler" : {
    "bqs" : {
      "00026" : {
        "mmconts" : [122, 122, 122],
        "acts" : [2, 2],
        "tstate" : { "idle" : 998903, "run" : 590, "locked" : 0, "mmap" : 0 }
      },
      "00027" : {
        "mmconts" : [7, 12, 17],
        "acts" : [65, 65],
        "tstate" : { "idle" : 978137, "run" : 21210, "locked" : 0, "mmap" : 147 }
      },
      "00028" : {
        "mmconts" : [149, 149, 149],
        "acts" : [2, 2],
        "tstate" : { "idle" : 998851, "run" : 643, "locked" : 0, "mmap" : 0 }
      }
    }
  },
  "benchmark_io" : {
    "simple_times" : {
      "mcount" : {
        "mcount" : { "265 -- 423" : 10 }
      }
    },
    "stream_method" : {
      "conns" : [10, 10],
      "in" : [3230, 3231],
      "out" : [310, 310],
      "mmtasks" : [2, 2, 3],
      "load" : 0.515,
      "mcount" : {
        "mcount" : { "Success" : 10 }
      },
      "http_proto0" : {
        "mcount" : {
          "mcount" : { "Bad Request" : 10 }
        }
      },
      "source_log" : {
        "delta" : [0, 0, 0]
      },
      "loggers" : {
        "brief_logger" : {
          "records" : [10, 10],
          "out" : [626, 626]
        },
        "benchmark_logger" : {
          "records" : [10, 10],
          "out" : [3790, 3791]
        }
      }
    }
  }
},
"2017-11-24 14:03:26.480 +0000" : {
  "main_scheduler" : {
    "bqs" : {
      "00026" : {
        "mmconts" : [122, 122, 122],
        "acts" : [2, 1],
        "tstate" : { "idle" : 999992, "run" : 585, "locked" : 0, "mmap" : 0 }
      },
      "00027" : {
        "mmconts" : [2, 3, 7],
        "acts" : [27, 26],
        "tstate" : { "idle" : 991510, "run" : 8993, "locked" : 0, "mmap" : 74 }
      },
      "00028" : {
        "mmconts" : [144, 147, 149],
        "acts" : [40, 39],
        "tstate" : { "idle" : 988022, "run" : 12481, "locked" : 0, "mmap" : 73 }
      }
    }
  },
  "benchmark_io" : {
    "simple_times" : {
      "mcount" : {
        "mcount" : { "265 -- 423" : 10 }
      }
    },
    "stream_method" : {
      "conns" : [11, 10],
      "in" : [3230, 3228],
      "out" : [341, 340],
      "mmtasks" : [2, 2, 3],
      "load" : 0.514,
      "mcount" : {
        "mcount" : { "Success" : 10 }
      },
      "http_proto0" : {
        "mcount" : {
          "mcount" : { "Bad Request" : 10 }
        }
      },
      "source_log" : {
        "delta" : [0, 0, 0]
      },
      "loggers" : {
        "brief_logger" : {
          "records" : [10, 9],
          "out" : [627, 626]
        },
        "benchmark_logger" : {
          "records" : [10, 9],
          "out" : [3790, 3787]
        }
      }
    }
  }
},
"2017-11-24 14:03:27.479 +0000" : {
  "main_scheduler" : {
    "bqs" : {
      "00026" : {
        "mmconts" : [122, 122, 122],
        "acts" : [2, 2],
        "tstate" : { "idle" : 998921, "run" : 596, "locked" : 0, "mmap" : 0 }
      },
      "00027" : {
        "mmconts" : [2, 2, 2],
        "acts" : [1, 1],
        "tstate" : { "idle" : 998855, "run" : 662, "locked" : 0, "mmap" : 0 }
      },
      "00028" : {
        "mmconts" : [134, 139, 144],
        "acts" : [65, 65],
        "tstate" : { "idle" : 977421, "run" : 21957, "locked" : 0, "mmap" : 139 }
      }
    }
  },
  "benchmark_io" : {
    "simple_times" : {
      "mcount" : {
        "mcount" : { "265 -- 423" : 10 }
      }
    },
    "stream_method" : {
      "conns" : [9, 9],
      "in" : [3230, 3231],
      "out" : [279, 279],
      "mmtasks" : [2, 2, 3],
      "load" : 0.515,
      "mcount" : {
        "mcount" : { "Success" : 10 }
      },
      "http_proto0" : {
        "mcount" : {
          "mcount" : { "Bad Request" : 10 }
        }
      },
      "source_log" : {
        "delta" : [0, 0, 0]
      },
      "loggers" : {
        "brief_logger" : {
          "records" : [10, 10],
          "out" : [626, 626]
        },
        "benchmark_logger" : {
          "records" : [10, 10],
          "out" : [3790, 3791]
        }
      }
    }
  }
},
"2017-11-24 14:03:28.479 +0000" : {
  "main_scheduler" : {
    "bqs" : {
      "00026" : {
        "mmconts" : [121, 121, 122],
        "acts" : [10, 9],
        "tstate" : { "idle" : 997501, "run" : 2798, "locked" : 0, "mmap" : 12 }
      },
      "00027" : {
        "mmconts" : [2, 2, 2],
        "acts" : [1, 0],
        "tstate" : { "idle" : 999729, "run" : 583, "locked" : 0, "mmap" : 0 }
      },
      "00028" : {
        "mmconts" : [125, 129, 134],
        "acts" : [57, 56],
        "tstate" : { "idle" : 981850, "run" : 18334, "locked" : 0, "mmap" : 128 }
      }
    }
  },
  "benchmark_io" : {
    "simple_times" : {
      "mcount" : {
        "mcount" : { "265 -- 423" : 10 }
      }
    },
    "stream_method" : {
      "conns" : [10, 9],
      "in" : [3230, 3228],
      "out" : [310, 309],
      "mmtasks" : [2, 2, 3],
      "load" : 0.514,
      "mcount" : {
        "mcount" : { "Success" : 10 }
      },
      "http_proto0" : {
        "mcount" : {
          "mcount" : { "Bad Request" : 10 }
        }
      },
      "source_log" : {
        "delta" : [0, 0, 0]
      },
      "loggers" : {
        "brief_logger" : {
          "records" : [10, 9],
          "out" : [627, 626]
        },
        "benchmark_logger" : {
          "records" : [10, 9],
          "out" : [3790, 3788]
        }
      }
    }
  }
},
"2017-11-24 14:03:29.479 +0000" : {
  "main_scheduler" : {
    "bqs" : {
      "00026" : {
        "mmconts" : [117, 118, 121],
        "acts" : [26, 26],
        "tstate" : { "idle" : 990202, "run" : 9366, "locked" : 0, "mmap" : 55 }
      },
      "00027" : {
        "mmconts" : [2, 2, 2],
        "acts" : [1, 1],
        "tstate" : { "idle" : 998982, "run" : 640, "locked" : 0, "mmap" : 0 }
      },
      "00028" : {
        "mmconts" : [119, 122, 125],
        "acts" : [41, 41],
        "tstate" : { "idle" : 986710, "run" : 12834, "locked" : 0, "mmap" : 78 }
      }
    }
  },
  "benchmark_io" : {
    "simple_times" : {
      "mcount" : {
        "mcount" : { "265 -- 423" : 10 }
      }
    },
    "stream_method" : {
      "conns" : [11, 11],
      "in" : [3230, 3231],
      "out" : [341, 341],
      "mmtasks" : [2, 2, 3],
      "load" : 0.514,
      "mcount" : {
        "mcount" : { "Success" : 10 }
      },
      "http_proto0" : {
        "mcount" : {
          "mcount" : { "Bad Request" : 10 }
        }
      },
      "source_log" : {
        "delta" : [0, 0, 0]
      },
      "loggers" : {
        "brief_logger" : {
          "records" : [10, 10],
          "out" : [627, 627]
        },
        "benchmark_logger" : {
          "records" : [10, 10],
          "out" : [3790, 3791]
        }
      }
    }
  }
},
"2017-11-24 14:03:30.480 +0000" : {
  "main_scheduler" : {
    "bqs" : {
      "00026" : {
        "mmconts" : [112, 114, 117],
        "acts" : [40, 39],
        "tstate" : { "idle" : 988406, "run" : 12221, "locked" : 0, "mmap" : 88 }
      },
      "00027" : {
        "mmconts" : [2, 2, 2],
        "acts" : [1, 0],
        "tstate" : { "idle" : 1000112, "run" : 602, "locked" : 0, "mmap" : 0 }
      },
      "00028" : {
        "mmconts" : [114, 116, 119],
        "acts" : [27, 26],
        "tstate" : { "idle" : 991460, "run" : 9159, "locked" : 0, "mmap" : 96 }
      }
    }
  },
  "benchmark_io" : {
    "simple_times" : {
      "mcount" : {
        "mcount" : { "265 -- 423" : 10 }
      }
    },
    "stream_method" : {
      "conns" : [9, 8],
      "in" : [3230, 3227],
      "out" : [279, 278],
      "mmtasks" : [2, 2, 3],
      "load" : 0.513,
      "mcount" : {
        "mcount" : { "Success" : 10 }
      },
      "http_proto0" : {
        "mcount" : {
          "mcount" : { "Bad Request" : 10 }
        }
      },
      "source_log" : {
        "delta" : [0, 0, 0]
      },
      "loggers" : {
        "brief_logger" : {
          "records" : [10, 9],
          "out" : [629, 628]
        },
        "benchmark_logger" : {
          "records" : [10, 9],
          "out" : [3790, 3787]
        }
      }
    }
  }
},
"2017-11-24 14:03:31.479 +0000" : {
  "main_scheduler" : {
    "bqs" : {
      "00026" : {
        "mmconts" : [106, 108, 112],
        "acts" : [35, 35],
        "tstate" : { "idle" : 988556, "run" : 10708, "locked" : 0, "mmap" : 92 }
      },
      "00027" : {
        "mmconts" : [2, 2, 2],
        "acts" : [1, 1],
        "tstate" : { "idle" : 998802, "run" : 555, "locked" : 0, "mmap" : 0 }
      },
      "00028" : {
        "mmconts" : [110, 112, 114],
        "acts" : [33, 33],
        "tstate" : { "idle" : 988677, "run" : 10617, "locked" : 0, "mmap" : 62 }
      }
    }
  },
  "benchmark_io" : {
    "simple_times" : {
      "mcount" : {
        "mcount" : { "265 -- 423" : 10 }
      }
    },
    "stream_method" : {
      "conns" : [10, 10],
      "in" : [3230, 3232],
      "out" : [310, 310],
      "mmtasks" : [2, 2, 3],
      "load" : 0.515,
      "mcount" : {
        "mcount" : { "Success" : 10 }
      },
      "http_proto0" : {
        "mcount" : {
          "mcount" : { "Bad Request" : 10 }
        }
      },
      "source_log" : {
        "delta" : [0, 0, 0]
      },
      "loggers" : {
        "brief_logger" : {
          "records" : [10, 10],
          "out" : [626, 626]
        },
        "benchmark_logger" : {
          "records" : [10, 10],
          "out" : [3790, 3792]
        }
      }
    }
  }
},
"2017-11-24 14:03:32.480 +0000" : {
  "main_scheduler" : {
    "bqs" : {
      "00026" : {
        "mmconts" : [102, 104, 106],
        "acts" : [32, 31],
        "tstate" : { "idle" : 990185, "run" : 10228, "locked" : 0, "mmap" : 66 }
      },
      "00027" : {
        "mmconts" : [2, 2, 2],
        "acts" : [1, 0],
        "tstate" : { "idle" : 999857, "run" : 622, "locked" : 0, "mmap" : 0 }
      },
      "00028" : {
        "mmconts" : [104, 107, 110],
        "acts" : [39, 38],
        "tstate" : { "idle" : 989427, "run" : 10970, "locked" : 0, "mmap" : 82 }
      }
    }
  },
  "benchmark_io" : {
    "simple_times" : {
      "mcount" : {
        "mcount" : { "265 -- 423" : 10 }
      }
    },
    "stream_method" : {
      "conns" : [10, 9],
      "in" : [3230, 3228],
      "out" : [310, 309],
      "mmtasks" : [2, 2, 3],
      "load" : 0.517,
      "mcount" : {
        "mcount" : { "Success" : 10 }
      },
      "http_proto0" : {
        "mcount" : {
          "mcount" : { "Bad Request" : 10 }
        }
      },
      "source_log" : {
        "delta" : [0, 0, 0]
      },
      "loggers" : {
        "brief_logger" : {
          "records" : [10, 9],
          "out" : [629, 628]
        },
        "benchmark_logger" : {
          "records" : [10, 9],
          "out" : [3790, 3788]
        }
      }
    }
  }
},
"2017-11-24 14:03:33.480 +0000" : {
  "main_scheduler" : {
    "bqs" : {
      "00026" : {
        "mmconts" : [97, 99, 102],
        "acts" : [33, 32],
        "tstate" : { "idle" : 989498, "run" : 10494, "locked" : 0, "mmap" : 62 }
      },
      "00027" : {
        "mmconts" : [2, 2, 2],
        "acts" : [1, 0],
        "tstate" : { "idle" : 999388, "run" : 666, "locked" : 0, "mmap" : 0 }
      },
      "00028" : {
        "mmconts" : [99, 101, 104],
        "acts" : [33, 32],
        "tstate" : { "idle" : 989111, "run" : 10869, "locked" : 0, "mmap" : 74 }
      }
    }
  },
  "benchmark_io" : {
    "simple_times" : {
      "mcount" : {
        "mcount" : { "265 -- 423" : 10 }
      }
    },
    "stream_method" : {
      "conns" : [10, 9],
      "in" : [3230, 3229],
      "out" : [310, 309],
      "mmtasks" : [2, 2, 3],
      "load" : 0.516,
      "mcount" : {
        "mcount" : { "Success" : 10 }
      },
      "http_proto0" : {
        "mcount" : {
          "mcount" : { "Bad Request" : 10 }
        }
      },
      "source_log" : {
        "delta" : [0, 0, 0]
      },
      "loggers" : {
        "brief_logger" : {
          "records" : [10, 9],
          "out" : [629, 628]
        },
        "benchmark_logger" : {
          "records" : [10, 9],
          "out" : [3790, 3789]
        }
      }
    }
  }
},
"2017-11-24 14:03:34.480 +0000" : {
  "main_scheduler" : {
    "bqs" : {
      "00026" : {
        "mmconts" : [92, 94, 97],
        "acts" : [35, 34],
        "tstate" : { "idle" : 988585, "run" : 11610, "locked" : 0, "mmap" : 68 }
      },
      "00027" : {
        "mmconts" : [2, 2, 2],
        "acts" : [1, 0],
        "tstate" : { "idle" : 999550, "run" : 713, "locked" : 0, "mmap" : 0 }
      },
      "00028" : {
        "mmconts" : [94, 96, 99],
        "acts" : [33, 32],
        "tstate" : { "idle" : 989581, "run" : 10610, "locked" : 0, "mmap" : 72 }
      }
    }
  },
  "benchmark_io" : {
    "simple_times" : {
      "mcount" : {
        "mcount" : { "265 -- 423" : 10 }
      }
    },
    "stream_method" : {
      "conns" : [11, 10],
      "in" : [3230, 3229],
      "out" : [341, 340],
      "mmtasks" : [2, 2, 3],
      "load" : 0.514,
      "mcount" : {
        "mcount" : { "Success" : 10 }
      },
      "http_proto0" : {
        "mcount" : {
          "mcount" : { "Bad Request" : 10 }
        }
      },
      "source_log" : {
        "delta" : [0, 0, 0]
      },
      "loggers" : {
        "brief_logger" : {
          "records" : [10, 9],
          "out" : [629, 628]
        },
        "benchmark_logger" : {
          "records" : [10, 9],
          "out" : [3790, 3788]
        }
      }
    }
  }
},
"2017-11-24 14:03:35.480 +0000" : {
  "main_scheduler" : {
    "bqs" : {
      "00026" : {
        "mmconts" : [87, 89, 92],
        "acts" : [31, 31],
        "tstate" : { "idle" : 989322, "run" : 10390, "locked" : 0, "mmap" : 66 }
      },
      "00027" : {
        "mmconts" : [2, 2, 2],
        "acts" : [1, 1],
        "tstate" : { "idle" : 999168, "run" : 610, "locked" : 0, "mmap" : 0 }
      },
      "00028" : {
        "mmconts" : [89, 91, 94],
        "acts" : [33, 33],
        "tstate" : { "idle" : 989188, "run" : 10524, "locked" : 0, "mmap" : 67 }
      }
    }
  },
  "benchmark_io" : {
    "simple_times" : {
      "mcount" : {
        "mcount" : { "265 -- 423" : 10 }
      }
    },
    "stream_method" : {
      "conns" : [9, 9],
      "in" : [3230, 3230],
      "out" : [279, 279],
      "mmtasks" : [2, 2, 3],
      "load" : 0.514,
      "mcount" : {
        "mcount" : { "Success" : 10 }
      },
      "http_proto0" : {
        "mcount" : {
          "mcount" : { "Bad Request" : 10 }
        }
      },
      "source_log" : {
        "delta" : [0, 0, 0]
      },
      "loggers" : {
        "brief_logger" : {
          "records" : [10, 10],
          "out" : [628, 628]
        },
        "benchmark_logger" : {
          "records" : [10, 10],
          "out" : [3790, 3790]
        }
      }
    }
  }
},
"2017-11-24 14:03:36.479 +0000" : {
  "main_scheduler" : {
    "bqs" : {
      "00026" : {
        "mmconts" : [82, 84, 87],
        "acts" : [36, 36],
        "tstate" : { "idle" : 988727, "run" : 10528, "locked" : 0, "mmap" : 159 }
      },
      "00027" : {
        "mmconts" : [2, 2, 2],
        "acts" : [1, 1],
        "tstate" : { "idle" : 998803, "run" : 611, "locked" : 0, "mmap" : 0 }
      },
      "00028" : {
        "mmconts" : [84, 86, 89],
        "acts" : [34, 34],
        "tstate" : { "idle" : 988824, "run" : 10520, "locked" : 0, "mmap" : 69 }
      }
    }
  },
  "benchmark_io" : {
    "simple_times" : {
      "mcount" : {
        "mcount" : { "265 -- 423" : 10 }
      }
    },
    "stream_method" : {
      "conns" : [10, 10],
      "in" : [3230, 3231],
      "out" : [310, 310],
      "mmtasks" : [2, 2, 3],
      "load" : 0.514,
      "mcount" : {
        "mcount" : { "Success" : 10 }
      },
      "http_proto0" : {
        "mcount" : {
          "mcount" : { "Bad Request" : 10 }
        }
      },
      "source_log" : {
        "delta" : [0, 0, 0]
      },
      "loggers" : {
        "brief_logger" : {
          "records" : [10, 10],
          "out" : [627, 627]
        },
        "benchmark_logger" : {
          "records" : [10, 10],
          "out" : [3790, 3792]
        }
      }
    }
  }
},
"2017-11-24 14:03:37.479 +0000" : {
  "main_scheduler" : {
    "bqs" : {
      "00026" : {
        "mmconts" : [77, 79, 82],
        "acts" : [31, 31],
        "tstate" : { "idle" : 990170, "run" : 9756, "locked" : 0, "mmap" : 73 }
      },
      "00027" : {
        "mmconts" : [2, 2, 2],
        "acts" : [1, 1],
        "tstate" : { "idle" : 999460, "run" : 539, "locked" : 0, "mmap" : 0 }
      },
      "00028" : {
        "mmconts" : [79, 81, 84],
        "acts" : [35, 35],
        "tstate" : { "idle" : 987688, "run" : 12241, "locked" : 0, "mmap" : 70 }
      }
    }
  },
  "benchmark_io" : {
    "simple_times" : {
      "mcount" : {
        "mcount" : { "265 -- 423" : 10 }
      }
    },
    "stream_method" : {
      "conns" : [10, 9],
      "in" : [3230, 3229],
      "out" : [310, 309],
      "mmtasks" : [2, 2, 3],
      "load" : 0.516,
      "mcount" : {
        "mcount" : { "Success" : 10 }
      },
      "http_proto0" : {
        "mcount" : {
          "mcount" : { "Bad Request" : 10 }
        }
      },
      "source_log" : {
        "delta" : [0, 0, 0]
      },
      "loggers" : {
        "brief_logger" : {
          "records" : [10, 9],
          "out" : [627, 626]
        },
        "benchmark_logger" : {
          "records" : [10, 9],
          "out" : [3790, 3789]
        }
      }
    }
  }
},
"2017-11-24 14:03:38.480 +0000" : {
  "main_scheduler" : {
    "bqs" : {
      "00026" : {
        "mmconts" : [73, 75, 77],
        "acts" : [30, 29],
        "tstate" : { "idle" : 990171, "run" : 10393, "locked" : 0, "mmap" : 53 }
      },
      "00027" : {
        "mmconts" : [2, 2, 2],
        "acts" : [1, 0],
        "tstate" : { "idle" : 999997, "run" : 620, "locked" : 0, "mmap" : 0 }
      },
      "00028" : {
        "mmconts" : [73, 76, 79],
        "acts" : [37, 36],
        "tstate" : { "idle" : 989255, "run" : 11255, "locked" : 0, "mmap" : 107 }
      }
    }
  },
  "benchmark_io" : {
    "simple_times" : {
      "mcount" : {
        "mcount" : { "265 -- 423" : 10 }
      }
    },
    "stream_method" : {
      "conns" : [10, 9],
      "in" : [3230, 3228],
      "out" : [310, 309],
      "mmtasks" : [2, 2, 3],
      "load" : 0.514,
      "mcount" : {
        "mcount" : { "Success" : 10 }
      },
      "http_proto0" : {
        "mcount" : {
          "mcount" : { "Bad Request" : 10 }
        }
      },
      "source_log" : {
        "delta" : [0, 0, 0]
      },
      "loggers" : {
        "brief_logger" : {
          "records" : [10, 9],
          "out" : [629, 628]
        },
        "benchmark_logger" : {
          "records" : [10, 9],
          "out" : [3790, 3787]
        }
      }
    }
  }
},
"2017-11-24 14:03:39.480 +0000" : {
  "main_scheduler" : {
    "bqs" : {
      "00026" : {
        "mmconts" : [68, 70, 73],
        "acts" : [31, 30],
        "tstate" : { "idle" : 990982, "run" : 9037, "locked" : 0, "mmap" : 64 }
      },
      "00027" : {
        "mmconts" : [2, 2, 2],
        "acts" : [1, 0],
        "tstate" : { "idle" : 999432, "run" : 651, "locked" : 0, "mmap" : 0 }
      },
      "00028" : {
        "mmconts" : [68, 70, 73],
        "acts" : [36, 35],
        "tstate" : { "idle" : 987940, "run" : 12072, "locked" : 0, "mmap" : 71 }
      }
    }
  },
  "benchmark_io" : {
    "simple_times" : {
      "mcount" : {
        "mcount" : { "265 -- 423" : 10 }
      }
    },
    "stream_method" : {
      "conns" : [10, 9],
      "in" : [3230, 3229],
      "out" : [310, 309],
      "mmtasks" : [2, 2, 3],
      "load" : 0.513,
      "mcount" : {
        "mcount" : { "Success" : 10 }
      },
      "http_proto0" : {
        "mcount" : {
          "mcount" : { "Bad Request" : 10 }
        }
      },
      "source_log" : {
        "delta" : [0, 0, 0]
      },
      "loggers" : {
        "brief_logger" : {
          "records" : [10, 9],
          "out" : [627, 626]
        },
        "benchmark_logger" : {
          "records" : [10, 9],
          "out" : [3790, 3789]
        }
      }
    }
  }
},
"2017-11-24 14:03:40.479 +0000" : {
  "main_scheduler" : {
    "bqs" : {
      "00026" : {
        "mmconts" : [63, 65, 68],
        "acts" : [34, 34],
        "tstate" : { "idle" : 988689, "run" : 10524, "locked" : 0, "mmap" : 66 }
      },
      "00027" : {
        "mmconts" : [2, 2, 2],
        "acts" : [1, 1],
        "tstate" : { "idle" : 998694, "run" : 585, "locked" : 0, "mmap" : 0 }
      },
      "00028" : {
        "mmconts" : [63, 65, 68],
        "acts" : [32, 32],
        "tstate" : { "idle" : 988746, "run" : 10462, "locked" : 0, "mmap" : 71 }
      }
    }
  },
  "benchmark_io" : {
    "simple_times" : {
      "mcount" : {
        "mcount" : { "265 -- 423" : 10 }
      }
    },
    "stream_method" : {
      "conns" : [10, 10],
      "in" : [3230, 3232],
      "out" : [310, 310],
      "mmtasks" : [2, 2, 3],
      "load" : 0.514,
      "mcount" : {
        "mcount" : { "Success" : 10 }
      },
      "http_proto0" : {
        "mcount" : {
          "mcount" : { "Bad Request" : 10 }
        }
      },
      "source_log" : {
        "delta" : [0, 0, 0]
      },
      "loggers" : {
        "brief_logger" : {
          "records" : [10, 10],
          "out" : [628, 628]
        },
        "benchmark_logger" : {
          "records" : [10, 10],
          "out" : [3790, 3792]
        }
      }
    }
  }
},
"2017-11-24 14:03:41.480 +0000" : {
  "main_scheduler" : {
    "bqs" : {
      "00026" : {
        "mmconts" : [59, 60, 63],
        "acts" : [29, 28],
        "tstate" : { "idle" : 989387, "run" : 11229, "locked" : 0, "mmap" : 55 }
      },
      "00027" : {
        "mmconts" : [2, 2, 2],
        "acts" : [1, 0],
        "tstate" : { "idle" : 1000092, "run" : 581, "locked" : 0, "mmap" : 0 }
      },
      "00028" : {
        "mmconts" : [57, 60, 63],
        "acts" : [36, 35],
        "tstate" : { "idle" : 989607, "run" : 10977, "locked" : 0, "mmap" : 89 }
      }
    }
  },
  "benchmark_io" : {
    "simple_times" : {
      "mcount" : {
        "mcount" : { "265 -- 423" : 10 }
      }
    },
    "stream_method" : {
      "conns" : [10, 9],
      "in" : [3230, 3227],
      "out" : [310, 309],
      "mmtasks" : [2, 2, 3],
      "load" : 0.515,
      "mcount" : {
        "mcount" : { "Success" : 10 }
      },
      "http_proto0" : {
        "mcount" : {
          "mcount" : { "Bad Request" : 10 }
        }
      },
      "source_log" : {
        "delta" : [0, 0, 0]
      },
      "loggers" : {
        "brief_logger" : {
          "records" : [10, 9],
          "out" : [627, 626]
        },
        "benchmark_logger" : {
          "records" : [10, 9],
          "out" : [3790, 3787]
        }
      }
    }
  }
},
"2017-11-24 14:03:42.479 +0000" : {
  "main_scheduler" : {
    "bqs" : {
      "00026" : {
        "mmconts" : [54, 56, 59],
        "acts" : [33, 33],
        "tstate" : { "idle" : 988442, "run" : 10806, "locked" : 0, "mmap" : 81 }
      },
      "00027" : {
        "mmconts" : [2, 2, 2],
        "acts" : [1, 1],
        "tstate" : { "idle" : 998715, "run" : 612, "locked" : 0, "mmap" : 0 }
      },
      "00028" : {
        "mmconts" : [52, 54, 57],
        "acts" : [34, 34],
        "tstate" : { "idle" : 987592, "run" : 11670, "locked" : 0, "mmap" : 65 }
      }
    }
  },
  "benchmark_io" : {
    "simple_times" : {
      "mcount" : {
        "mcount" : { "265 -- 423" : 10 }
      }
    },
    "stream_method" : {
      "conns" : [10, 10],
      "in" : [3230, 3232],
      "out" : [310, 310],
      "mmtasks" : [2, 2, 3],
      "load" : 0.516,
      "mcount" : {
        "mcount" : { "Success" : 10 }
      },
      "http_proto0" : {
        "mcount" : {
          "mcount" : { "Bad Request" : 10 }
        }
      },
      "source_log" : {
        "delta" : [0, 0, 0]
      },
      "loggers" : {
        "brief_logger" : {
          "records" : [10, 10],
          "out" : [629, 629]
        },
        "benchmark_logger" : {
          "records" : [10, 10],
          "out" : [3790, 3792]
        }
      }
    }
  }
},
"2017-11-24 14:03:43.480 +0000" : {
  "main_scheduler" : {
    "bqs" : {
      "00026" : {
        "mmconts" : [49, 51, 54],
        "acts" : [33, 32],
        "tstate" : { "idle" : 990075, "run" : 10367, "locked" : 0, "mmap" : 63 }
      },
      "00027" : {
        "mmconts" : [2, 2, 2],
        "acts" : [1, 0],
        "tstate" : { "idle" : 999832, "run" : 674, "locked" : 0, "mmap" : 0 }
      },
      "00028" : {
        "mmconts" : [47, 49, 52],
        "acts" : [32, 31],
        "tstate" : { "idle" : 989824, "run" : 10612, "locked" : 0, "mmap" : 70 }
      }
    }
  },
  "benchmark_io" : {
    "simple_times" : {
      "mcount" : {
        "mcount" : { "265 -- 423" : 10 }
      }
    },
    "stream_method" : {
      "conns" : [10, 9],
      "in" : [3230, 3228],
      "out" : [310, 309],
      "mmtasks" : [2, 2, 3],
      "load" : 0.516,
      "mcount" : {
        "mcount" : { "Success" : 10 }
      },
      "http_proto0" : {
        "mcount" : {
          "mcount" : { "Bad Request" : 10 }
        }
      },
      "source_log" : {
        "delta" : [0, 0, 0]
      },
      "loggers" : {
        "brief_logger" : {
          "records" : [10, 9],
          "out" : [629, 628]
        },
        "benchmark_logger" : {
          "records" : [10, 9],
          "out" : [3790, 3788]
        }
      }
    }
  }
},
"2017-11-24 14:03:44.479 +0000" : {
  "main_scheduler" : {
    "bqs" : {
      "00026" : {
        "mmconts" : [44, 46, 49],
        "acts" : [33, 33],
        "tstate" : { "idle" : 988607, "run" : 10617, "locked" : 0, "mmap" : 78 }
      },
      "00027" : {
        "mmconts" : [2, 2, 2],
        "acts" : [1, 1],
        "tstate" : { "idle" : 998617, "run" : 684, "locked" : 0, "mmap" : 0 }
      },
      "00028" : {
        "mmconts" : [42, 44, 47],
        "acts" : [34, 34],
        "tstate" : { "idle" : 988471, "run" : 10760, "locked" : 0, "mmap" : 70 }
      }
    }
  },
  "benchmark_io" : {
    "simple_times" : {
      "mcount" : {
        "mcount" : { "265 -- 423" : 10 }
      }
    },
    "stream_method" : {
      "conns" : [10, 10],
      "in" : [3230, 3232],
      "out" : [310, 310],
      "mmtasks" : [2, 2, 3],
      "load" : 0.514,
      "mcount" : {
        "mcount" : { "Success" : 10 }
      },
      "http_proto0" : {
        "mcount" : {
          "mcount" : { "Bad Request" : 10 }
        }
      },
      "source_log" : {
        "delta" : [0, 0, 0]
      },
      "loggers" : {
        "brief_logger" : {
          "records" : [10, 10],
          "out" : [628, 628]
        },
        "benchmark_logger" : {
          "records" : [10, 10],
          "out" : [3790, 3792]
        }
      }
    }
  }
},
"2017-11-24 14:03:45.479 +0000" : {
  "main_scheduler" : {
    "bqs" : {
      "00026" : {
        "mmconts" : [39, 41, 44],
        "acts" : [31, 30],
        "tstate" : { "idle" : 991435, "run" : 9014, "locked" : 0, "mmap" : 79 }
      },
      "00027" : {
        "mmconts" : [2, 2, 2],
        "acts" : [1, 0],
        "tstate" : { "idle" : 999888, "run" : 639, "locked" : 0, "mmap" : 0 }
      },
      "00028" : {
        "mmconts" : [37, 39, 42],
        "acts" : [36, 35],
        "tstate" : { "idle" : 987209, "run" : 13252, "locked" : 0, "mmap" : 66 }
      }
    }
  },
  "benchmark_io" : {
    "simple_times" : {
      "mcount" : {
        "mcount" : { "265 -- 423" : 10 }
      }
    },
    "stream_method" : {
      "conns" : [11, 10],
      "in" : [3230, 3228],
      "out" : [341, 340],
      "mmtasks" : [2, 2, 3],
      "load" : 0.516,
      "mcount" : {
        "mcount" : { "Success" : 10 }
      },
      "http_proto0" : {
        "mcount" : {
          "mcount" : { "Bad Request" : 10 }
        }
      },
      "source_log" : {
        "delta" : [0, 0, 0]
      },
      "loggers" : {
        "brief_logger" : {
          "records" : [10, 9],
          "out" : [628, 627]
        },
        "benchmark_logger" : {
          "records" : [10, 9],
          "out" : [3790, 3787]
        }
      }
    }
  }
},
"2017-11-24 14:03:46.479 +0000" : {
  "main_scheduler" : {
    "bqs" : {
      "00026" : {
        "mmconts" : [34, 36, 39],
        "acts" : [35, 34],
        "tstate" : { "idle" : 989407, "run" : 10591, "locked" : 0, "mmap" : 83 }
      },
      "00027" : {
        "mmconts" : [2, 2, 2],
        "acts" : [1, 0],
        "tstate" : { "idle" : 999437, "run" : 645, "locked" : 0, "mmap" : 0 }
      },
      "00028" : {
        "mmconts" : [32, 34, 37],
        "acts" : [32, 31],
        "tstate" : { "idle" : 989371, "run" : 10642, "locked" : 0, "mmap" : 69 }
      }
    }
  },
  "benchmark_io" : {
    "simple_times" : {
      "mcount" : {
        "mcount" : { "265 -- 423" : 10 }
      }
    },
    "stream_method" : {
      "conns" : [9, 8],
      "in" : [3230, 3229],
      "out" : [279, 278],
      "mmtasks" : [2, 2, 3],
      "load" : 0.514,
      "mcount" : {
        "mcount" : { "Success" : 10 }
      },
      "http_proto0" : {
        "mcount" : {
          "mcount" : { "Bad Request" : 10 }
        }
      },
      "source_log" : {
        "delta" : [0, 0, 0]
      },
      "loggers" : {
        "brief_logger" : {
          "records" : [10, 9],
          "out" : [630, 629]
        },
        "benchmark_logger" : {
          "records" : [10, 9],
          "out" : [3790, 3789]
        }
      }
    }
  }
},
"2017-11-24 14:03:47.479 +0000" : {
  "main_scheduler" : {
    "bqs" : {
      "00026" : {
        "mmconts" : [29, 31, 34],
        "acts" : [34, 34],
        "tstate" : { "idle" : 989054, "run" : 10691, "locked" : 0, "mmap" : 78 }
      },
      "00027" : {
        "mmconts" : [2, 2, 2],
        "acts" : [1, 1],
        "tstate" : { "idle" : 999186, "run" : 639, "locked" : 0, "mmap" : 0 }
      },
      "00028" : {
        "mmconts" : [27, 29, 32],
        "acts" : [33, 33],
        "tstate" : { "idle" : 988330, "run" : 11428, "locked" : 0, "mmap" : 69 }
      }
    }
  },
  "benchmark_io" : {
    "simple_times" : {
      "mcount" : {
        "mcount" : { "265 -- 423" : 10 }
      }
    },
    "stream_method" : {
      "conns" : [10, 10],
      "in" : [3230, 3230],
      "out" : [310, 310],
      "mmtasks" : [2, 2, 3],
      "load" : 0.515,
      "mcount" : {
        "mcount" : { "Success" : 10 }
      },
      "http_proto0" : {
        "mcount" : {
          "mcount" : { "Bad Request" : 10 }
        }
      },
      "source_log" : {
        "delta" : [0, 0, 0]
      },
      "loggers" : {
        "brief_logger" : {
          "records" : [10, 10],
          "out" : [629, 629]
        },
        "benchmark_logger" : {
          "records" : [10, 10],
          "out" : [3790, 3790]
        }
      }
    }
  }
},
"2017-11-24 14:03:48.479 +0000" : {
  "main_scheduler" : {
    "bqs" : {
      "00026" : {
        "mmconts" : [24, 26, 29],
        "acts" : [40, 39],
        "tstate" : { "idle" : 983258, "run" : 16811, "locked" : 0, "mmap" : 96 }
      },
      "00027" : {
        "mmconts" : [2, 2, 2],
        "acts" : [1, 0],
        "tstate" : { "idle" : 999477, "run" : 685, "locked" : 0, "mmap" : 0 }
      },
      "00028" : {
        "mmconts" : [22, 24, 27],
        "acts" : [28, 27],
        "tstate" : { "idle" : 990864, "run" : 9220, "locked" : 0, "mmap" : 76 }
      }
    }
  },
  "benchmark_io" : {
    "simple_times" : {
      "mcount" : {
        "mcount" : { "265 -- 423" : 10 }
      }
    },
    "stream_method" : {
      "conns" : [10, 9],
      "in" : [3230, 3229],
      "out" : [310, 309],
      "mmtasks" : [2, 2, 3],
      "load" : 0.518,
      "mcount" : {
        "mcount" : { "Success" : 10 }
      },
      "http_proto0" : {
        "mcount" : {
          "mcount" : { "Bad Request" : 10 }
        }
      },
      "source_log" : {
        "delta" : [0, 0, 0]
      },
      "loggers" : {
        "brief_logger" : {
          "records" : [10, 9],
          "out" : [627, 626]
        },
        "benchmark_logger" : {
          "records" : [10, 9],
          "out" : [3790, 3789]
        }
      }
    }
  }
},
"2017-11-24 14:03:49.480 +0000" : {
  "main_scheduler" : {
    "bqs" : {
      "00026" : {
        "mmconts" : [18, 20, 24],
        "acts" : [39, 38],
        "tstate" : { "idle" : 986680, "run" : 13320, "locked" : 0, "mmap" : 104 }
      },
      "00027" : {
        "mmconts" : [2, 2, 2],
        "acts" : [1, 0],
        "tstate" : { "idle" : 999520, "run" : 585, "locked" : 0, "mmap" : 0 }
      },
      "00028" : {
        "mmconts" : [18, 20, 22],
        "acts" : [29, 28],
        "tstate" : { "idle" : 990534, "run" : 9519, "locked" : 0, "mmap" : 52 }
      }
    }
  },
  "benchmark_io" : {
    "simple_times" : {
      "mcount" : {
        "mcount" : { "265 -- 423" : 10 }
      }
    },
    "stream_method" : {
      "conns" : [10, 9],
      "in" : [3230, 3229],
      "out" : [310, 309],
      "mmtasks" : [2, 2, 3],
      "load" : 0.515,
      "mcount" : {
        "mcount" : { "Success" : 10 }
      },
      "http_proto0" : {
        "mcount" : {
          "mcount" : { "Bad Request" : 10 }
        }
      },
      "source_log" : {
        "delta" : [0, 0, 0]
      },
      "loggers" : {
        "brief_logger" : {
          "records" : [10, 9],
          "out" : [627, 626]
        },
        "benchmark_logger" : {
          "records" : [10, 9],
          "out" : [3790, 3789]
        }
      }
    }
  }
},
"2017-11-24 14:03:50.479 +0000" : {
  "main_scheduler" : {
    "bqs" : {
      "00026" : {
        "mmconts" : [13, 15, 18],
        "acts" : [33, 33],
        "tstate" : { "idle" : 989105, "run" : 10493, "locked" : 0, "mmap" : 81 }
      },
      "00027" : {
        "mmconts" : [2, 2, 2],
        "acts" : [1, 1],
        "tstate" : { "idle" : 999080, "run" : 600, "locked" : 0, "mmap" : 0 }
      },
      "00028" : {
        "mmconts" : [13, 15, 18],
        "acts" : [33, 33],
        "tstate" : { "idle" : 989120, "run" : 10494, "locked" : 0, "mmap" : 66 }
      }
    }
  },
  "benchmark_io" : {
    "simple_times" : {
      "mcount" : {
        "mcount" : { "265 -- 423" : 10 }
      }
    },
    "stream_method" : {
      "conns" : [10, 10],
      "in" : [3230, 3231],
      "out" : [310, 310],
      "mmtasks" : [2, 2, 3],
      "load" : 0.516,
      "mcount" : {
        "mcount" : { "Success" : 10 }
      },
      "http_proto0" : {
        "mcount" : {
          "mcount" : { "Bad Request" : 10 }
        }
      },
      "source_log" : {
        "delta" : [0, 0, 0]
      },
      "loggers" : {
        "brief_logger" : {
          "records" : [10, 10],
          "out" : [628, 628]
        },
        "benchmark_logger" : {
          "records" : [10, 10],
          "out" : [3790, 3791]
        }
      }
    }
  }
},
"2017-11-24 14:03:51.480 +0000" : {
  "main_scheduler" : {
    "bqs" : {
      "00026" : {
        "mmconts" : [8, 10, 13],
        "acts" : [33, 32],
        "tstate" : { "idle" : 989178, "run" : 11409, "locked" : 0, "mmap" : 69 }
      },
      "00027" : {
        "mmconts" : [2, 2, 2],
        "acts" : [1, 0],
        "tstate" : { "idle" : 1000040, "run" : 615, "locked" : 0, "mmap" : 0 }
      },
      "00028" : {
        "mmconts" : [8, 10, 13],
        "acts" : [32, 31],
        "tstate" : { "idle" : 989121, "run" : 11457, "locked" : 0, "mmap" : 77 }
      }
    }
  },
  "benchmark_io" : {
    "simple_times" : {
      "mcount" : {
        "mcount" : { "265 -- 423" : 10 }
      }
    },
    "stream_method" : {
      "conns" : [10, 9],
      "in" : [3230, 3227],
      "out" : [310, 309],
      "mmtasks" : [2, 2, 3],
      "load" : 0.516,
      "mcount" : {
        "mcount" : { "Success" : 10 }
      },
      "http_proto0" : {
        "mcount" : {
          "mcount" : { "Bad Request" : 10 }
        }
      },
      "source_log" : {
        "delta" : [0, 0, 0]
      },
      "loggers" : {
        "brief_logger" : {
          "records" : [10, 9],
          "out" : [628, 627]
        },
        "benchmark_logger" : {
          "records" : [10, 9],
          "out" : [3790, 3787]
        }
      }
    }
  }
},
"2017-11-24 14:03:52.480 +0000" : {
  "main_scheduler" : {
    "bqs" : {
      "00026" : {
        "mmconts" : [3, 5, 8],
        "acts" : [33, 33],
        "tstate" : { "idle" : 989243, "run" : 10633, "locked" : 0, "mmap" : 71 }
      },
      "00027" : {
        "mmconts" : [2, 2, 2],
        "acts" : [1, 1],
        "tstate" : { "idle" : 999357, "run" : 589, "locked" : 0, "mmap" : 0 }
      },
      "00028" : {
        "mmconts" : [3, 5, 8],
        "acts" : [35, 35],
        "tstate" : { "idle" : 989257, "run" : 10613, "locked" : 0, "mmap" : 77 }
      }
    }
  },
  "benchmark_io" : {
    "simple_times" : {
      "mcount" : {
        "mcount" : { "265 -- 423" : 10 }
      }
    },
    "stream_method" : {
      "conns" : [10, 10],
      "in" : [3230, 3230],
      "out" : [310, 310],
      "mmtasks" : [2, 2, 3],
      "load" : 0.515,
      "mcount" : {
        "mcount" : { "Success" : 10 }
      },
      "http_proto0" : {
        "mcount" : {
          "mcount" : { "Bad Request" : 10 }
        }
      },
      "source_log" : {
        "delta" : [0, 0, 0]
      },
      "loggers" : {
        "brief_logger" : {
          "records" : [10, 10],
          "out" : [628, 628]
        },
        "benchmark_logger" : {
          "records" : [10, 10],
          "out" : [3790, 3790]
        }
      }
    }
  }
},
"2017-11-24 14:03:52.649 +0000" : {
  "main_scheduler" : {
    "bqs" : {
      "00026" : {
        "mmconts" : [2, 2, 3],
        "acts" : [3, 17],
        "tstate" : { "idle" : 168903, "run" : 413, "locked" : 0, "mmap" : 22 }
      },
      "00027" : {
        "mmconts" : [1, 1, 2],
        "acts" : [2, 11],
        "tstate" : { "idle" : 169203, "run" : 128, "locked" : 0, "mmap" : 7 }
      },
      "00028" : {
        "mmconts" : [2, 2, 3],
        "acts" : [6, 35],
        "tstate" : { "idle" : 167252, "run" : 2064, "locked" : 0, "mmap" : 21 }
      }
    }
  },
  "benchmark_io" : {
    "simple_times" : {
      "mcount" : {
        "mcount" : { "265 -- 423" : 2 }
      }
    },
    "stream_method" : {
      "conns" : [2, 11],
      "in" : [646, 3814],
      "out" : [62, 366],
      "mmtasks" : [0, 1, 2],
      "load" : 0.513,
      "mcount" : {
        "mcount" : { "Success" : 2 }
      },
      "http_proto0" : {
        "mcount" : {
          "mcount" : { "Bad Request" : 2 }
        }
      },
      "source_log" : {
        "delta" : [0, 0, 0]
      },
      "loggers" : {
        "brief_logger" : {
          "records" : [2, 11],
          "out" : [126, 744]
        },
        "benchmark_logger" : {
          "records" : [2, 11],
          "out" : [758, 4476]
        }
      }
    }
  }
}