1511532172.471		285546	216651	25	68756	114	137427	31	323	0	400
1511532172.567		281636	213013	19	68405	199	136784	31	323	0	400
1511532172.668		282183	213133	25	68822	203	137528	31	323	0	400
1511532172.767		286177	216983	19	69080	95	138272	31	323	0	400
1511532172.867		281873	212978	21	68776	98	137400	31	323	0	400
1511532172.967		279407	211000	21	68266	120	136462	31	323	0	400
1511532173.068		278797	210517	20	68162	98	136000	31	323	0	400
1511532173.167		282242	214158	21	67903	160	135720	31	323	0	400
1511532173.267		283686	215006	20	68564	96	137169	31	323	0	400
1511532173.367		284318	215079	20	69099	120	138087	31	323	0	400
1511532173.468		283172	213937	30	69108	97	138167	31	323	0	400
1511532173.567		281226	212322	20	68790	94	137474	31	323	0	400
1511532173.667		281466	212616	21	68731	98	137343	31	323	0	400
1511532173.767		279469	211068	18	68272	111	136697	31	323	0	400
1511532173.867		284730	214180	19	69555	976	138535	31	323	0	400
1511532173.967		283561	214296	21	69141	103	138063	31	323	0	400
1511532174.067		285161	215389	20	69651	101	138642	31	323	0	400
1511532174.167		287337	217898	23	69056	360	137635	31	323	0	400
1511532174.267		289893	219369	21	70353	150	138637	31	323	0	400
1511532174.368		284210	215428	23	68661	98	137317	31	323	0	400
1511532174.468		279029	210909	26	67908	186	135813	31	323	0	400
1511532174.567		280754	212285	23	68348	98	136697	31	323	0	400
1511532174.668		285291	215973	19	69201	98	138185	31	323	0	400
1511532174.768		286133	216215	23	69696	199	138288	31	323	0	400
1511532174.867		288822	219460	20	69248	94	138356	31	323	0	400
1511532174.967		284731	216687	20	67832	192	135631	31	323	0	400
1511532175.067		280667	212217	19	68337	94	136530	31	323	0	400
1511532175.167		278227	210193	23	67913	98	135758	31	323	0	400
1511532175.267		280873	212049	20	68708	96	137007	31	323	0	400
1511532175.367		285890	216639	22	69132	97	138185	31	323	0	400
1511532175.467		282834	213894	18	68825	97	137549	31	323	0	400
1511532175.567		284663	216051	25	68487	100	136789	31	323	0	400
1511532175.667		284703	214869	21	69717	96	138853	31	323	0	400
1511532175.767		282098	213604	19	68366	109	136577	31	323	0	400
1511532175.867		281319	212367	20	68813	119	137390	31	323	0	400
1511532175.967		278794	210760	23	67908	103	135716	31	323	0	400
1511532176.067		279629	211174	22	68315	118	136532	31	323	0	400
1511532176.167		282035	213172	27	68725	111	137383	31	323	0	400
1511532176.267		282137	213198	21	68705	213	137363	31	323	0	400
1511532176.367		282770	213967	20	68662	121	137349	31	323	0	400
1511532176.467		281862	213000	21	68746	95	137961	31	323	0	400
1511532176.567		280793	212404	26	68269	94	136554	31	323	0	400
1511532176.667		281312	212479	15	68622	196	137192	31	323	0	400
1511532176.768		279323	210961	21	68249	92	136525	31	323	0	400
1511532176.867		279800	211651	23	67945	181	135761	31	323	0	400
1511532176.967		281260	212352	22	68783	103	137443	31	323	0	400
1511532177.067		285979	215994	21	69124	840	137773	31	323	0	400
1511532177.167		283508	214143	21	69245	99	138226	31	323	0	400
1511532177.267		283709	214345	20	69245	99	138415	31	323	0	400
1511532177.367		279712	211186	20	68408	98	136703	31	323	0	400
1511532177.467		278194	210087	21	67892	194	135946	31	323	0	400
1511532177.567		282870	213153	17	69607	93	137947	31	323	0	400
1511532177.667		279832	211425	20	68313	74	136574	31	323	0	400
1511532177.767		283086	214473	20	68394	199	137210	31	323	0	400
1511532177.867		283443	214705	20	68543	175	136907	31	323	0	400
1511532177.968		284213	215281	20	68749	163	137580	31	323	0	400
1511532178.067		285115	215991	17	68886	221	137739	31	323	0	400
1511532178.167		281170	213132	28	67908	102	135774	31	323	0	400
1511532178.267		282497	213955	19	68417	106	136727	31	323	0	400
1511532178.368		281297	212939	21	68217	120	136171	31	323	0	400
1511532178.468		282127	213539	20	68364	204	136590	31	323	0	400
1511532178.567		282896	214217	22	68560	97	136957	31	323	0	400
1511532178.668		281607	212911	21	68567	108	136891	31	323	0	400
1511532178.768		283995	215042	20	68826	107	137529	31	323	0	400
1511532178.868		291271	216118	22	69494	5637	138684	31	323	0	400
1511532178.967		280798	212640	23	68028	107	135910	31	323	0	400
1511532179.067		285036	216224	29	68677	106	137392	31	323	0	400
1511532179.167		282722	214114	19	68492	97	136832	31	323	0	400
1511532179.267		282866	214238	18	68512	98	136806	31	323	0	400
1511532179.367		284345	215462	33	68647	203	137392	31	323	0	400
1511532179.467		282515	213836	22	68558	99	136964	31	323	0	400
1511532179.567		286936	217545	19	69272	100	138315	31	323	0	400
1511532179.667		283772	212915	21	70731	105	139200	31	323	0	400
1511532179.767		289272	221111	22	67977	162	135800	31	323	0	400
1511532179.868		283691	214407	20	69168	96	137367	31	323	0	400
1511532179.967		286127	217606	21	68407	93	136669	31	323	0	400
1511532180.067		279561	211373	24	68063	101	135975	31	323	0	400
1511532180.168		290087	216462	19	73509	97	142509	31	323	0	400
1511532180.267		283829	214958	21	68733	117	137513	31	323	0	400
1511532180.367		283225	214574	21	68531	99	136863	31	323	0	400
1511532180.467		285607	216255	21	69116	215	138135	31	323	0	400
1511532180.567		285265	216772	23	68369	101	136543	31	323	0	400
1511532180.667		284646	215748	21	68647	230	137460	31	323	0	400
1511532180.768		280209	212203	22	67907	77	135664	31	323	0	400
1511532180.867		282988	214316	23	68452	197	136792	31	323	0	400
1511532180.968		279998	211408	17	68466	107	136881	31	323	0	400
1511532181.068		283972	214613	22	69243	94	138338	31	323	0	400
1511532181.167		284377	215019	20	69146	192	138250	31	323	0	400
1511532181.267		282164	213459	59	68480	166	136998	31	323	0	400
1511532181.367		280140	211867	31	68136	106	136038	31	323	0	400
1511532181.467		281422	213144	19	68050	209	135962	31	323	0	400
1511532181.567		281348	213127	16	68040	165	136095	31	323	0	400
1511532181.667		281802	213305	21	68367	109	136751	31	323	0	400
1511532181.767		285719	216443	21	69147	108	138228	31	323	0	400
1511532181.867		285475	216415	22	68939	99	137731	31	323	0	400
1511532181.967		283264	214637	23	68463	141	136827	31	323	0	400
1511532182.067		283519	214599	20	68800	100	137242	31	323	0	400
1511532182.167		282940	214332	22	68410	176	136774	31	323	0	400
1511532182.267		281258	213027	22	68035	174	136102	31	323	0	400
1511532182.367		284801	215945	21	68738	97	137465	31	323	0	400
1511532182.468		284610	215653	22	68832	103	137534	31	323	0	400
1511532182.567		283898	214884	20	68853	141	137705	31	323	0	400
1511532182.667		283365	214770	21	68471	103	136906	31	323	0	400
1511532182.768		282788	213861	27	68802	98	137594	31	323	0	400
1511532182.868		286360	216839	20	69339	162	138501	31	323	0	400
1511532182.967		282920	214330	20	68464	106	136738	31	323	0	400
1511532183.068		283189	214565	21	68507	96	136824	31	323	0	400
1511532183.167		289437	214948	20	74374	95	142610	31	323	0	400
1511532183.268		281970	213595	24	68259	92	136620	31	323	0	400
1511532183.367		281172	212502	21	68555	94	136983	31	323	0	400
1511532183.468		283783	214684	23	68973	103	137640	31	323	0	400
1511532183.567		284854	215824	21	68911	98	137615	31	323	0	400
1511532183.667		284975	216035	27	68815	98	138650	31	323	0	400
1511532183.767		284258	215588	19	68412	239	136755	31	323	0	400
1511532183.867		281834	213324	24	68384	102	136625	31	323	0	400
1511532183.967		281275	212534	21	68623	97	136898	31	323	0	400
1511532184.067		284593	215498	20	68951	124	137514	31	323	0	400
1511532184.168		286494	216852	27	69518	97	138635	31	323	0	400
1511532184.267		284768	215801	26	68745	196	137595	31	323	0	400
1511532184.368		281614	212581	23	68860	150	137506	31	323	0	400
1511532184.467		284081	214723	20	69129	209	138325	31	323	0	400
1511532184.567		281640	213479	24	67970	167	135779	31	323	0	400
1511532184.667		283975	215108	22	68751	94	137378	31	323	0	400
1511532184.767		281763	213349	25	68289	100	136566	31	323	0	400
1511532184.867		278434	210019	20	68298	97	136285	31	323	0	400
1511532184.968		286314	216986	21	69212	95	138353	31	323	0	400
1511532185.067		284768	215726	19	68930	93	137771	31	323	0	400
1511532185.168		284681	215575	22	68978	106	137642	31	323	0	400
1511532185.267		285081	216029	20	68913	119	137732	31	323	0	400
1511532185.367		285199	216166	22	68771	240	137472	31	323	0	400
1511532185.468		282727	214220	23	68360	124	136712	31	323	0	400
1511532185.567		283101	214241	24	68717	119	137402	31	323	0	400
1511532185.667		286571	217923	20	68529	99	136874	31	323	0	400
1511532185.767		284664	215769	22	68781	92	137588	31	323	0	400
1511532185.867		283354	214693	22	68541	98	136994	31	323	0	400
1511532185.968		283946	215244	21	68585	96	136849	31	323	0	400
1511532186.068		285241	216218	21	68899	103	137729	31	323	0	400
1511532186.168		282332	214173	20	68045	94	136022	31	323	0	400
1511532186.267		281396	213199	20	68077	100	136203	31	323	0	400
1511532186.367		283086	214605	27	68357	97	136706	31	323	0	400
1511532186.467		281255	213036	21	68108	90	136055	31	323	0	400
1511532186.567		285801	216557	20	69132	92	138229	31	323	0	400
1511532186.667		280850	211968	23	68765	94	137417	31	323	0	400
1511532186.768		281860	212927	19	68805	109	137591	31	323	0	400
1511532186.867		283296	214539	22	68628	107	137017	31	323	0	400
1511532186.967		283427	214948	22	68344	113	136490	31	323	0	400
1511532187.067		284453	215476	22	68846	109	137544	31	323	0	400
1511532187.167		282425	213877	22	68432	94	136739	31	323	0	400
1511532187.267		281615	213308	21	68088	198	136077	31	323	0	400
1511532187.367		288325	218875	20	69328	102	138413	31	323	0	400
1511532187.467		283106	214389	22	68598	97	136992	31	323	0	400
1511532187.567		284474	215332	21	68867	254	137514	31	323	0	400
1511532187.668		282746	214005	22	68621	98	137061	31	323	0	400
1511532187.767		281934	213228	23	68576	107	136834	31	323	0	400
1511532187.868		283594	215071	22	68407	94	136762	31	323	0	400
1511532187.967		281356	213280	22	67958	96	135879	31	323	0	400
1511532188.067		282962	214419	19	68426	98	136687	31	323	0	400
1511532188.167		281561	212823	22	68521	195	136808	31	323	0	400
1511532188.267		285278	215716	22	69441	99	138223	31	323	0	400
1511532188.367		284257	215093	18	69051	95	138080	31	323	0	400
1511532188.467		280391	211922	26	68349	94	136700	31	323	0	400
1511532188.568		285379	216952	21	68308	98	136593	31	323	0	400
1511532188.667		279755	211236	22	68298	199	136632	31	323	0	400
1511532188.767		281732	212767	22	68732	211	137282	31	323	0	400
1511532188.867		282585	213912	22	68445	206	136812	31	323	0	400
1511532188.967		288087	219504	28	68350	205	136667	31	323	0	400
1511532189.067		285896	216970	21	68799	106	137655	31	323	0	400
1511532189.167		290558	221428	23	69003	104	137744	31	323	0	400
1511532189.268		283438	214159	19	69153	107	137462	31	323	0	400
1511532189.368		287447	218909	22	68413	103	137321	31	323	0	400
1511532189.467		281316	212613	22	68582	99	136805	31	323	0	400
1511532189.567		282602	214257	25	68225	95	136458	31	323	0	400
1511532189.667		279268	211008	24	68129	107	136059	31	323	0	400
1511532189.767		280965	212576	19	68279	91	136984	31	323	0	400
1511532189.868		289007	219786	20	69105	96	140013	31	323	0	400
1511532189.967		282215	213565	22	68508	120	136837	31	323	0	400
1511532190.068		283838	214501	22	69216	99	138260	31	323	0	400
1511532190.167		284097	215562	23	68275	237	136488	31	323	0	400
1511532190.267		282977	214498	23	68353	103	136635	31	323	0	400
1511532190.367		282931	214285	21	68410	215	136788	31	323	0	400
1511532190.467		282925	214352	22	68355	196	136544	31	323	0	400
1511532190.568		283259	214714	21	68399	125	136731	31	323	0	400
1511532190.667		287283	217944	23	69223	93	138399	31	323	0	400
1511532190.767		286276	216833	21	69325	97	138520	31	323	0	400
1511532190.867		285057	215773	18	69181	85	137927	31	323	0	400
1511532190.968		284990	216081	20	68779	110	137450	31	323	0	400
1511532191.067		284352	215445	22	68790	95	137553	31	323	0	400
1511532191.168		283124	214602	23	68391	108	136707	31	323	0	400
1511532191.267		282851	214303	21	68391	136	136747	31	323	0	400
1511532191.367		284776	215904	20	68734	118	137501	31	323	0	400
1511532191.467		285774	216734	23	68918	99	137650	31	323	0	400
1511532191.567		286101	216592	23	69388	98	138505	31	323	0	400
1511532191.667		284706	215690	20	68817	179	137529	31	323	0	400
1511532191.768		282986	214420	20	68445	101	136735	31	323	0	400
1511532191.868		280793	212550	21	68127	95	136131	31	323	0	400
1511532191.967		284056	215264	20	68675	97	137260	31	323	0	400
1511532192.067		282768	214283	21	68359	105	136612	31	323	0	400
1511532192.167		283175	214620	22	68438	95	136749	31	323	0	400
1511532192.268		288134	219246	21	68773	94	137922	31	323	0	400
1511532192.367		285922	216850	26	68947	99	137742	31	323	0	400
1511532192.467		284844	215868	21	68858	97	137603	31	323	0	400
1511532192.567		284409	215430	29	68729	221	137483	31	323	0	400
1511532192.667		283270	214718	21	68436	95	136858	31	323	0	400
1511532192.767		281649	213446	24	68077	102	136080	31	323	0	400
1511532192.867		284247	215525	23	68607	92	136936	31	323	0	400
1511532192.967		285902	216443	26	69336	97	138551	31	323	0	400
1511532193.068		283468	214438	21	68916	93	137652	31	323	0	400
1511532193.168		282382	213757	22	68505	98	136864	31	323	0	400
1511532193.267		285329	216031	22	69160	116	138344	31	323	0	400
1511532193.367		282534	214300	21	68023	190	136055	31	323	0	400
1511532193.468		283499	214895	22	68485	97	136816	31	323	0	400
1511532193.568		284471	215488	30	68812	141	137419	31	323	0	400
1511532193.667		284579	215551	22	68908	98	137629	31	323	0	400
1511532193.768		285213	216175	22	68816	200	137659	31	323	0	400
1511532193.867		285309	216210	22	68971	106	137796	31	323	0	400
1511532193.967		286680	217014	30	69527	109	138741	31	323	0	400
1511532194.067		283568	214792	20	68655	101	137012	31	323	0	400
1511532194.167		284605	215253	23	69235	94	137618	31	323	0	400
1511532194.267		282698	213954	31	68521	192	136925	31	323	0	400
1511532194.367		284463	215407	22	68833	201	137567	31	323	0	400
1511532194.467		284409	216183	20	68009	197	135999	31	323	0	400
1511532194.567		284685	215616	20	68948	101	137649	31	323	0	400
1511532194.667		287658	216083	22	71376	177	140313	31	323	0	400
1511532194.768		284701	215516	22	69062	101	137790	31	323	0	400
1511532194.867		283685	215024	27	68539	95	136843	31	323	0	400
1511532194.967		284675	215706	21	68821	127	137571	31	323	0	400
1511532195.068		282725	214160	22	68443	100	136700	31	323	0	400
1511532195.167		281783	212934	21	68726	102	137477	31	323	0	400
1511532195.267		281731	213137	19	68477	98	136874	31	323	0	400
1511532195.367		282676	214037	22	68515	102	136853	31	323	0	400
1511532195.468		283043	214347	20	68563	113	136934	31	323	0	400
1511532195.567		285351	216374	19	68860	98	137557	31	323	0	400
1511532195.667		291416	222364	24	68937	91	137722	31	323	0	400
1511532195.767		282927	214487	20	68256	164	136505	31	323	0	400
1511532195.867		282836	214074	22	68619	121	136921	31	323	0	400
1511532195.967		283855	214966	15	68774	100	137313	31	323	0	400
1511532196.067		280941	212258	20	68563	100	136801	31	323	0	400
1511532196.167		285349	216381	20	68833	115	137623	31	323	0	400
1511532196.267		284460	215399	21	68857	183	137610	31	323	0	400
1511532196.367		285247	216123	22	68912	190	137669	31	323	0	400
1511532196.468		283512	214792	20	68604	96	136927	31	323	0	400
1511532196.567		280692	212040	23	68429	200	136772	31	323	0	400
1511532196.667		280875	212310	25	68376	164	136659	31	323	0	400
1511532196.767		284318	215412	22	68786	98	137587	31	323	0	400
1511532196.868		283405	214369	21	68917	98	137593	31	323	0	400
1511532196.967		283823	214760	22	68941	100	137668	31	323	0	400
1511532197.067		286083	216665	21	69297	100	138499	31	323	0	400
1511532197.167		283318	214601	21	68586	110	136995	31	323	0	400
1511532197.267		284237	215204	19	68827	187	137612	31	323	0	400
1511532197.367		284006	215046	19	68752	189	137396	31	323	0	400
1511532197.467		283840	214816	22	68800	202	137467	31	323	0	400
1511532197.567		282654	214487	22	67953	192	136028	31	323	0	400
1511532197.668		284044	215507	18	68420	99	136797	31	323	0	400
1511532197.767		286422	216894	21	69409	98	138500	31	323	0	400
1511532197.867		292854	215658	22	77058	116	145747	31	323	0	400
1511532197.967		286504	217089	22	69275	118	138379	31	323	0	400
1511532198.067		283087	214087	22	68788	190	137622	31	323	0	400
1511532198.168		281782	213569	21	67995	197	135780	31	323	0	400
1511532198.267		281573	212639	21	68824	89	137444	31	323	0	400
1511532198.368		280367	212174	23	68075	95	136001	31	323	0	400
1511532198.467		283148	214645	21	68390	92	136641	31	323	0	400
1511532198.567		286173	216804	20	69252	97	138475	31	323	0	400
1511532198.667		281759	212793	18	68753	195	137598	31	323	0	400
1511532198.768		285413	216315	22	68974	102	137709	31	323	0	400
1511532198.867		283329	214307	22	68904	96	137625	31	323	0	400
1511532198.967		282581	214007	22	68435	117	136989	31	323	0	400
1511532199.067		281252	212834	29	68294	95	136548	31	323	0	400
1511532199.167		279662	211536	19	67929	178	135830	31	323	0	400
1511532199.267		280930	212393	20	68319	198	136548	31	323	0	400
1511532199.367		284310	215340	22	68848	100	137569	31	323	0	400
1511532199.467		282068	213434	22	68512	100	136869	31	323	0	400
1511532199.568		284854	215827	20	68804	203	137535	31	323	0	400
1511532199.667		283617	215003	20	68496	98	136856	31	323	0	400
1511532199.767		284115	215327	27	68666	95	137331	31	323	0	400
1511532199.867		282584	213931	20	68535	98	136866	31	323	0	400
1511532199.967		282249	213574	21	68530	124	136753	31	323	0	400
1511532200.068		279297	211132	23	67947	195	135835	31	323	0	400
1511532200.167		285962	216647	23	69192	100	138404	31	323	0	400
1511532200.267		285266	216036	23	69116	91	138292	31	323	0	400
1511532200.367		282206	213243	22	68833	108	137487	31	323	0	400
1511532200.468		285231	215941	22	69165	103	138203	31	323	0	400
1511532200.567		282680	214106	21	68345	208	136625	31	323	0	400
1511532200.667		283910	215133	23	68652	102	137282	31	323	0	400
1511532200.767		283845	215089	21	68642	93	137256	31	323	0	400
1511532200.867		282220	213746	20	68356	98	136508	31	323	0	400
1511532200.968		285044	215797	19	69134	94	138140	31	323	0	400
1511532201.067		284203	215326	37	68746	94	137347	31	323	0	400
1511532201.167		285174	216221	23	68730	200	137463	31	323	0	400
1511532201.267		284778	215890	21	68759	108	137499	31	323	0	400
1511532201.367		282641	214151	23	68367	100	136569	31	323	0	400
1511532201.467		282442	213993	22	68311	116	136501	31	323	0	400
1511532201.567		284670	215853	23	68715	79	137344	31	323	0	400
1511532201.667		280145	211757	18	68283	87	136548	31	323	0	400
1511532201.767		283960	214486	20	69211	243	138282	31	323	0	400
1511532201.867		282467	213364	23	68846	234	137518	31	323	0	400
1511532201.968		285201	216260	23	68811	107	137514	31	323	0	400
1511532202.068		281562	212950	21	68430	161	136790	31	323	0	400
1511532202.167		280616	212510	19	67961	126	136028	31	323	0	400
1511532202.267		280965	212354	19	68431	161	136707	31	323	0	400
1511532202.367		281116	212834	19	68169	94	136310	31	323	0	400
1511532202.467		281812	213421	24	68257	110	136529	31	323	0	400
1511532202.568		283898	214647	22	69129	100	138090	31	323	0	400
1511532202.668		280336	211515	21	68707	93	137257	31	323	0	400
1511532202.767		280108	211460	23	68406	219	136707	31	323	0	400
1511532202.867		281342	212438	19	68789	96	137445	31	323	0	400
1511532202.967		279818	211613	20	68068	117	135937	31	323	0	400
1511532203.067		284316	215441	21	68648	206	137276	31	323	0	400
1511532203.167		280848	212613	20	68015	200	135998	31	323	0	400
1511532203.267		281546	213200	24	68128	194	135894	31	323	0	400
1511532203.367		284462	215356	21	68981	104	137786	31	323	0	400
1511532203.467		284244	215219	19	68895	111	137733	31	323	0	400
1511532203.567		283992	215236	21	68640	95	137102	31	323	0	400
1511532203.667		284613	215724	20	68775	94	137458	31	323	0	400
1511532203.768		282819	214252	22	68454	91	136682	31	323	0	400
1511532203.867		284370	215331	33	68895	111	137568	31	323	0	400
1511532203.967		283764	214852	22	68793	97	137395	31	323	0	400
1511532204.068		281780	213120	20	68448	192	136688	31	323	0	400
1511532204.167		286618	217182	19	69217	200	138373	31	323	0	400
1511532204.267		284504	215413	21	68973	97	137711	31	323	0	400
1511532204.367		284090	215072	23	68894	101	137627	31	323	0	400
1511532204.467		283686	214707	22	68847	110	137521	31	323	0	400
1511532204.567		280237	211965	21	68132	119	136069	31	323	0	400
1511532204.668		280559	212299	22	68044	194	135978	31	323	0	400
1511532204.767		283919	214932	23	68774	190	137533	31	323	0	400
1511532204.867		281702	213014	18	68572	98	136832	31	323	0	400
1511532204.967		285650	216253	22	69277	98	138353	31	323	0	400
1511532205.068		286440	216984	22	69337	97	138517	31	323	0	400
1511532205.167		286220	217221	21	68872	106	137770	31	323	0	400
1511532205.267		284242	215157	20	68924	141	137726	31	323	0	400
1511532205.367		280347	211746	22	68374	205	136745	31	323	0	400
1511532205.467		279615	211406	22	68019	168	135960	31	323	0	400
1511532205.568		281407	213282	19	68007	99	135927	31	323	0	400
1511532205.667		283274	214748	19	68340	167	136709	31	323	0	400
1511532205.767		285590	216172	20	69248	150	138306	31	323	0	400
1511532205.868		286582	217110	23	69355	94	138571	31	323	0	400
1511532205.968		284255	215267	21	68865	102	137562	31	323	0	400
1511532206.067		279903	211397	20	68392	94	136812	31	323	0	400
1511532206.167		279468	211096	23	68235	114	136640	31	323	0	400
1511532206.267		280178	211733	22	68282	141	136534	31	323	0	400
1511532206.367		281572	213397	20	68003	152	135826	31	323	0	400
1511532206.467		286901	217865	24	68789	223	137449	31	323	0	400
1511532206.567		282558	213810	19	68637	92	137342	31	323	0	400
1511532206.667		280644	212176	21	68362	85	136652	31	323	0	400
1511532206.767		281493	212954	21	68367	151	136574	31	323	0	400
1511532206.867		280637	212534	21	67927	155	135796	31	323	0	400
1511532206.968		282956	214101	23	68737	95	137378	31	323	0	400
1511532207.067		279266	211175	18	67970	103	135872	31	323	0	400
1511532207.167		282078	213245	19	68721	93	137431	31	323	0	400
1511532207.267		281472	213031	22	68297	122	136661	31	323	0	400
1511532207.367		281591	212705	22	68758	106	137458	31	323	0	400
1511532207.467		284214	215206	21	68811	176	137535	31	323	0	400
1511532207.567		281077	212957	22	67945	153	135807	31	323	0	400
1511532207.667		284369	215598	18	68668	85	137380	31	323	0	400
1511532207.767		282444	213625	22	68633	164	137240	31	323	0	400
1511532207.867		280237	211774	20	68350	93	136663	31	323	0	400
1511532207.967		281991	213099	22	68775	95	137448	31	323	0	400
1511532208.068		283139	214299	20	68702	118	137333	31	323	0	400
1511532208.167		280790	212059	19	68608	104	137292	31	323	0	400
1511532208.267		282126	213085	22	68765	254	137453	31	323	0	400
1511532208.367		281516	213461	22	67923	110	135787	31	323	0	400
1511532208.468		281815	213308	21	68384	102	136571	31	323	0	400
1511532208.567		280832	212421	20	68285	106	136477	31	323	0	400
1511532208.668		281848	213521	24	68214	89	136434	31	323	0	400
1511532208.767		281635	212732	20	68772	111	137524	31	323	0	400
1511532208.868		280889	212248	19	68532	90	136816	31	323	0	400
1511532208.968		281515	212693	23	68567	232	136944	31	323	0	400
1511532209.068		285912	216471	27	69316	98	138410	31	323	0	400
1511532209.167		282690	214106	21	68463	100	136777	31	323	0	400
1511532209.267		279637	210910	19	68361	347	136722	31	323	0	400
1511532209.367		281756	212866	19	68768	103	137441	31	323	0	400
1511532209.467		279849	211737	21	67965	126	135822	31	323	0	400
1511532209.567		283821	214737	31	68867	186	137690	31	323	0	400
1511532209.667		284268	215294	20	68854	100	137526	31	323	0	400
1511532209.767		283211	214620	21	68414	156	136787	31	323	0	400
1511532209.868		292524	215547	19	76858	100	145578	31	323	0	400
1511532209.967		284570	215595	23	68856	96	137526	31	323	0	400
1511532210.067		283216	214373	24	68701	118	137358	31	323	0	400
1511532210.167		283182	214703	19	68286	174	136607	31	323	0	400
1511532210.267		280967	212958	20	67879	110	135890	31	323	0	400
1511532210.368		283417	214512	20	68796	89	137528	31	323	0	400
1511532210.467		281493	212441	17	68831	204	137535	31	323	0	400
1511532210.567		285132	215929	19	69097	87	138192	31	323	0	400
1511532210.668		281603	212954	20	68417	212	136720	31	323	0	400
1511532210.767		284290	215384	20	68711	175	137268	31	323	0	400
1511532210.868		282924	214389	22	68422	91	136626	31	323	0	400
1511532210.967		283922	215034	22	68733	133	137277	31	323	0	400
1511532211.067		282078	213416	22	68452	188	136692	31	323	0	400
1511532211.167		286041	216554	23	69368	96	138477	31	323	0	400
1511532211.267		285162	216271	22	68701	168	137381	31	323	0	400
1511532211.367		283100	214482	23	68486	109	136883	31	323	0	400
1511532211.467		283597	214632	20	68847	98	137605	31	323	0	400
1511532211.568		282748	213900	28	68718	102	137482	31	323	0	400
1511532211.667		280612	212361	21	68075	155	135969	31	323	0	400
1511532211.767		284896	215999	21	68718	158	137310	31	323	0	400
1511532211.867		282756	214151	21	68399	185	136748	31	323	0	400
1511532211.968		286289	217269	22	68867	131	137598	31	323	0	400
1511532212.067		290322	220933	24	69181	184	138298	31	323	0	400
1511532212.167		283292	214251	22	68752	267	137579	31	323	0	400
1511532212.267		282328	213680	21	68495	132	136798	31	323	0	400
1511532212.368		281923	213332	21	68467	103	136726	31	323	0	400
1511532212.467		281537	213400	22	68003	112	136016	31	323	0	400
1511532212.567		281888	213273	23	68376	216	136713	31	323	0	400
1511532212.667		284649	215685	19	68838	107	137504	31	323	0	400
1511532212.767		286655	217525	21	68971	138	137678	31	323	0	400
1511532212.867		286414	216969	29	69261	155	138313	31	323	0	400
1511532212.967		283851	215157	21	68564	109	136959	31	323	0	400
1511532213.068		285009	216054	18	68835	102	137680	31	323	0	400
1511532213.168		282955	214419	19	68427	90	136651	31	323	0	400
1511532213.267		281216	213020	20	68034	142	135974	31	323	0	400
1511532213.367		281503	213348	20	68035	100	136068	31	323	0	400
1511532213.468		283592	215064	20	68383	125	136661	31	323	0	400
1511532213.567		283989	215001	22	68780	186	137536	31	323	0	400
1511532213.667		283730	214741	17	68867	105	137552	31	323	0	400
1511532213.768		282888	213988	22	68748	130	137426	31	323	0	400
1511532213.867		280007	211464	22	68421	100	136843	31	323	0	400
1511532213.967		279420	211409	23	67878	110	135742	31	323	0	400
1511532214.068		279159	210769	20	68271	99	136511	31	323	0	400
1511532214.167		281632	212800	23	68697	112	137340	31	323	0	400
1511532214.267		279316	211383	33	67813	87	135686	31	323	0	400
1511532214.367		281155	212192	18	68833	112	137525	31	323	0	400
1511532214.468		281763	213176	36	68442	109	136622	31	323	0	400
1511532214.567		283770	214877	20	68774	99	137564	31	323	0	400
1511532214.668		283330	214422	16	68786	106	137546	31	323	0	400
1511532214.767		279982	211595	21	68255	111	136560	31	323	0	400
1511532214.867		280315	211746	23	68443	103	136644	31	323	0	400
1511532214.967		281257	212734	20	68399	104	136559	31	323	0	400
1511532215.067		281497	213225	22	68140	110	136102	31	323	0	400
1511532215.168		283329	214717	22	68414	176	136783	31	323	0	400
1511532215.267		284435	215432	22	68747	234	137590	31	323	0	400
1511532215.368		284487	215613	21	68756	97	137466	31	323	0	400
1511532215.468		283072	214429	22	68434	187	136832	31	323	0	400
1511532215.568		280309	212189	20	67962	138	135837	31	323	0	400
1511532215.667		283103	214569	19	68307	208	136524	31	323	0	400
1511532215.767		279671	211184	22	68366	99	136661	31	323	0	400
1511532215.867		281304	212360	21	68826	97	137393	31	323	0	400
1511532215.968		285521	216240	21	69139	121	138234	31	323	0	400
1511532216.067		284258	215321	21	68783	133	137501	31	323	0	400
1511532216.168		280071	211451	22	68452	146	136811	31	323	0	400
1511532216.268		280802	212167	23	68420	192	136844	31	323	0	400
1511532216.367		284323	215482	23	68719	99	137520	31	323	0	400
1511532216.467		283136	214458	22	68559	97	136881	31	323	0	400
1511532216.567		283146	214558	19	68448	121	136675	31	323	0	400
1511532216.667		283154	214739	21	68284	110	136639	31	323	0	400
1511532216.767		283474	214771	20	68565	118	137056	31	323	0	400
1511532216.867		285059	215956	22	68980	101	137686	31	323	0	400
1511532216.967		283622	215051	25	68451	95	136835	31	323	0	400
1511532217.068		283266	214317	23	68822	104	137562	31	323	0	400
1511532217.167		281984	213446	20	68416	102	136626	31	323	0	400
1511532217.267		283389	214540	22	68694	133	137332	31	323	0	400
1511532217.367		281456	213026	21	68298	111	136615	31	323	0	400
1511532217.467		284377	215387	21	68706	263	137343	31	323	0	400
1511532217.567		284557	215151	89	69105	212	138165	31	323	0	400
1511532217.667		284264	214922	19	69224	99	138334	31	323	0	400
1511532217.767		282310	213304	23	68876	107	137575	31	323	0	400
1511532217.867		284488	215324	22	69018	124	137656	31	323	0	400
1511532217.967		282470	213769	21	68562	118	136769	31	323	0	400
1511532218.067		283729	214855	20	68727	127	137353	31	323	0	400
1511532218.167		281871	213305	22	68383	161	136851	31	323	0	400
1511532218.267		283006	214396	20	68489	101	136826	31	323	0	400
1511532218.367		281006	212380	24	68413	189	136792	31	323	0	400
1511532218.468		281922	213055	21	68747	99	137470	31	323	0	400
1511532218.567		283922	215096	21	68703	102	137477	31	323	0	400
1511532218.667		281142	212157	20	68810	155	137495	31	323	0	400
1511532218.767		280431	212397	20	67915	99	135849	31	323	0	400
1511532218.868		280071	211514	23	68425	109	136716	31	323	0	400
1511532218.967		279526	211127	22	68274	103	136524	31	323	0	400
1511532219.068		277885	209731	20	68017	117	135841	31	323	0	400
1511532219.168		283353	214307	22	68925	99	137602	31	323	0	400
1511532219.267		282039	213471	22	68446	100	136849	31	323	0	400
1511532219.367		285035	215974	20	68940	101	137707	31	323	0	400
1511532219.467		285986	216599	23	69267	97	138298	31	323	0	400
1511532219.567		283953	215077	22	68754	100	137409	31	323	0	400
1511532219.668		280836	212332	31	68379	94	136617	31	323	0	400
1511532219.767		282076	213869	22	67998	187	136486	31	323	0	400
1511532219.868		283311	214368	18	68823	102	137466	31	323	0	400
1511532219.967		282705	213590	17	68992	106	137713	31	323	0	400
1511532220.067		284162	214296	22	69742	102	138846	31	323	0	400
1511532220.168		286448	216949	21	69275	203	138425	31	323	0	400
1511532220.267		286022	216668	27	69232	95	138383	31	323	0	400
1511532220.367		282810	214135	22	68555	98	137437	31	323	0	400
1511532220.467		281086	213035	20	67898	133	135766	31	323	0	400
1511532220.568		283184	214503	23	68557	101	136914	31	323	0	400
1511532220.668		280454	211915	20	68409	110	136704	31	323	0	400
1511532220.767		285132	216115	19	68889	109	137696	31	323	0	400
1511532220.867		284369	215298	22	68956	93	137653	31	323	0	400
1511532220.967		284735	215288	21	69325	101	138492	31	323	0	400
1511532221.068		282408	213699	22	68585	102	136909	31	323	0	400
1511532221.167		283352	214911	22	68302	117	136648	31	323	0	400
1511532221.267		282009	213807	27	68057	118	136066	31	323	0	400
1511532221.367		280146	211977	21	68047	101	135973	31	323	0	400
1511532221.467		283925	215060	23	68734	108	137420	31	323	0	400
1511532221.567		284791	215826	22	68805	138	137599	31	323	0	400
1511532221.668		283805	214714	24	68974	93	137648	31	323	0	400
1511532221.767		286457	217005	38	69295	119	138371	31	323	0	400
1511532221.867		285274	216129	21	69000	124	137861	31	323	0	400
1511532221.968		281502	212865	21	68512	104	136733	31	323	0	400
1511532222.068		283628	214983	22	68451	172	136701	31	323	0	400
1511532222.168		282770	214258	21	68358	133	136700	31	323	0	400
1511532222.267		284590	215606	22	68752	210	137401	31	323	0	400
1511532222.367		286892	217462	23	69303	104	138440	31	323	0	400
1511532222.467		283545	214796	20	68623	106	136959	31	323	0	400
1511532222.567		283232	214601	28	68502	101	136867	31	323	0	400
1511532222.667		284986	216085	25	68776	100	137515	31	323	0	400
1511532222.767		281912	213542	21	68247	102	136494	31	323	0	400
1511532222.867		282774	214153	21	68505	95	136697	31	323	0	400
1511532222.967		283780	214897	23	68757	103	137483	31	323	0	400
1511532223.067		282982	214383	22	68476	101	136763	31	323	0	400
1511532223.168		284455	215500	21	68826	108	137574	31	323	0	400
1511532223.268		283147	214568	18	68444	117	136789	31	323	0	400
1511532223.367		285343	216130	22	69093	98	138182	31	323	0	400
1511532223.467		284117	215117	22	68885	93	137541	31	323	0	400
1511532223.568		280938	212925	22	67869	122	135762	31	323	0	400
1511532223.667		280059	211538	21	68367	133	136638	31	323	0	400
1511532223.767		281068	212467	21	68361	219	136582	31	323	0	400
1511532223.867		281023	212710	21	68183	109	136091	31	323	0	400
1511532223.967		283491	214649	23	68719	100	137465	31	323	0	400
1511532224.068		282859	213579	23	69078	179	138216	31	323	0	400
1511532224.167		282383	213232	21	68988	142	137672	31	323	0	400
1511532224.267		282106	213464	27	68465	150	136771	31	323	0	400
1511532224.368		283632	215108	23	68305	196	136674	31	323	0	400
1511532224.467		280900	212783	23	67997	97	135952	31	323	0	400
1511532224.567		283122	214374	25	68622	101	137219	31	323	0	400
1511532224.667		280152	211740	21	68287	104	136550	31	323	0	400
1511532224.767		283454	214130	20	69120	184	138164	31	323	0	400
1511532224.867		286155	216783	29	69241	102	138290	31	323	0	400
1511532224.967		284466	215536	23	68799	108	137517	31	323	0	400
1511532225.068		284501	215569	21	68803	108	137575	31	323	0	400
1511532225.167		287545	218765	22	68663	95	137400	31	323	0	400
1511532225.267		280771	212412	27	68230	102	136556	31	323	0	400
1511532225.368		278207	210023	27	67976	181	135824	31	323	0	400
1511532225.468		280096	211630	20	68342	104	136491	31	323	0	400
1511532225.567		284677	215282	22	69175	198	138309	31	323	0	400
1511532225.667		284870	215580	20	69066	204	138142	31	323	0	400
1511532225.768		283717	214579	20	68943	175	137563	31	323	0	400
1511532225.867		284865	215809	21	68933	102	137586	31	323	0	400
1511532225.968		281130	212884	18	68127	101	136012	31	323	0	400
1511532226.068		278986	210851	20	68014	101	136009	31	323	0	400
1511532226.167		280600	212514	21	67951	114	135820	31	323	0	400
1511532226.268		281807	213315	20	68289	183	136475	31	323	0	400
1511532226.367		283585	214994	19	68461	111	136875	31	323	0	400
1511532226.467		288789	217001	23	71655	110	140645	31	323	0	400
1511532226.567		282677	214028	25	68441	183	136751	31	323	0	400
1511532226.667		285535	216190	22	69219	104	138282	31	323	0	400
1511532226.767		280992	212909	20	67926	137	135840	31	323	0	400
1511532226.867		280867	212352	20	68396	99	136686	31	323	0	400
1511532226.967		281956	213460	22	68288	186	136609	31	323	0	400
1511532227.067		284338	215479	21	68735	103	137457	31	323	0	400
1511532227.167		286506	217056	22	69260	168	138435	31	323	0	400
1511532227.267		287052	217873	30	68946	203	137734	31	323	0	400
1511532227.367		290457	220934	22	69361	140	138504	31	323	0	400
1511532227.467		283795	215164	20	68489	122	136834	31	323	0	400
1511532227.567		283155	214967	21	68051	116	136177	31	323	0	400
1511532227.667		283110	214617	20	68374	99	136710	31	323	0	400
1511532227.767		282764	214251	22	68392	99	136711	31	323	0	400
1511532227.868		283076	214507	21	68455	93	136799	31	323	0	400
1511532227.967		286478	217064	20	69264	130	138371	31	323	0	400
1511532228.067		284931	215873	23	68929	106	137704	31	323	0	400
1511532228.167		284860	215856	21	68859	124	137652	31	323	0	400
1511532228.267		284812	215654	21	68818	319	137548	31	323	0	400
1511532228.368		282245	213357	24	68765	99	137464	31	323	0	400
1511532228.467		282788	214142	22	68393	231	136822	31	323	0	400
1511532228.567		282609	214118	20	68369	102	136675	31	323	0	400
1511532228.668		280946	212223	20	68586	117	136886	31	323	0	400
1511532228.767		287034	217703	21	69209	101	138274	31	323	0	400
1511532228.867		284077	215039	22	68918	98	137777	31	323	0	400
1511532228.967		284004	215013	21	68806	164	137507	31	323	0	400
1511532229.067		281621	212989	21	68486	125	136940	31	323	0	400
1511532229.167		282182	213333	22	68729	98	137306	31	323	0	400
1511532229.267		285404	216554	21	68718	111	137372	31	323	0	400
1511532229.367		284833	215839	22	68869	103	137596	31	323	0	400
1511532229.468		281631	213445	21	68044	121	136087	31	323	0	400
1511532229.568		285499	216147	21	69201	130	138364	31	323	0	400
1511532229.668		284384	215433	22	68826	103	137663	31	323	0	400
1511532229.767		285124	216182	22	68818	102	137588	31	323	0	400
1511532229.868		286165	216877	22	69166	100	138271	31	323	0	400
1511532229.967		282167	213693	20	68356	98	136641	31	323	0	400
1511532230.067		278856	210682	21	68055	98	135924	31	323	0	400
1511532230.167		282464	213821	18	68522	103	136781	31	323	0	400
1511532230.267		281455	213172	22	68162	99	136114	31	323	0	400
1511532230.368		284575	215570	23	68877	105	137654	31	323	0	400
1511532230.467		284686	215643	23	68916	104	137762	31	323	0	400
1511532230.567		285234	216220	21	68889	104	137840	31	323	0	400
1511532230.667		282007	213323	20	68568	96	137070	31	323	0	400
1511532230.767		281577	213388	18	68063	108	135960	31	323	0	400
1511532230.867		281442	212919	31	68392	100	136731	31	323	0	400
1511532230.967		283307	214771	22	68411	103	136843	31	323	0	400
1511532231.067		281123	212965	20	68023	115	135904	31	323	0	400
1511532231.167		286556	217109	21	69324	102	138418	31	323	0	400
1511532231.267		285907	216861	20	68808	218	137643	31	323	0	400
1511532231.368		285486	215958	55	69372	101	138487	31	323	0	400
1511532231.468		286091	216718	20	69230	123	138402	31	323	0	400
1511532231.568		283029	214107	32	68515	375	136959	31	323	0	400
1511532231.667		285006	216465	17	68408	116	136783	31	323	0	400
1511532231.767		279128	211012	16	67891	209	135824	31	323	0	400
1511532231.868		281689	212713	27	68840	109	137513	31	323	0	400
1511532231.967		282094	213412	17	68454	211	136852	31	323	0	400
1511532232.067		285520	216184	21	69216	99	138433	31	323	0	400
1511532232.167		282101	213563	20	68419	99	136833	31	323	0	400
1511532232.268		281617	212582	21	68904	110	137705	31	323	0	400
1511532232.367		282128	213476	30	68496	126	136799	31	323	0	400
