1511532977.447		288992	215574	26	71127	2265	142014	70	12394	0	200
1511532977.647		286068	214240	18	69788	2022	139648	70	12394	0	200
1511532977.746		284423	213018	22	69426	1957	139099	70	12394	0	200
1511532977.860		287479	214874	22	70313	2270	140817	70	12394	0	200
1511532977.860		292310	220134	26	70132	2018	141170	70	12394	0	200
1511532977.946		288383	215626	21	70842	1894	141354	70	12394	0	200
1511532978.046		289204	216398	22	70787	1997	141810	70	12394	0	200
1511532978.146		287922	215429	21	70457	2015	141612	70	12394	0	200
1511532978.246		285190	213312	25	69881	1972	140272	70	12394	0	200
1511532978.346		284096	212585	23	69542	1946	139258	70	12394	0	200
1511532978.446		286147	214239	23	69738	2147	140109	70	12394	0	200
1511532978.547		286494	214495	22	70216	1761	140172	70	12394	0	200
1511532978.647		286937	215041	19	69819	2058	140155	70	12394	0	200
1511532978.747		288727	216271	20	70434	2002	141194	70	12394	0	200
1511532978.846		288359	215958	26	70351	2024	140918	70	12394	0	200
1511532978.947		288803	216048	31	70740	1984	141367	70	12394	0	200
1511532979.046		288657	215720	20	70832	2085	141536	70	12394	0	200
1511532979.146		286132	214181	22	69946	1983	140209	70	12394	0	200
1511532979.246		285801	213836	32	69939	1994	140170	70	12394	0	200
1511532979.347		287330	214919	16	70504	1891	141026	70	12394	0	200
1511532979.447		284974	213165	25	69834	1950	139645	70	12394	0	200
1511532979.546		289620	216566	22	71156	1876	142092	70	12394	0	200
1511532979.646		292311	219236	25	71075	1975	142166	70	12394	0	200
1511532979.747		288989	216750	20	70723	1496	141122	70	12394	0	200
1511532979.847		290558	217239	22	71276	2021	142430	70	12394	0	200
1511532979.946		284964	213333	24	69650	1957	139359	70	12394	0	200
1511532980.047		286289	214367	21	69897	2004	140048	70	12394	0	200
1511532980.146		288005	215913	24	70140	1928	140734	70	12394	0	200
1511532980.246		285753	213885	22	69756	2090	139957	70	12394	0	200
1511532980.346		289168	216416	23	70734	1995	141621	70	12394	0	200
1511532980.446		286422	214532	22	69879	1989	140096	70	12394	0	200
1511532980.546		288246	215921	23	70418	1884	140888	70	12394	0	200
1511532980.646		288612	215922	21	70668	2001	141725	70	12394	0	200
1511532980.746		287201	214872	22	70349	1958	140880	70	12394	0	200
1511532980.846		286324	214448	19	69858	1999	140032	70	12394	0	200
1511532980.947		284574	213118	21	69796	1639	139248	70	12394	0	200
1511532981.047		287738	215890	22	70166	1660	140443	70	12394	0	200
1511532981.147		287034	214775	22	70232	2005	141033	70	12394	0	200
1511532981.246		286357	214064	21	70300	1972	141008	70	12394	0	200
1511532981.346		288508	216317	23	70155	2013	140861	70	12394	0	200
1511532981.447		286642	214203	20	70474	1945	141024	70	12394	0	200
1511532981.547		289212	215589	17	70309	3297	142096	70	12394	0	200
1511532981.647		287516	215229	21	70266	2000	140795	70	12394	0	200
1511532981.746		286424	214349	20	70104	1951	140210	70	12394	0	200
1511532981.847		288241	215896	22	70554	1769	140988	70	12394	0	200
1511532981.946		289411	216675	23	70731	1982	141662	70	12394	0	200
1511532982.046		287226	215231	17	69991	1987	140578	70	12394	0	200
1511532982.146		282630	211296	23	69377	1934	139011	70	12394	0	200
1511532982.246		284719	212405	30	70283	2001	140841	70	12394	0	200
1511532982.346		287901	215610	21	70312	1958	140828	70	12394	0	200
1511532982.446		286673	214571	21	70136	1945	140521	70	12394	0	200
1511532982.546		289255	216048	23	71146	2038	141779	70	12394	0	200
1511532982.646		291304	219339	22	69969	1974	140209	70	12394	0	200
1511532982.746		287617	215293	21	70262	2041	141060	70	12394	0	200
1511532982.846		286025	214095	21	69925	1984	140068	70	12394	0	200
1511532982.946		284783	212552	19	70165	2047	140252	70	12394	0	200
1511532983.047		285456	213886	21	70027	1522	140210	70	12394	0	200
1511532983.147		286159	214352	21	69841	1945	140126	70	12394	0	200
1511532983.246		289432	216401	25	71019	1987	141915	70	12394	0	200
1511532983.346		288778	216386	26	70327	2039	141005	70	12394	0	200
1511532983.446		289094	216725	35	70364	1970	140987	70	12394	0	200
1511532983.546		290015	217168	23	70663	2161	141773	70	12394	0	200
1511532983.646		313087	213041	35	69580	30431	167645	70	12394	0	200
1511532983.746		284886	213027	17	69803	2039	139519	70	12394	0	200
1511532983.846		287779	215975	23	69768	2013	139949	70	12394	0	200
1511532983.947		287717	216249	17	69536	1915	139628	70	12394	0	200
1511532984.046		288140	215618	22	70553	1947	141664	70	12394	0	200
1511532984.146		286471	213887	20	70583	1981	141017	70	12394	0	200
1511532984.246		286764	214584	24	70200	1956	140762	70	12394	0	200
1511532984.346		285536	214261	22	69692	1561	139429	70	12394	0	200
1511532984.446		284021	212802	27	69189	2003	139044	70	12394	0	200
1511532984.546		287424	215352	22	70010	2040	140699	70	12394	0	200
1511532984.646		286136	214507	21	69644	1964	139701	70	12394	0	200
1511532984.747		285363	213742	22	69557	2042	139672	70	12394	0	200
1511532984.846		283806	211879	23	70019	1885	140092	70	12394	0	200
1511532984.946		286289	214435	21	69809	2024	140356	70	12394	0	200
1511532985.046		283449	211668	22	69829	1930	140016	70	12394	0	200
1511532985.147		285638	213221	23	70373	2021	140945	70	12394	0	200
1511532985.247		286627	214969	22	69657	1979	139865	70	12394	0	200
1511532985.346		284985	213263	23	69799	1900	139586	70	12394	0	200
1511532985.446		288556	216201	22	70265	2068	140880	70	12394	0	200
1511532985.547		284910	213271	24	69537	2078	139417	70	12394	0	200
1511532985.646		288559	215939	21	70539	2060	141225	70	12394	0	200
1511532985.746		290125	217184	23	70957	1961	141963	70	12394	0	200
1511532985.847		288438	215831	24	70475	2108	141273	70	12394	0	200
1511532985.946		290047	217056	23	70960	2008	141927	70	12394	0	200
1511532986.046		286505	214786	23	69749	1947	139613	70	12394	0	200
1511532986.146		286871	214746	23	70159	1943	140709	70	12394	0	200
1511532986.246		284119	212044	25	70070	1980	140171	70	12394	0	200
1511532986.347		286046	214186	19	69847	1994	139962	70	12394	0	200
1511532986.446		289572	216807	24	70708	2033	141670	70	12394	0	200
1511532986.546		290233	217896	21	70668	1648	140913	70	12394	0	200
1511532986.647		286681	214424	23	70239	1995	141144	70	12394	0	200
1511532986.746		284606	212530	28	70046	2002	140267	70	12394	0	200
1511532986.846		303413	212254	21	69598	21540	159164	70	12394	0	200
1511532986.946		283477	211755	21	69698	2003	139898	70	12394	0	200
1511532987.046		283542	211953	27	69522	2040	139384	70	12394	0	200
1511532987.146		288680	216510	23	70162	1985	140645	70	12394	0	200
1511532987.247		287770	215709	28	70467	1566	140765	70	12394	0	200
1511532987.346		288692	216009	23	70621	2039	141427	70	12394	0	200
1511532987.447		286643	214662	24	69914	2043	140138	70	12394	0	200
1511532987.546		287092	214655	21	70510	1906	141025	70	12394	0	200
1511532987.647		283478	212587	24	69290	1577	138682	70	12394	0	200
1511532987.746		285389	213369	29	69861	2130	140082	70	12394	0	200
1511532987.846		286388	214604	21	69750	2013	139965	70	12394	0	200
1511532987.947		288820	216062	20	70604	2134	141340	70	12394	0	200
1511532988.046		293615	220872	22	70653	2068	141700	70	12394	0	200
1511532988.147		288292	216290	23	69855	2124	140325	70	12394	0	200
1511532988.246		286831	214900	30	69829	2072	140049	70	12394	0	200
1511532988.346		287832	215352	20	70399	2061	141044	70	12394	0	200
1511532988.446		286419	214360	21	70045	1993	140240	70	12394	0	200
1511532988.546		284773	213214	14	69530	2015	139301	70	12394	0	200
1511532988.647		288331	215915	21	70299	2096	141023	70	12394	0	200
1511532988.746		288004	215647	42	70243	2072	140964	70	12394	0	200
1511532988.846		289776	216743	20	70924	2089	141947	70	12394	0	200
1511532988.946		289748	216930	23	70729	2066	141853	70	12394	0	200
1511532989.046		288113	215887	22	70166	2038	141311	70	12394	0	200
1511532989.146		285088	212711	22	70306	2049	140994	70	12394	0	200
1511532989.247		285588	214031	22	69499	2036	139253	70	12394	0	200
1511532989.346		286188	214427	26	69674	2061	139897	70	12394	0	200
1511532989.447		286484	214457	22	70019	1986	140228	70	12394	0	200
1511532989.546		287266	214520	22	72656	68	141030	70	12394	0	200
1511532989.646		288595	216038	26	70368	2163	141073	70	12394	0	200
1511532989.746		288299	215650	23	70562	2064	141398	70	12394	0	200
1511532989.847		288834	216350	22	70413	2049	141103	70	12394	0	200
1511532989.946		288537	215947	21	70493	2076	141195	70	12394	0	200
1511532990.047		287449	215538	22	69843	2046	140451	70	12394	0	200
1511532990.146		284111	212090	21	69958	2042	140139	70	12394	0	200
1511532990.246		284270	212772	21	69434	2043	139627	70	12394	0	200
1511532990.346		284067	212014	15	69932	2106	140200	70	12394	0	200
1511532990.447		285670	213135	17	70399	2119	141219	70	12394	0	200
1511532990.546		288508	215685	21	70707	2095	141763	70	12394	0	200
1511532990.646		289466	216694	21	70560	2191	141447	70	12394	0	200
1511532990.747		288437	215948	22	70257	2210	141033	70	12394	0	200
1511532990.846		288356	215865	24	70420	2047	141124	70	12394	0	200
1511532990.946		285914	214250	21	69610	2033	139809	70	12394	0	200
1511532991.046		284423	212657	22	69631	2113	139508	70	12394	0	200
1511532991.147		287035	214782	15	70242	1996	140496	70	12394	0	200
1511532991.247		288543	215942	28	70365	2208	141091	70	12394	0	200
1511532991.347		286346	213696	22	70506	2122	141252	70	12394	0	200
1511532991.446		287980	215436	23	70494	2027	141094	70	12394	0	200
1511532991.546		287367	215295	22	71158	892	140285	70	12394	0	200
1511532991.646		286084	214258	23	69848	1955	139993	70	12394	0	200
1511532991.746		285565	213761	21	69762	2021	139874	70	12394	0	200
1511532991.847		286386	214033	22	70409	1922	140470	70	12394	0	200
1511532991.946		283909	212452	21	69504	1932	139371	70	12394	0	200
1511532992.047		286266	214417	23	69898	1928	140047	70	12394	0	200
1511532992.146		288413	216037	26	70311	2039	140982	70	12394	0	200
1511532992.246		287086	214981	22	70082	2001	140365	70	12394	0	200
1511532992.346		289418	216793	21	70528	2076	141556	70	12394	0	200
1511532992.447		284852	213411	20	69515	1906	139218	70	12394	0	200
1511532992.546		286766	214719	22	70002	2023	140297	70	12394	0	200
1511532992.646		287403	215152	23	70317	1911	140728	70	12394	0	200
1511532992.746		284517	213059	22	69473	1963	139290	70	12394	0	200
1511532992.846		288374	216076	23	70265	2010	140925	70	12394	0	200
1511532992.946		286963	215277	29	69694	1963	140086	70	12394	0	200
1511532993.046		288293	215915	22	70351	2005	140979	70	12394	0	200
1511532993.146		287219	214869	16	70349	1985	140907	70	12394	0	200
1511532993.247		284477	213403	21	69120	1933	138826	70	12394	0	200
1511532993.347		286364	214455	21	69928	1960	140140	70	12394	0	200
1511532993.447		285923	214051	21	69888	1963	139921	70	12394	0	200
1511532993.546		286084	214140	23	69984	1937	140068	70	12394	0	200
1511532993.646		286957	215084	21	69819	2033	140483	70	12394	0	200
1511532993.746		287757	215415	22	70435	1885	140901	70	12394	0	200
1511532993.847		289766	217043	23	70595	2105	141660	70	12394	0	200
1511532993.946		287115	214954	20	70020	2121	140757	70	12394	0	200
1511532994.046		284809	213255	23	69572	1959	139638	70	12394	0	200
1511532994.146		282176	211016	22	69201	1937	138970	70	12394	0	200
1511532994.246		285926	213757	16	70220	1933	140403	70	12394	0	200
1511532994.346		286570	214380	22	70206	1962	140412	70	12394	0	200
1511532994.447		288629	216090	21	70491	2027	141578	70	12394	0	200
1511532994.546		286956	214419	21	70675	1841	141502	70	12394	0	200
1511532994.646		286918	214470	23	70468	1957	141047	70	12394	0	200
1511532994.746		287032	214629	22	70360	2021	141095	70	12394	0	200
1511532994.846		286215	214807	21	69414	1973	139199	70	12394	0	200
1511532994.946		284541	213329	21	69293	1898	138961	70	12394	0	200
1511532995.046		286458	214833	21	69637	1967	139774	70	12394	0	200
1511532995.146		281881	210356	22	69569	1934	139324	70	12394	0	200
1511532995.247		287382	214510	21	70910	1941	141881	70	12394	0	200
1511532995.347		286439	214410	21	70049	1959	140667	70	12394	0	200
1511532995.446		286050	213435	26	70523	2066	141738	70	12394	0	200
1511532995.546		285695	213214	22	70465	1994	140975	70	12394	0	200
1511532995.646		286848	215008	20	69846	1974	139550	70	12394	0	200
1511532995.746		285205	213564	21	69632	1988	139530	70	12394	0	200
1511532995.846		287586	215514	21	70060	1991	140755	70	12394	0	200
1511532995.946		285029	213279	21	69789	1940	139935	70	12394	0	200
1511532996.046		286975	214387	23	70527	2038	141471	70	12394	0	200
1511532996.147		287510	215313	17	70218	1962	140755	70	12394	0	200
1511532996.246		286022	214123	22	69919	1958	140178	70	12394	0	200
1511532996.346		286375	214615	21	69794	1945	140020	70	12394	0	200
1511532996.446		284341	212869	21	69445	2006	139340	70	12394	0	200
1511532996.547		286159	214280	22	69885	1972	140019	70	12394	0	200
1511532996.647		286015	214070	20	69911	2014	140070	70	12394	0	200
1511532996.746		286159	214165	24	69961	2009	140190	70	12394	0	200
1511532996.846		288234	215764	24	70470	1976	141104	70	12394	0	200
1511532996.946		287737	215417	20	70343	1957	140870	70	12394	0	200
1511532997.046		287483	215034	22	70472	1955	141045	70	12394	0	200
1511532997.146		287184	214625	22	70583	1954	141127	70	12394	0	200
1511532997.247		283585	212388	21	69239	1937	138954	70	12394	0	200
1511532997.347		281628	210313	21	69539	1755	139225	70	12394	0	200
1511532997.446		284316	212357	20	71057	882	140139	70	12394	0	200
1511532997.547		290582	217633	23	71212	1714	143696	70	12394	0	200
1511532997.647		288245	215686	20	70608	1931	141191	70	12394	0	200
1511532997.746		288682	216342	21	70342	1977	141022	70	12394	0	200
1511532997.846		289557	216848	23	70705	1981	141708	70	12394	0	200
1511532997.947		286594	214513	24	70052	2005	140212	70	12394	0	200
1511532998.046		288312	216090	22	70226	1974	140655	70	12394	0	200
1511532998.146		285757	214162	21	69632	1942	139435	70	12394	0	200
1511532998.247		315790	214377	23	69951	31439	169637	70	12394	0	200
1511532998.347		287995	215611	26	70315	2043	140972	70	12394	0	200
1511532998.446		286990	215083	20	69874	2013	140176	70	12394	0	200
1511532998.546		286512	214513	23	69973	2003	140296	70	12394	0	200
1511532998.646		288084	215690	23	70424	1947	141032	70	12394	0	200
1511532998.747		286966	215003	21	69987	1955	140506	70	12394	0	200
1511532998.847		285375	213969	26	69398	1982	139077	70	12394	0	200
1511532998.946		285875	213898	25	70012	1940	140036	70	12394	0	200
1511532999.046		286382	214295	23	70076	1988	140106	70	12394	0	200
1511532999.147		289661	217675	24	70439	1523	140944	70	12394	0	200
1511532999.247		288328	215937	22	70416	1953	141063	70	12394	0	200
1511532999.346		288071	215662	18	70380	2011	140975	70	12394	0	200
1511532999.446		288175	216093	24	70060	1998	140693	70	12394	0	200
1511532999.546		287408	215223	21	70152	2012	140653	70	12394	0	200
1511532999.646		285729	213722	21	70023	1963	140134	70	12394	0	200
1511532999.746		286341	214438	20	69885	1998	139982	70	12394	0	200
1511532999.846		288030	215553	23	70502	1952	141079	70	12394	0	200
1511532999.947		286860	214898	19	69850	2093	140225	70	12394	0	200
1511533000.047		289474	216959	21	70444	2050	141579	70	12394	0	200
1511533000.146		288582	216023	15	70517	2027	141248	70	12394	0	200
1511533000.246		287937	215683	21	70327	1906	140783	70	12394	0	200
1511533000.346		286439	214723	19	69698	1999	139933	70	12394	0	200
1511533000.447		286670	214481	31	70230	1928	140460	70	12394	0	200
1511533000.547		285829	213593	24	70257	1955	139808	70	12394	0	200
1511533000.647		288158	215813	22	70421	1902	140982	70	12394	0	200
1511533000.747		288702	216169	20	70410	2103	141286	70	12394	0	200
1511533000.847		288059	215652	21	70410	1976	140981	70	12394	0	200
1511533000.946		287998	215836	22	70214	1926	140731	70	12394	0	200
1511533001.046		288019	215761	23	70301	1934	140817	70	12394	0	200
1511533001.147		287496	215617	24	69902	1953	140135	70	12394	0	200
1511533001.246		288192	215766	28	70456	1942	140987	70	12394	0	200
1511533001.346		286710	214758	22	69933	1997	140381	70	12394	0	200
1511533001.446		286320	214635	18	69663	2004	139853	70	12394	0	200
1511533001.546		289198	216705	27	70420	2046	141101	70	12394	0	200
1511533001.646		289762	217049	21	70635	2057	141696	70	12394	0	200
1511533001.747		286536	214631	21	69866	2018	140130	70	12394	0	200
1511533001.846		287380	214846	23	70539	1972	141055	70	12394	0	200
1511533001.947		285359	213628	21	69720	1990	139555	70	12394	0	200
1511533002.046		288047	216065	21	70002	1959	140225	70	12394	0	200
1511533002.147		286340	214433	21	69956	1930	140109	70	12394	0	200
1511533002.246		286482	214614	16	69863	1989	140068	70	12394	0	200
1511533002.346		289814	216978	22	70761	2053	141824	70	12394	0	200
1511533002.446		285286	213453	20	69785	2028	140107	70	12394	0	200
1511533002.547		287244	214903	23	70284	2034	141022	70	12394	0	200
1511533002.646		285753	213615	45	70087	2006	140296	70	12394	0	200
1511533002.747		288493	216066	23	70445	1959	141051	70	12394	0	200
1511533002.846		288916	216396	21	70435	2064	141166	70	12394	0	200
1511533002.946		284195	212945	19	69305	1926	139033	70	12394	0	200
1511533003.046		287529	215377	22	70215	1915	140745	70	12394	0	200
1511533003.146		288219	215883	27	70357	1952	140855	70	12394	0	200
1511533003.246		288578	216044	22	70595	1917	141143	70	12394	0	200
1511533003.346		289861	217281	21	71024	1535	141627	70	12394	0	200
1511533003.446		288526	216040	16	70531	1939	141074	70	12394	0	200
1511533003.546		285517	213403	21	69728	2365	139887	70	12394	0	200
1511533003.646		286958	215094	23	69830	2011	140009	70	12394	0	200
1511533003.747		286364	214305	19	69999	2041	140207	70	12394	0	200
1511533003.847		285019	213299	21	69732	1967	139419	70	12394	0	200
1511533003.946		285771	213659	22	70110	1980	140297	70	12394	0	200
1511533004.046		286986	214900	21	70026	2039	140403	70	12394	0	200
1511533004.146		286112	214270	23	69885	1934	140104	70	12394	0	200
1511533004.246		315699	216729	23	70513	28434	167774	70	12394	0	200
1511533004.346		287730	215377	23	70456	1874	140773	70	12394	0	200
1511533004.446		285338	213365	23	69973	1977	140050	70	12394	0	200
1511533004.546		285197	213169	22	70013	1993	139839	70	12394	0	200
1511533004.647		283551	211907	20	69705	1919	139400	70	12394	0	200
1511533004.746		287088	214903	23	70147	2015	140851	70	12394	0	200
1511533004.846		283738	211961	15	69802	1960	140082	70	12394	0	200
1511533004.947		284141	212095	24	70069	1953	140167	70	12394	0	200
1511533005.046		288141	215737	24	70363	2017	141005	70	12394	0	200
1511533005.146		288086	215872	24	70256	1934	140793	70	12394	0	200
1511533005.246		288044	215961	20	70007	2056	140315	70	12394	0	200
1511533005.346		287524	215276	22	70231	1995	140733	70	12394	0	200
1511533005.446		286610	214449	23	70158	1980	140366	70	12394	0	200
1511533005.546		286069	213840	22	69600	2607	140508	70	12394	0	200
1511533005.647		284475	212585	18	69953	1919	140232	70	12394	0	200
1511533005.746		289535	216786	23	70614	2112	141643	70	12394	0	200
1511533005.846		289512	215832	19	71639	2022	142711	70	12394	0	200
1511533005.946		285587	213615	22	69985	1965	140122	70	12394	0	200
1511533006.046		285906	214153	16	69826	1911	139943	70	12394	0	200
1511533006.147		285268	213323	22	69884	2039	140099	70	12394	0	200
1511533006.246		285785	213914	21	69855	1995	139693	70	12394	0	200
1511533006.346		287011	214927	23	70085	1976	140450	70	12394	0	200
1511533006.446		289120	215686	31	71377	2026	142407	70	12394	0	200
1511533006.547		286931	215071	23	69795	2042	139693	70	12394	0	200
1511533006.646		286694	214600	21	70081	1992	140773	70	12394	0	200
1511533006.746		282872	211322	21	69565	1964	139355	70	12394	0	200
1511533006.847		286088	214253	28	69856	1951	140068	70	12394	0	200
1511533006.946		285475	213985	26	69557	1907	139693	70	12394	0	200
1511533007.046		284865	213094	23	69814	1934	139825	70	12394	0	200
1511533007.147		287681	215172	21	70551	1937	141102	70	12394	0	200
1511533007.246		285935	213752	22	70185	1976	140834	70	12394	0	200
1511533007.346		288192	215835	23	70253	2081	140950	70	12394	0	200
1511533007.446		287875	215377	23	70484	1991	141053	70	12394	0	200
1511533007.546		285213	213460	22	69686	2045	139983	70	12394	0	200
1511533007.646		284595	212997	22	69596	1980	139288	70	12394	0	200
1511533007.746		287067	214801	20	70306	1940	140469	70	12394	0	200
1511533007.847		287350	215075	20	70339	1916	140836	70	12394	0	200
1511533007.946		289111	216478	21	70612	2000	141639	70	12394	0	200
1511533008.046		288297	215972	23	70262	2040	140922	70	12394	0	200
1511533008.146		288375	216284	20	70081	1990	140386	70	12394	0	200
1511533008.246		292305	219407	23	70922	1953	141837	70	12394	0	200
1511533008.346		286047	214201	23	69860	1963	140078	70	12394	0	200
1511533008.447		285704	214477	21	69270	1936	139087	70	12394	0	200
1511533008.546		287681	215387	23	70317	1954	140797	70	12394	0	200
1511533008.646		286195	214066	23	70164	1942	140117	70	12394	0	200
1511533008.746		285417	213229	22	70166	2000	140381	70	12394	0	200
1511533008.846		287941	215637	19	70228	2057	140883	70	12394	0	200
1511533008.947		286641	214846	21	69735	2039	139982	70	12394	0	200
1511533009.047		286867	214672	21	70223	1951	140417	70	12394	0	200
1511533009.146		285016	213039	23	69994	1960	140215	70	12394	0	200
1511533009.247		287683	215817	21	69898	1947	140393	70	12394	0	200
1511533009.347		285765	213835	30	69858	2042	140063	70	12394	0	200
1511533009.446		287992	215845	20	70121	2006	140515	70	12394	0	200
1511533009.546		287148	214460	21	71617	1050	141345	70	12394	0	200
1511533009.647		288311	215717	22	70586	1986	141166	70	12394	0	200
1511533009.746		289306	216745	21	70523	2017	141603	70	12394	0	200
1511533009.847		286956	215028	26	69958	1944	140078	70	12394	0	200
1511533009.946		287192	215235	23	70407	1527	140473	70	12394	0	200
1511533010.046		285425	213619	21	69815	1970	139597	70	12394	0	200
1511533010.147		288406	215839	24	70602	1941	140989	70	12394	0	200
1511533010.246		288367	215865	25	70524	1953	141076	70	12394	0	200
1511533010.346		288093	215612	22	70563	1896	141065	70	12394	0	200
1511533010.446		289819	216811	22	70979	2007	142057	70	12394	0	200
1511533010.546		289547	216678	26	70869	1974	141868	70	12394	0	200
1511533010.646		288267	215843	17	70427	1980	141063	70	12394	0	200
1511533010.746		285552	213569	21	69959	2003	140116	70	12394	0	200
1511533010.847		287792	215433	21	70354	1984	140980	70	12394	0	200
1511533010.946		284346	212862	22	69474	1988	139258	70	12394	0	200
1511533011.047		285565	213865	22	69729	1949	139498	70	12394	0	200
1511533011.146		288190	215835	16	70317	2022	141041	70	12394	0	200
1511533011.246		286924	214805	22	70145	1952	140528	70	12394	0	200
1511533011.347		289560	216776	21	70783	1980	141758	70	12394	0	200
1511533011.446		290922	217562	16	71305	2039	142436	70	12394	0	200
1511533011.546		286530	213409	24	69621	3476	140863	70	12394	0	200
1511533011.646		287285	215278	23	70030	1954	140192	70	12394	0	200
1511533011.746		286282	214164	27	70106	1985	140316	70	12394	0	200
1511533011.847		288195	215864	21	70611	1699	140851	70	12394	0	200
1511533011.946		286903	214842	30	69948	2083	140255	70	12394	0	200
1511533012.047		287941	216251	22	70211	1457	140018	70	12394	0	200
1511533012.147		286779	214693	19	70101	1966	140468	70	12394	0	200
1511533012.246		286200	214458	23	69756	1963	140035	70	12394	0	200
1511533012.347		285345	213724	21	69582	2018	139911	70	12394	0	200
1511533012.447		288041	216247	22	69826	1946	139800	70	12394	0	200
1511533012.547		284404	212618	22	69576	2188	139329	70	12394	0	200
1511533012.646		285923	214040	21	69912	1950	140021	70	12394	0	200
1511533012.746		286841	214729	23	70145	1944	140259	70	12394	0	200
1511533012.846		286548	215009	20	69601	1918	139856	70	12394	0	200
1511533012.946		288049	215704	23	70375	1947	140873	70	12394	0	200
1511533013.047		289749	217184	22	70509	2034	141238	70	12394	0	200
1511533013.146		284993	213362	12	69632	1987	139436	70	12394	0	200
1511533013.246		287825	215344	15	70447	2019	140954	70	12394	0	200
1511533013.346		287583	214647	29	70874	2033	141453	70	12394	0	200
1511533013.446		285901	213898	22	69962	2019	140112	70	12394	0	200
1511533013.546		287906	215272	26	70578	2030	141217	70	12394	0	200
1511533013.647		290209	217463	23	70755	1968	141704	70	12394	0	200
1511533013.746		288062	215851	17	70242	1952	140834	70	12394	0	200
1511533013.846		288459	216241	26	70212	1980	140813	70	12394	0	200
1511533013.947		285846	214133	22	69628	2063	139783	70	12394	0	200
1511533014.047		285529	214007	23	69553	1946	139339	70	12394	0	200
1511533014.147		288578	216099	23	70424	2032	141028	70	12394	0	200
1511533014.246		285746	213831	22	69886	2007	140069	70	12394	0	200
1511533014.346		287288	214515	21	70745	2007	141755	70	12394	0	200
1511533014.446		286931	214938	25	69988	1980	139989	70	12394	0	200
1511533014.546		286949	214948	21	70001	1979	140540	70	12394	0	200
1511533014.647		285153	213230	21	69952	1950	140462	70	12394	0	200
1511533014.746		286019	214216	22	69798	1983	139806	70	12394	0	200
1511533014.846		285745	214301	19	69492	1933	139216	70	12394	0	200
1511533014.946		285834	214196	23	69653	1962	139702	70	12394	0	200
1511533015.046		286249	214066	22	70112	2049	140337	70	12394	0	200
1511533015.146		290016	217187	23	70825	1981	141711	70	12394	0	200
1511533015.246		288503	216064	23	70435	1981	141008	70	12394	0	200
1511533015.347		290030	217325	22	70699	1984	141721	70	12394	0	200
1511533015.446		286826	214696	20	70116	1994	140323	70	12394	0	200
1511533015.546		286573	214465	22	70025	2061	140233	70	12394	0	200
1511533015.646		287757	215477	26	70355	1899	140883	70	12394	0	200
1511533015.747		284146	212517	20	69609	2000	139461	70	12394	0	200
1511533015.846		284951	213471	20	69478	1982	139272	70	12394	0	200
1511533015.946		289559	216687	23	70786	2063	141832	70	12394	0	200
1511533016.046		285479	213583	23	69911	1962	140071	70	12394	0	200
1511533016.146		288282	215777	21	70493	1991	141105	70	12394	0	200
1511533016.247		286091	214587	22	69456	2026	139657	70	12394	0	200
1511533016.347		284705	212859	26	69885	1935	139962	70	12394	0	200
1511533016.446		286019	214070	24	70000	1925	140091	70	12394	0	200
1511533016.547		286680	215390	16	69776	1498	139868	70	12394	0	200
1511533016.646		281016	209940	16	69027	2033	138819	70	12394	0	200
1511533016.747		288392	216157	47	70178	2010	141132	70	12394	0	200
1511533016.847		288911	216141	23	70676	2071	141256	70	12394	0	200
1511533016.946		286192	214327	23	69880	1962	140085	70	12394	0	200
1511533017.046		286581	214657	24	69926	1974	140158	70	12394	0	200
1511533017.146		287635	215603	23	70033	1976	140525	70	12394	0	200
1511533017.247		286350	214403	23	69926	1998	140018	70	12394	0	200
1511533017.347		284396	212966	21	69457	1952	139298	70	12394	0	200
1511533017.446		284497	213325	21	69218	1933	139025	70	12394	0	200
1511533017.546		286359	214114	21	70158	2066	140451	70	12394	0	200
1511533017.646		288110	215947	22	70190	1951	140819	70	12394	0	200
1511533017.746		286092	214123	21	69972	1976	140191	70	12394	0	200
1511533017.846		289876	217121	21	70714	2020	141814	70	12394	0	200
1511533017.946		288217	215757	22	70498	1940	140932	70	12394	0	200
1511533018.046		289785	217466	21	70224	2074	140801	70	12394	0	200
1511533018.146		286789	214838	23	69993	1935	140086	70	12394	0	200
1511533018.247		288036	215470	22	70566	1978	141231	70	12394	0	200
1511533018.347		286368	214379	22	69973	1994	140188	70	12394	0	200
1511533018.446		287195	215084	23	70136	1952	140412	70	12394	0	200
1511533018.547		287793	215281	22	70499	1991	141112	70	12394	0	200
1511533018.646		288897	215851	27	71002	2017	141919	70	12394	0	200
1511533018.746		286474	214699	22	69823	1930	139824	70	12394	0	200
1511533018.846		288179	215687	22	70538	1932	141022	70	12394	0	200
1511533018.946		286112	214208	22	69937	1945	139932	70	12394	0	200
1511533019.046		284857	213191	22	69632	2012	139601	70	12394	0	200
1511533019.147		289417	217000	27	70329	2061	140963	70	12394	0	200
1511533019.246		293708	220862	28	70742	2076	141920	70	12394	0	200
1511533019.346		287753	215731	23	70000	1999	140281	70	12394	0	200
1511533019.446		286384	214266	22	70083	2013	140308	70	12394	0	200
1511533019.546		286291	214398	25	69835	2033	140064	70	12394	0	200
1511533019.646		283608	211873	26	69764	1945	139777	70	12394	0	200
1511533019.746		285252	213336	22	69987	1907	140123	70	12394	0	200
1511533019.847		286963	214712	22	70307	1922	140393	70	12394	0	200
1511533019.946		288406	215983	22	70442	1959	141050	70	12394	0	200
1511533020.047		288594	215991	23	70651	1929	141343	70	12394	0	200
1511533020.147		287032	214847	22	70150	2013	140252	70	12394	0	200
1511533020.247		287959	215351	21	70640	1947	141246	70	12394	0	200
1511533020.346		286284	214498	21	69816	1949	139863	70	12394	0	200
1511533020.447		286825	214797	22	69977	2029	140134	70	12394	0	200
1511533020.546		285265	213266	20	70007	1972	140583	70	12394	0	200
1511533020.647		286394	214243	24	70185	1942	140324	70	12394	0	200
1511533020.946		72498	0	43	70469	1986	72362	70	12394	0	200
1511533020.747		288063	215770	22	70305	1966	140842	70	12394	0	200
1511533020.846		288382	215829	22	70591	1940	141092	70	12394	0	200
1511533021.047		287068	214717	23	70427	1901	140506	70	12394	0	200
1511533021.146		287910	215498	22	70455	1935	141072	70	12394	0	200
1511533021.247		288048	215696	22	70316	2014	140844	70	12394	0	200
1511533021.347		286245	213996	21	70287	1941	140800	70	12394	0	200
1511533021.446		284227	212727	24	69483	1993	139183	70	12394	0	200
1511533021.547		284538	212321	20	70285	1912	140363	70	12394	0	200
1511533021.646		288114	215293	21	70845	1955	141842	70	12394	0	200
1511533021.746		286955	214900	22	70048	1985	140331	70	12394	0	200
1511533021.846		289606	216762	24	70689	2131	141956	70	12394	0	200
1511533021.946		287635	214951	23	70679	1982	141294	70	12394	0	200
1511533022.046		286173	213854	21	70299	1999	140743	70	12394	0	200
1511533022.146		285502	213368	24	70173	1937	140210	70	12394	0	200
1511533022.247		286721	214524	23	70199	1975	140355	70	12394	0	200
1511533022.346		283674	212232	23	69471	1948	139301	70	12394	0	200
1511533022.446		289952	217017	21	70912	2002	141868	70	12394	0	200
1511533022.547		288274	216171	21	70509	1573	140755	70	12394	0	200
1511533022.646		287640	215175	23	70504	1938	140936	70	12394	0	200
1511533022.746		289141	216428	25	70724	1964	141767	70	12394	0	200
1511533022.847		285067	213430	23	69678	1936	139721	70	12394	0	200
1511533022.946		284739	213299	20	69481	1939	139108	70	12394	0	200
1511533023.046		283923	212392	21	69554	1956	139252	70	12394	0	200
1511533023.146		283823	212112	22	69752	1937	139523	70	12394	0	200
1511533023.246		287498	214904	26	70588	1980	141221	70	12394	0	200
1511533023.346		286649	214705	25	69893	2026	140240	70	12394	0	200
1511533023.446		286338	213753	22	70668	1895	141045	70	12394	0	200
1511533023.547		286879	214934	23	70312	1610	140266	70	12394	0	200
1511533023.646		284372	212827	21	69601	1923	139314	70	12394	0	200
1511533023.747		285335	213430	17	69866	2022	139722	70	12394	0	200
1511533023.846		285285	213403	19	69855	2008	139694	70	12394	0	200
1511533023.946		285644	213955	22	69691	1976	139518	70	12394	0	200
1511533024.046		287064	215069	22	70070	1903	140311	70	12394	0	200
1511533024.147		286612	214783	21	69802	2006	140051	70	12394	0	200
1511533024.246		289082	216201	17	70880	1984	141863	70	12394	0	200
1511533024.346		285615	214030	21	69620	1944	139848	70	12394	0	200
1511533024.446		287894	215577	26	70318	1973	140911	70	12394	0	200
1511533024.546		285817	214503	18	69313	1983	139069	70	12394	0	200
1511533024.646		282885	211500	22	69332	2031	139176	70	12394	0	200
1511533024.746		286841	214880	21	69937	2003	140134	70	12394	0	200
1511533024.846		289818	216909	21	70772	2116	141906	70	12394	0	200
1511533024.946		289743	216820	21	70839	2063	141937	70	12394	0	200
1511533025.046		288168	215830	21	70255	2062	140875	70	12394	0	200
1511533025.146		289051	216257	22	70704	2068	141695	70	12394	0	200
1511533025.247		285208	212791	23	70144	2250	140429	70	12394	0	200
1511533025.346		286070	214086	25	69852	2107	140063	70	12394	0	200
1511533025.446		285163	212905	21	70151	2086	140491	70	12394	0	200
1511533025.546		286757	214493	22	70322	1920	140348	70	12394	0	200
1511533025.647		289051	216160	25	70777	2089	141400	70	12394	0	200
1511533025.746		290388	217726	21	71078	1563	141685	70	12394	0	200
1511533025.847		289167	216312	20	70714	2121	141590	70	12394	0	200
1511533025.947		287733	215718	22	70438	1555	140563	70	12394	0	200
1511533026.046		289118	217010	20	70064	2024	142982	70	12394	0	200
1511533026.147		287404	215181	24	70143	2056	140469	70	12394	0	200
1511533026.246		288146	215687	23	70393	2043	140998	70	12394	0	200
1511533026.346		287225	215018	19	70159	2029	140336	70	12394	0	200
1511533026.446		288325	215696	23	70533	2073	141264	70	12394	0	200
1511533026.546		286396	214451	22	70346	1577	140141	70	12394	0	200
1511533026.647		289813	216605	27	71007	2174	142262	70	12394	0	200
1511533026.746		286830	214259	31	70370	2170	141215	70	12394	0	200
1511533026.846		287455	215265	22	70067	2101	140586	70	12394	0	200
1511533026.946		285703	213181	22	70377	2123	140731	70	12394	0	200
1511533027.046		285835	214196	23	70075	1541	139738	70	12394	0	200
1511533027.146		287986	215651	19	70296	2020	140945	70	12394	0	200
1511533027.247		287882	215486	19	70313	2064	141034	70	12394	0	200
1511533027.346		289126	216233	22	70827	2044	141974	70	12394	0	200
1511533027.446		288116	215682	21	70376	2037	140983	70	12394	0	200
1511533027.546		288229	216152	21	70468	1588	140739	70	12394	0	200
1511533027.646		285909	213904	23	69993	1989	140089	70	12394	0	200
1511533027.746		289121	217147	21	70375	1578	140569	70	12394	0	200
1511533027.846		286876	214546	20	70251	2059	140439	70	12394	0	200
1511533027.946		288154	215713	21	70346	2074	140934	70	12394	0	200
1511533028.046		289976	216889	23	70928	2136	142048	70	12394	0	200
1511533028.146		289150	216538	21	70541	2050	141345	70	12394	0	200
1511533028.246		288313	216508	25	70145	1635	140535	70	12394	0	200
1511533028.346		288698	216073	21	70544	2060	141271	70	12394	0	200
1511533028.447		288517	215724	20	70707	2066	141498	70	12394	0	200
1511533028.547		285169	213338	20	69755	2056	139740	70	12394	0	200
1511533028.647		286744	214734	24	69927	2059	140282	70	12394	0	200
1511533028.746		284439	212782	22	69575	2060	139414	70	12394	0	200
1511533028.846		288083	215827	22	70524	1710	140925	70	12394	0	200
1511533028.947		288246	215847	20	70300	2079	140886	70	12394	0	200
1511533029.046		287860	215554	21	70249	2036	140934	70	12394	0	200
1511533029.146		285620	212897	22	70670	2031	141255	70	12394	0	200
1511533029.246		285688	213678	23	69910	2077	140142	70	12394	0	200
1511533029.346		287101	214989	21	70085	2006	140415	70	12394	0	200
1511533029.446		285483	213438	24	69966	2055	140235	70	12394	0	200
1511533029.547		287527	215141	21	70260	2105	140609	70	12394	0	200
1511533029.646		289675	216308	19	71175	2173	141970	70	12394	0	200
1511533029.746		289714	217166	20	70812	1716	141552	70	12394	0	200
1511533029.846		288104	215625	24	70438	2017	141047	70	12394	0	200
1511533029.946		289690	216966	22	70645	2057	141626	70	12394	0	200
1511533030.046		286159	214300	23	69894	1942	139937	70	12394	0	200
1511533030.146		284746	213417	22	69308	1999	139024	70	12394	0	200
1511533030.246		286512	214647	22	69865	1978	140057	70	12394	0	200
1511533030.347		284556	213255	27	69306	1968	139125	70	12394	0	200
1511533030.446		284371	212302	23	70045	2001	140251	70	12394	0	200
1511533030.546		288272	215728	24	70512	2008	141119	70	12394	0	200
1511533030.646		289631	216842	31	70832	1926	141891	70	12394	0	200
1511533030.746		288554	216227	21	70363	1943	141012	70	12394	0	200
1511533030.846		284558	212937	21	69579	2021	139226	70	12394	0	200
1511533030.946		286101	214351	22	69749	1979	139559	70	12394	0	200
1511533031.046		286811	214741	28	69965	2077	140208	70	12394	0	200
1511533031.147		287056	215104	21	69860	2071	140118	70	12394	0	200
1511533031.246		288327	215715	32	70630	1950	141213	70	12394	0	200
1511533031.347		288822	216157	21	70702	1942	141310	70	12394	0	200
1511533031.447		287278	215226	21	70010	2021	140246	70	12394	0	200
1511533031.546		289703	216229	34	70929	2511	141941	70	12394	0	200
1511533031.646		286569	214617	21	69920	2011	140121	70	12394	0	200
1511533031.746		285323	213737	25	69587	1974	139521	70	12394	0	200
1511533031.846		288560	216101	25	70445	1989	141071	70	12394	0	200
1511533031.946		285357	213692	21	69612	2032	139435	70	12394	0	200
1511533032.046		288734	216206	21	70547	1960	140983	70	12394	0	200
1511533032.146		288292	215925	20	70390	1957	141009	70	12394	0	200
1511533032.247		290190	217230	20	70802	2138	141945	70	12394	0	200
1511533032.346		288698	216301	23	70461	1913	141079	70	12394	0	200
1511533032.446		286415	214531	23	69896	1965	140075	70	12394	0	200
1511533032.546		288657	216179	23	70473	1982	141116	70	12394	0	200
1511533032.646		285447	213636	22	69878	1911	139673	70	12394	0	200
1511533032.746		284744	213070	18	69685	1971	139555	70	12394	0	200
1511533032.846		288674	215964	23	70680	2007	141566	70	12394	0	200
1511533032.946		286873	214769	16	70555	1533	140781	70	12394	0	200
1511533033.046		289594	216532	21	71091	1950	141901	70	12394	0	200
1511533033.146		288178	215750	22	70482	1924	141144	70	12394	0	200
1511533033.246		286478	214549	23	69914	1992	140096	70	12394	0	200
1511533033.346		284571	212952	20	69637	1962	139323	70	12394	0	200
1511533033.447		286154	214758	23	69902	1471	139474	70	12394	0	200
1511533033.547		286424	214302	22	70394	1706	140241	70	12394	0	200
1511533033.646		286286	214524	22	69730	2010	139950	70	12394	0	200
1511533033.746		287890	215448	19	70402	2021	141085	70	12394	0	200
1511533033.846		289817	217224	21	70833	1739	141518	70	12394	0	200
1511533033.946		288288	216083	22	70176	2007	140812	70	12394	0	200
1511533034.047		288201	215884	22	70276	2019	140881	70	12394	0	200
1511533034.147		289335	217100	23	70138	2074	140901	70	12394	0	200
1511533034.246		285112	213608	22	69454	2028	139220	70	12394	0	200
1511533034.346		286530	214562	22	69982	1964	140186	70	12394	0	200
1511533034.446		286907	214989	23	69907	1988	140124	70	12394	0	200
1511533034.546		286968	215135	21	69813	1999	140100	70	12394	0	200
1511533034.647		284308	212566	16	69702	2024	139896	70	12394	0	200
1511533034.747		288110	215816	19	70312	1963	140827	70	12394	0	200
1511533034.846		284878	213213	23	69749	1893	139474	70	12394	0	200
1511533034.946		286365	214491	20	69933	1921	140096	70	12394	0	200
1511533035.047		287157	215199	21	70037	1900	140565	70	12394	0	200
1511533035.146		287301	214702	30	70502	2067	141157	70	12394	0	200
1511533035.246		286358	214908	21	69423	2006	139570	70	12394	0	200
1511533035.347		283616	211883	34	69706	1993	139948	70	12394	0	200
1511533035.447		285988	214125	24	69923	1916	140022	70	12394	0	200
1511533035.547		286296	214443	21	70329	1503	140040	70	12394	0	200
1511533035.647		284069	212722	23	69376	1948	138977	70	12394	0	200
1511533035.747		285676	214067	15	69610	1984	139743	70	12394	0	200
1511533035.846		288448	215919	23	70465	2041	141114	70	12394	0	200
1511533035.946		287506	215455	22	69987	2042	140537	70	12394	0	200
1511533036.046		289132	216427	17	70688	2000	141650	70	12394	0	200
1511533036.147		288245	215821	22	70426	1976	141034	70	12394	0	200
1511533036.247		287939	215666	20	70315	1938	140827	70	12394	0	200
1511533036.346		287011	214879	21	70094	2017	140500	70	12394	0	200
1511533036.447		284355	212700	22	69591	2042	139427	70	12394	0	200
1511533036.546		285978	214800	23	69217	1938	138893	70	12394	0	200
1511533036.646		283015	211202	22	69807	1984	140015	70	12394	0	200
1511533036.746		284508	213073	22	69396	2017	139234	70	12394	0	200
1511533036.846		285751	213755	22	69980	1994	140193	70	12394	0	200
1511533036.947		288744	216184	36	70565	1959	141082	70	12394	0	200
1511533037.046		288665	216373	20	70282	1990	140766	70	12394	0	200
1511533037.146		285984	213934	23	69992	2035	140254	70	12394	0	200
1511533037.246		283860	212762	20	69564	1514	138918	70	12394	0	200
1511533037.347		287036	214816	23	70227	1970	140359	70	12394	0	200
